                                                                      Page 1
                                                              C:\Users\a5085270\AppData\Local\Temp\gh_00002kk1.si
Command Line: C:\ghs\comp_201715\ease850.exe -w -elf -b0 -I..\..\..\..\..\app\common\dhd -I..\..\..\..\..\app\gfx_apps\d1m1_flashdash_demo\res -I..\..\..\..\..\app\gfx_apps\d1m1_flashdash_demo\src -I..\..\..\..\..\app\gfx_apps\d1m1_flashdash_demo\src\images -I..\..\..\..\..\app\gfx_apps\d1m1_flashdash_demo\target\d1m2_mango_ghs -I..\..\..\..\..\app\gfx_apps\d1m1_flashdash_demo\target\d1m2_mango_ghs\config -I..\..\..\..\..\bsp\board\\config -I..\..\..\..\..\bsp\board\\src\gfx -I..\..\..\..\..\bsp\board\\src\hmi -I..\..\..\..\..\bsp\board\\src\stdio -I..\..\..\..\..\bsp\board\d1mx_mango\config -I..\..\..\..\..\bsp\board\d1mx_mango\src -I..\..\..\..\..\bsp\board\d1mx_mango\src\gfx -I..\..\..\..\..\bsp\board\d1mx_mango\src\hmi -I..\..\..\..\..\bsp\board\d1mx_mango\src\stdio -I..\..\..\..\..\bsp\gfx\lib -I..\..\..\..\..\bsp\gfx\src -I..\..\..\..\..\bsp\hmi\lib -I..\..\..\..\..\bsp\hmi\src -I..\..\..\..\..\bsp\lib -I..\..\..\..\..\bsp\stdio\lib -I..\..\..\..\..\bsp\stdio\src -I..\..\..\..\..\cdi\lib -I..\..\..\..\..\cdi\src -I..\..\..\..\..\compiler\rh850_ghs\inc -I..\..\..\..\..\device\d1mx\lib -I..\..\..\..\..\device\d1mx\macro_cfg -I..\..\..\..\..\device\d1mx\src\dev -I..\..\..\..\..\device\d1mx\src\dhd -I..\..\..\..\..\device\d1mx\src\jcua -I..\..\..\..\..\device\d1mx\src\rh850_ghs -I..\..\..\..\..\device\d1mx\src\vowe -I..\..\..\..\..\device\d1x_common\macro_cfg -I..\..\..\..\..\device\d1x_common\src\csisw -I..\..\..\..\..\device\d1x_common\src\dev -I..\..\..\..\..\device\d1x_common\src\gfxbus -I..\..\..\..\..\device\d1x_common\src\gpio -I..\..\..\..\..\device\d1x_common\src\ostm -I..\..\..\..\..\device\d1x_common\src\pbg -I..\..\..\..\..\device\d1x_common\src\riic -I..\..\..\..\..\device\d1x_common\src\sfma -I..\..\..\..\..\device\d1x_common\src\spea -I..\..\..\..\..\device\d1x_common\src\tauj -I..\..\..\..\..\device\d1x_common\src\tick -I..\..\..\..\..\device\d1x_common\src\vdce -I..\..\..\..\..\device\d1x_common\src\wm -I..\..\..\..\..\device\d1x_common\src\xbus -I..\..\..\..\..\device\lib -I..\..\..\..\..\macro\bus\pbg\lib -I..\..\..\..\..\macro\bus\pbg\src -I..\..\..\..\..\macro\csi\csisw\lib -I..\..\..\..\..\macro\csi\csisw\src -I..\..\..\..\..\macro\drw2d\lib -I..\..\..\..\..\macro\drw2d\platform\davehd -I..\..\..\..\..\macro\drw2d\platform\os\no_os -I..\..\..\..\..\macro\drw2d\src -I..\..\..\..\..\macro\flashc\sfcdb\lib -I..\..\..\..\..\macro\flashc\sfcdb\src -I..\..\..\..\..\macro\flashc\sfma\lib -I..\..\..\..\..\macro\flashc\sfma\src -I..\..\..\..\..\macro\gfxbus\lib -I..\..\..\..\..\macro\gfxbus\src -I..\..\..\..\..\macro\gfxbus\xbus\lib -I..\..\..\..\..\macro\gfxbus\xbus\src -I..\..\..\..\..\macro\gpio\lib -I..\..\..\..\..\macro\gpio\src -I..\..\..\..\..\macro\gpu\davehd\common\inc -I..\..\..\..\..\macro\gpu\davehd\common\inc\platform -I..\..\..\..\..\macro\gpu\davehd\common\inc\platform\d1mx -I..\..\..\..\..\macro\gpu\davehd\kernel\inc -I..\..\..\..\..\macro\gpu\davehd\kernel\platform\d1mx -I..\..\..\..\..\macro\gpu\davehd\kernel\platform\d1mx\bridge -I..\..\..\..\..\macro\gpu\davehd\kernel\platform\ree -I..\..\..\..\..\macro\gpu\davehd\kernel\src -I..\..\..\..\..\macro\gpu\davehd\user\inc -I..\..\..\..\..\macro\gpu\davehd\user\platform\d1mx\no_os -I..\..\..\..\..\macro\gpu\davehd\user\src -I..\..\..\..\..\macro\gpu\jcua\lib -I..\..\..\..\..\macro\gpu\jcua\src -I..\..\..\..\..\macro\i2c\riic\lib -I..\..\..\..\..\macro\i2c\riic\src -I..\..\..\..\..\macro\tick\lib -I..\..\..\..\..\macro\tick\src -I..\..\..\..\..\macro\timer\ostm\lib -I..\..\..\..\..\macro\timer\ostm\src -I..\..\..\..\..\macro\timer\tauj\lib -I..\..\..\..\..\macro\timer\tauj\src -I..\..\..\..\..\macro\vdce\lib -I..\..\..\..\..\macro\vdce\src -I..\..\..\..\..\macro\vo\ddb\lib -I..\..\..\..\..\macro\vo\ddb\src -I..\..\..\..\..\macro\vo\spea\lib -I..\..\..\..\..\macro\vo\spea\src -I..\..\..\..\..\macro\vo\vowe\lib -I..\..\..\..\..\macro\vo\vowe\src -I..\..\..\..\..\macro\wm\lib -I..\..\..\..\..\macro\wm\src -I..\..\..\..\..\middleware\gfxutils\lib -I..\..\..\..\..\middleware\gfxutils\src -I..\..\..\..\..\device\d1mx\macro_cfg\csisw -I..\..\..\..\..\device\d1mx\macro_cfg\davehd -I..\..\..\..\..\device\d1mx\macro_cfg\ddb -I..\..\..\..\..\device\d1mx\macro_cfg\drw2d -I..\..\..\..\..\device\d1mx\macro_cfg\gfxbus -I..\..\..\..\..\device\d1mx\macro_cfg\gpio -I..\..\..\..\..\device\d1mx\macro_cfg\hypb -I..\..\..\..\..\device\d1mx\macro_cfg\hypdb -I..\..\..\..\..\device\d1mx\macro_cfg\jcua -I..\..\..\..\..\device\d1mx\macro_cfg\nfmabare -I..\..\..\..\..\device\d1mx\macro_cfg\octa -I..\..\..\..\..\device\d1mx\macro_cfg\octacdb -I..\..\..\..\..\device\d1mx\macro_cfg\ostm -I..\..\..\..\..\device\d1mx\macro_cfg\pbg -I..\..\..\..\..\device\d1mx\macro_cfg\riic -I..\..\..\..\..\device\d1mx\macro_cfg\sfcdb -I..\..\..\..\..\device\d1mx\macro_cfg\sfma -I..\..\..\..\..\device\d1mx\macro_cfg\spea -I..\..\..\..\..\device\d1mx\macro_cfg\tauj -I..\..\..\..\..\device\d1mx\macro_cfg\tick -I..\..\..\..\..\device\d1mx\macro_cfg\vdce -I..\..\..\..\..\device\d1mx\macro_cfg\vowe -I..\..\..\..\..\device\d1mx\macro_cfg\wm -I..\..\..\..\..\device\d1mx\macro_cfg\xbus -I..\..\..\..\..\device\d1x_common\macro_cfg\csisw -I..\..\..\..\..\device\d1x_common\macro_cfg\davehd -I..\..\..\..\..\device\d1x_common\macro_cfg\ddb -I..\..\..\..\..\device\d1x_common\macro_cfg\drw2d -I..\..\..\..\..\device\d1x_common\macro_cfg\gfxbus -I..\..\..\..\..\device\d1x_common\macro_cfg\gpio -I..\..\..\..\..\device\d1x_common\macro_cfg\hypb -I..\..\..\..\..\device\d1x_common\macro_cfg\hypdb -I..\..\..\..\..\device\d1x_common\macro_cfg\jcua -I..\..\..\..\..\device\d1x_common\macro_cfg\nfmabare -I..\..\..\..\..\device\d1x_common\macro_cfg\octa -I..\..\..\..\..\device\d1x_common\macro_cfg\octacdb -I..\..\..\..\..\device\d1x_common\macro_cfg\ostm -I..\..\..\..\..\device\d1x_common\macro_cfg\pbg -I..\..\..\..\..\device\d1x_common\macro_cfg\riic -I..\..\..\..\..\device\d1x_common\macro_cfg\sfcdb -I..\..\..\..\..\device\d1x_common\macro_cfg\sfma -I..\..\..\..\..\device\d1x_common\macro_cfg\spea -I..\..\..\..\..\device\d1x_common\macro_cfg\tauj -I..\..\..\..\..\device\d1x_common\macro_cfg\tick -I..\..\..\..\..\device\d1x_common\macro_cfg\vdce -I..\..\..\..\..\device\d1x_common\macro_cfg\vowe -I..\..\..\..\..\device\d1x_common\macro_cfg\wm -I..\..\..\..\..\device\d1x_common\macro_cfg\xbus -I..\..\..\..\..\app\gfx_apps\d1m1_flashdash_demo\src\TEXT_MY -IC:\ghs\comp_201715\lib\rh850_22 -cg_underscore -cpu=rh850g3m -no_v850_simd -nomacro -patch_dbo=D:\MY_1_8_D1x_RGL_org\rgl_ghs_D1Mx_obj_V1.8.0\vlib\app\gfx_apps\d1m1_flashdash_demo\target\d1m2_mango_ghs\obj\clr_whl.dbo -source=clr_whl.c -o .\obj\gh_00002kk1.o -list=.\obj\clr_whl.lst C:\Users\a5085270\AppData\Local\Temp\gh_00002kk1.si 
Original File: C:\Users\a5085270\AppData\Local\Temp\gh_00002kk1.si
Source File: clr_whl.c
Directory: D:\MY_1_8_D1x_RGL_org\rgl_ghs_D1Mx_obj_V1.8.0\vlib\app\gfx_apps\d1m1_flashdash_demo\target\d1m2_mango_ghs
Host OS: Windows
EASE: Copyright (C) 1983-2016 Green Hills Software.  All Rights Reserved.
Release: MULTI v800-v2017.1.5-comp-P04
Custom String: TOOLS-28024 unreached assembly routines deleted by linker
Build Directory: [Directory] BTOWINBOX:c:/build_2017_1_bto/2017-10-04.2100-2017_1_bto/win32-comp-ecom
Revision: [VCInfo] http://toolsvc/branches/release-branch-2017-1-bto/src@603992 (built by build)
Revision Date: Thu Oct 05 10:11:26 2017

Release Date: Tue Oct 10 02:48:58 2017

                           1 --Driver Command: ccv850 -c -MD -I..\..\..\..\..\app\common\dhd
                           2 --		-I..\..\..\..\..\app\gfx_apps\d1m1_flashdash_demo\res
                           3 --		-I..\..\..\..\..\app\gfx_apps\d1m1_flashdash_demo\src
                           4 --		-I..\..\..\..\..\app\gfx_apps\d1m1_flashdash_demo\src\images
                           5 --		-I..\..\..\..\..\app\gfx_apps\d1m1_flashdash_demo\target\d1m2_mango_ghs
                           6 --		-I..\..\..\..\..\app\gfx_apps\d1m1_flashdash_demo\target\d1m2_mango_ghs\config
                           7 --		-I..\..\..\..\..\bsp\board\\config
                           8 --		-I..\..\..\..\..\bsp\board\\src\gfx
                           9 --		-I..\..\..\..\..\bsp\board\\src\hmi
                          10 --		-I..\..\..\..\..\bsp\board\\src\stdio
                          11 --		-I..\..\..\..\..\bsp\board\d1mx_mango\config
                          12 --		-I..\..\..\..\..\bsp\board\d1mx_mango\src
                          13 --		-I..\..\..\..\..\bsp\board\d1mx_mango\src\gfx
                          14 --		-I..\..\..\..\..\bsp\board\d1mx_mango\src\hmi
                          15 --		-I..\..\..\..\..\bsp\board\d1mx_mango\src\stdio
                          16 --		-I..\..\..\..\..\bsp\gfx\lib -I..\..\..\..\..\bsp\gfx\src
                          17 --		-I..\..\..\..\..\bsp\hmi\lib -I..\..\..\..\..\bsp\hmi\src
                          18 --		-I..\..\..\..\..\bsp\lib -I..\..\..\..\..\bsp\stdio\lib
                          19 --		-I..\..\..\..\..\bsp\stdio\src -I..\..\..\..\..\cdi\lib
                          20 --		-I..\..\..\..\..\cdi\src -I..\..\..\..\..\compiler\rh850_ghs\inc
                          21 --		-I..\..\..\..\..\device\d1mx\lib
                          22 --		-I..\..\..\..\..\device\d1mx\macro_cfg
                          23 --		-I..\..\..\..\..\device\d1mx\src\dev
                          24 --		-I..\..\..\..\..\device\d1mx\src\dhd
                          25 --		-I..\..\..\..\..\device\d1mx\src\jcua
                          26 --		-I..\..\..\..\..\device\d1mx\src\rh850_ghs
                          27 --		-I..\..\..\..\..\device\d1mx\src\vowe
                          28 --		-I..\..\..\..\..\device\d1x_common\macro_cfg
                          29 --		-I..\..\..\..\..\device\d1x_common\src\csisw
                          30 --		-I..\..\..\..\..\device\d1x_common\src\dev
                          31 --		-I..\..\..\..\..\device\d1x_common\src\gfxbus
                          32 --		-I..\..\..\..\..\device\d1x_common\src\gpio
                          33 --		-I..\..\..\..\..\device\d1x_common\src\ostm
                          34 --		-I..\..\..\..\..\device\d1x_common\src\pbg
                          35 --		-I..\..\..\..\..\device\d1x_common\src\riic
                          36 --		-I..\..\..\..\..\device\d1x_common\src\sfma
                          37 --		-I..\..\..\..\..\device\d1x_common\src\spea
                          38 --		-I..\..\..\..\..\device\d1x_common\src\tauj
                          39 --		-I..\..\..\..\..\device\d1x_common\src\tick
                          40 --		-I..\..\..\..\..\device\d1x_common\src\vdce
                          41 --		-I..\..\..\..\..\device\d1x_common\src\wm
                          42 --		-I..\..\..\..\..\device\d1x_common\src\xbus
                          43 --		-I..\..\..\..\..\device\lib -I..\..\..\..\..\macro\bus\pbg\lib
                          44 --		-I..\..\..\..\..\macro\bus\pbg\src
                          45 --		-I..\..\..\..\..\macro\csi\csisw\lib
                          46 --		-I..\..\..\..\..\macro\csi\csisw\src
                          47 --		-I..\..\..\..\..\macro\drw2d\lib
                          48 --		-I..\..\..\..\..\macro\drw2d\platform\davehd
                          49 --		-I..\..\..\..\..\macro\drw2d\platform\os\no_os

                                                                      Page 2
                                                              C:\Users\a5085270\AppData\Local\Temp\gh_00002kk1.si
                          50 --		-I..\..\..\..\..\macro\drw2d\src
                          51 --		-I..\..\..\..\..\macro\flashc\sfcdb\lib
                          52 --		-I..\..\..\..\..\macro\flashc\sfcdb\src
                          53 --		-I..\..\..\..\..\macro\flashc\sfma\lib
                          54 --		-I..\..\..\..\..\macro\flashc\sfma\src
                          55 --		-I..\..\..\..\..\macro\gfxbus\lib
                          56 --		-I..\..\..\..\..\macro\gfxbus\src
                          57 --		-I..\..\..\..\..\macro\gfxbus\xbus\lib
                          58 --		-I..\..\..\..\..\macro\gfxbus\xbus\src
                          59 --		-I..\..\..\..\..\macro\gpio\lib -I..\..\..\..\..\macro\gpio\src
                          60 --		-I..\..\..\..\..\macro\gpu\davehd\common\inc
                          61 --		-I..\..\..\..\..\macro\gpu\davehd\common\inc\platform
                          62 --		-I..\..\..\..\..\macro\gpu\davehd\common\inc\platform\d1mx
                          63 --		-I..\..\..\..\..\macro\gpu\davehd\kernel\inc
                          64 --		-I..\..\..\..\..\macro\gpu\davehd\kernel\platform\d1mx
                          65 --		-I..\..\..\..\..\macro\gpu\davehd\kernel\platform\d1mx\bridge
                          66 --		-I..\..\..\..\..\macro\gpu\davehd\kernel\platform\ree
                          67 --		-I..\..\..\..\..\macro\gpu\davehd\kernel\src
                          68 --		-I..\..\..\..\..\macro\gpu\davehd\user\inc
                          69 --		-I..\..\..\..\..\macro\gpu\davehd\user\platform\d1mx\no_os
                          70 --		-I..\..\..\..\..\macro\gpu\davehd\user\src
                          71 --		-I..\..\..\..\..\macro\gpu\jcua\lib
                          72 --		-I..\..\..\..\..\macro\gpu\jcua\src
                          73 --		-I..\..\..\..\..\macro\i2c\riic\lib
                          74 --		-I..\..\..\..\..\macro\i2c\riic\src
                          75 --		-I..\..\..\..\..\macro\tick\lib -I..\..\..\..\..\macro\tick\src
                          76 --		-I..\..\..\..\..\macro\timer\ostm\lib
                          77 --		-I..\..\..\..\..\macro\timer\ostm\src
                          78 --		-I..\..\..\..\..\macro\timer\tauj\lib
                          79 --		-I..\..\..\..\..\macro\timer\tauj\src
                          80 --		-I..\..\..\..\..\macro\vdce\lib -I..\..\..\..\..\macro\vdce\src
                          81 --		-I..\..\..\..\..\macro\vo\ddb\lib
                          82 --		-I..\..\..\..\..\macro\vo\ddb\src
                          83 --		-I..\..\..\..\..\macro\vo\spea\lib
                          84 --		-I..\..\..\..\..\macro\vo\spea\src
                          85 --		-I..\..\..\..\..\macro\vo\vowe\lib
                          86 --		-I..\..\..\..\..\macro\vo\vowe\src -I..\..\..\..\..\macro\wm\lib
                          87 --		-I..\..\..\..\..\macro\wm\src
                          88 --		-I..\..\..\..\..\middleware\gfxutils\lib
                          89 --		-I..\..\..\..\..\middleware\gfxutils\src
                          90 --		-I..\..\..\..\..\device\d1mx\macro_cfg\csisw
                          91 --		-I..\..\..\..\..\device\d1mx\macro_cfg\davehd
                          92 --		-I..\..\..\..\..\device\d1mx\macro_cfg\ddb
                          93 --		-I..\..\..\..\..\device\d1mx\macro_cfg\drw2d
                          94 --		-I..\..\..\..\..\device\d1mx\macro_cfg\gfxbus
                          95 --		-I..\..\..\..\..\device\d1mx\macro_cfg\gpio
                          96 --		-I..\..\..\..\..\device\d1mx\macro_cfg\hypb
                          97 --		-I..\..\..\..\..\device\d1mx\macro_cfg\hypdb
                          98 --		-I..\..\..\..\..\device\d1mx\macro_cfg\jcua
                          99 --		-I..\..\..\..\..\device\d1mx\macro_cfg\nfmabare
                         100 --		-I..\..\..\..\..\device\d1mx\macro_cfg\octa
                         101 --		-I..\..\..\..\..\device\d1mx\macro_cfg\octacdb
                         102 --		-I..\..\..\..\..\device\d1mx\macro_cfg\ostm
                         103 --		-I..\..\..\..\..\device\d1mx\macro_cfg\pbg
                         104 --		-I..\..\..\..\..\device\d1mx\macro_cfg\riic
                         105 --		-I..\..\..\..\..\device\d1mx\macro_cfg\sfcdb
                         106 --		-I..\..\..\..\..\device\d1mx\macro_cfg\sfma
                         107 --		-I..\..\..\..\..\device\d1mx\macro_cfg\spea
                         108 --		-I..\..\..\..\..\device\d1mx\macro_cfg\tauj
                         109 --		-I..\..\..\..\..\device\d1mx\macro_cfg\tick
                         110 --		-I..\..\..\..\..\device\d1mx\macro_cfg\vdce

                                                                      Page 3
                                                              C:\Users\a5085270\AppData\Local\Temp\gh_00002kk1.si
                         111 --		-I..\..\..\..\..\device\d1mx\macro_cfg\vowe
                         112 --		-I..\..\..\..\..\device\d1mx\macro_cfg\wm
                         113 --		-I..\..\..\..\..\device\d1mx\macro_cfg\xbus
                         114 --		-I..\..\..\..\..\device\d1x_common\macro_cfg\csisw
                         115 --		-I..\..\..\..\..\device\d1x_common\macro_cfg\davehd
                         116 --		-I..\..\..\..\..\device\d1x_common\macro_cfg\ddb
                         117 --		-I..\..\..\..\..\device\d1x_common\macro_cfg\drw2d
                         118 --		-I..\..\..\..\..\device\d1x_common\macro_cfg\gfxbus
                         119 --		-I..\..\..\..\..\device\d1x_common\macro_cfg\gpio
                         120 --		-I..\..\..\..\..\device\d1x_common\macro_cfg\hypb
                         121 --		-I..\..\..\..\..\device\d1x_common\macro_cfg\hypdb
                         122 --		-I..\..\..\..\..\device\d1x_common\macro_cfg\jcua
                         123 --		-I..\..\..\..\..\device\d1x_common\macro_cfg\nfmabare
                         124 --		-I..\..\..\..\..\device\d1x_common\macro_cfg\octa
                         125 --		-I..\..\..\..\..\device\d1x_common\macro_cfg\octacdb
                         126 --		-I..\..\..\..\..\device\d1x_common\macro_cfg\ostm
                         127 --		-I..\..\..\..\..\device\d1x_common\macro_cfg\pbg
                         128 --		-I..\..\..\..\..\device\d1x_common\macro_cfg\riic
                         129 --		-I..\..\..\..\..\device\d1x_common\macro_cfg\sfcdb
                         130 --		-I..\..\..\..\..\device\d1x_common\macro_cfg\sfma
                         131 --		-I..\..\..\..\..\device\d1x_common\macro_cfg\spea
                         132 --		-I..\..\..\..\..\device\d1x_common\macro_cfg\tauj
                         133 --		-I..\..\..\..\..\device\d1x_common\macro_cfg\tick
                         134 --		-I..\..\..\..\..\device\d1x_common\macro_cfg\vdce
                         135 --		-I..\..\..\..\..\device\d1x_common\macro_cfg\vowe
                         136 --		-I..\..\..\..\..\device\d1x_common\macro_cfg\wm
                         137 --		-I..\..\..\..\..\device\d1x_common\macro_cfg\xbus
                         138 --		-I..\..\..\..\..\app\gfx_apps\d1m1_flashdash_demo\src\TEXT_MY
                         139 --		--no_commons --no_implicit_include --prototype_errors
                         140 --		-DBSP_INIT_QOS_SDRAM_ORG -DBSP_INIT_SFMA_ORG -DRENESAS_D1X
                         141 --		-DR_DRW2D_OS_NO_OS -DR_DRW2D_SYS_DHD -DUSED_CPU=RH850G3M
                         142 --		-DUSE_BSP_GFX -DUSE_BSP_HMI_ORG -DUSE_BSP_STDIO -DUSE_CDI
                         143 --		-DUSE_CSISW -DUSE_DAVEHD -DUSE_DDB -DUSE_DRW2D -DUSE_GFXBUS
                         144 --		-DUSE_GFXUTILS -DUSE_GPIO -DUSE_JCUA -DUSE_OSTM -DUSE_PBG
                         145 --		-DUSE_RIIC -DUSE_SFCDB -DUSE_SFMA_ORG -DUSE_SPEA -DUSE_TAUJ
                         146 --		-DUSE_TICK -DUSE_VDCE -DUSE_VOWE -DUSE_WM -DUSE_XBUS -G -MD
                         147 --		-Odebug -Zuse1bit -allocate_ep -cpu=rh850g3m -large_sda -list
                         148 --		-no_callt -notda -passsource -preprocess_assembly_files
                         149 --		-registermode=22 -reserve_r2 --diag_warning 1 -object_dir=.\obj
                         150 --		-DBSP_INIT_QOS_VRAM -filetype.c
                         151 --		..\..\..\..\gfx_apps\d1m1_flashdash_demo\src\clr_whl.c -o
                         152 --		.\obj\clr_whl.o
                         153 --Source File:   ..\..\..\..\gfx_apps\d1m1_flashdash_demo\src\clr_whl.c
                         154 --Directory:     
                         155 --		D:\MY_1_8_D1x_RGL_org\rgl_ghs_D1Mx_obj_V1.8.0\vlib\app\gfx_apps\d1m1_flashdash_demo\target\d1m2_mango_ghs
                         156 --Compile Date:  Mon Sep 10 10:45:14 2018
                         157 --Host OS:       Win32
                         158 --Version:       C-RH850 2017.1.5 RELEASE VERSION
                         159 --Release:       Compiler v2017.1.5
                         160 --Revision Date: Tue Apr 11 09:29:40 2017
                         161 --Release Date:  Tue Apr 11 11:12:26 2017
                         162 -- ecom  -g -w
                         163 
                         164 	.section ".rodata","a"
                         165 	.align	128
                         166 	.global	_my_clr_whl
00000000 00              167 _my_clr_whl:	.space	1
00000001 3cff            168 	.byte	60,255
00000003 ff              169 	.byte	255
00000004 00              170 	.space	1
00000005 3cff            171 	.byte	60,255

                                                                      Page 4
                                                              C:\Users\a5085270\AppData\Local\Temp\gh_00002kk1.si
00000007 ff              172 	.byte	255
00000008 00              173 	.space	1
00000009 3bff            174 	.byte	59,255
0000000b ff              175 	.byte	255
0000000c 00              176 	.space	1
0000000d 3bff            177 	.byte	59,255
0000000f ff              178 	.byte	255
00000010 00              179 	.space	1
00000011 3cff            180 	.byte	60,255
00000013 ff              181 	.byte	255
00000014 00              182 	.space	1
00000015 3cff            183 	.byte	60,255
00000017 ff              184 	.byte	255
00000018 00              185 	.space	1
00000019 3bff            186 	.byte	59,255
0000001b ff              187 	.byte	255
0000001c 00              188 	.space	1
0000001d 3bff            189 	.byte	59,255
0000001f ff              190 	.byte	255
00000020 00              191 	.space	1
00000021 3cff            192 	.byte	60,255
00000023 ff              193 	.byte	255
00000024 00              194 	.space	1
00000025 3cff            195 	.byte	60,255
00000027 ff              196 	.byte	255
00000028 00              197 	.space	1
00000029 3cff            198 	.byte	60,255
0000002b ff              199 	.byte	255
0000002c 00              200 	.space	1
0000002d 3cff            201 	.byte	60,255
0000002f ff              202 	.byte	255
00000030 00              203 	.space	1
00000031 3cff            204 	.byte	60,255
00000033 ff              205 	.byte	255
00000034 00              206 	.space	1
00000035 3cff            207 	.byte	60,255
00000037 ff              208 	.byte	255
00000038 00              209 	.space	1
00000039 3cff            210 	.byte	60,255
0000003b ff              211 	.byte	255
0000003c 00              212 	.space	1
0000003d 3cff            213 	.byte	60,255
0000003f ff              214 	.byte	255
00000040 00              215 	.space	1
00000041 3cff            216 	.byte	60,255
00000043 ff              217 	.byte	255
00000044 00              218 	.space	1
00000045 3cff            219 	.byte	60,255
00000047 ff              220 	.byte	255
00000048 00              221 	.space	1
00000049 3bff            222 	.byte	59,255
0000004b ff              223 	.byte	255
0000004c 00              224 	.space	1
0000004d 3bff            225 	.byte	59,255
0000004f ff              226 	.byte	255
00000050 00              227 	.space	1
00000051 3cff            228 	.byte	60,255
00000053 ff              229 	.byte	255
00000054 00              230 	.space	1
00000055 3cff            231 	.byte	60,255
00000057 ff              232 	.byte	255

                                                                      Page 5
                                                              C:\Users\a5085270\AppData\Local\Temp\gh_00002kk1.si
00000058 00              233 	.space	1
00000059 3bff            234 	.byte	59,255
0000005b ff              235 	.byte	255
0000005c 00              236 	.space	1
0000005d 3bff            237 	.byte	59,255
0000005f ff              238 	.byte	255
00000060 00              239 	.space	1
00000061 3cff            240 	.byte	60,255
00000063 ff              241 	.byte	255
00000064 00              242 	.space	1
00000065 3cff            243 	.byte	60,255
00000067 ff              244 	.byte	255
00000068 00              245 	.space	1
00000069 3cff            246 	.byte	60,255
0000006b ff              247 	.byte	255
0000006c 00              248 	.space	1
0000006d 3cff            249 	.byte	60,255
0000006f ff              250 	.byte	255
00000070 00              251 	.space	1
00000071 3cff            252 	.byte	60,255
00000073 ff              253 	.byte	255
00000074 00              254 	.space	1
00000075 3cff            255 	.byte	60,255
00000077 ff              256 	.byte	255
00000078 00              257 	.space	1
00000079 3cff            258 	.byte	60,255
0000007b ff              259 	.byte	255
0000007c 00              260 	.space	1
0000007d 3cff            261 	.byte	60,255
0000007f ff              262 	.byte	255
00000080 00              263 	.space	1
00000081 3cff            264 	.byte	60,255
00000083 ff              265 	.byte	255
00000084 00              266 	.space	1
00000085 3cff            267 	.byte	60,255
00000087 ff              268 	.byte	255
00000088 00              269 	.space	1
00000089 3bff            270 	.byte	59,255
0000008b ff              271 	.byte	255
0000008c 00              272 	.space	1
0000008d 3bff            273 	.byte	59,255
0000008f ff              274 	.byte	255
00000090 00              275 	.space	1
00000091 3cff            276 	.byte	60,255
00000093 ff              277 	.byte	255
00000094 00              278 	.space	1
00000095 3cff            279 	.byte	60,255
00000097 ff              280 	.byte	255
00000098 00              281 	.space	1
00000099 3bff            282 	.byte	59,255
0000009b ff              283 	.byte	255
0000009c 00              284 	.space	1
0000009d 3bff            285 	.byte	59,255
0000009f ff              286 	.byte	255
000000a0 00              287 	.space	1
000000a1 3cff            288 	.byte	60,255
000000a3 ff              289 	.byte	255
000000a4 00              290 	.space	1
000000a5 3cff            291 	.byte	60,255
000000a7 ff              292 	.byte	255
000000a8 00              293 	.space	1

                                                                      Page 6
                                                              C:\Users\a5085270\AppData\Local\Temp\gh_00002kk1.si
000000a9 3cff            294 	.byte	60,255
000000ab ff              295 	.byte	255
000000ac 00              296 	.space	1
000000ad 3cff            297 	.byte	60,255
000000af ff              298 	.byte	255
000000b0 00              299 	.space	1
000000b1 3cff            300 	.byte	60,255
000000b3 ff              301 	.byte	255
000000b4 00              302 	.space	1
000000b5 3cff            303 	.byte	60,255
000000b7 ff              304 	.byte	255
000000b8 00              305 	.space	1
000000b9 3cff            306 	.byte	60,255
000000bb ff              307 	.byte	255
000000bc 00              308 	.space	1
000000bd 3cff            309 	.byte	60,255
000000bf ff              310 	.byte	255
000000c0 00              311 	.space	1
000000c1 3cff            312 	.byte	60,255
000000c3 ff              313 	.byte	255
000000c4 00              314 	.space	1
000000c5 3cff            315 	.byte	60,255
000000c7 ff              316 	.byte	255
000000c8 00              317 	.space	1
000000c9 3bff            318 	.byte	59,255
000000cb ff              319 	.byte	255
000000cc 00              320 	.space	1
000000cd 3bff            321 	.byte	59,255
000000cf ff              322 	.byte	255
000000d0 00              323 	.space	1
000000d1 3cff            324 	.byte	60,255
000000d3 ff              325 	.byte	255
000000d4 00              326 	.space	1
000000d5 3cff            327 	.byte	60,255
000000d7 ff              328 	.byte	255
000000d8 00              329 	.space	1
000000d9 3bff            330 	.byte	59,255
000000db ff              331 	.byte	255
000000dc 00              332 	.space	1
000000dd 3cff            333 	.byte	60,255
000000df ff              334 	.byte	255
000000e0 00              335 	.space	1
000000e1 3cff            336 	.byte	60,255
000000e3 ff              337 	.byte	255
000000e4 00              338 	.space	1
000000e5 3cff            339 	.byte	60,255
000000e7 ff              340 	.byte	255
000000e8 00              341 	.space	1
000000e9 3cff            342 	.byte	60,255
000000eb ff              343 	.byte	255
000000ec 00              344 	.space	1
000000ed 3cff            345 	.byte	60,255
000000ef ff              346 	.byte	255
000000f0 00              347 	.space	1
000000f1 3bff            348 	.byte	59,255
000000f3 ff              349 	.byte	255
000000f4 00              350 	.space	1
000000f5 3cff            351 	.byte	60,255
000000f7 ff              352 	.byte	255
000000f8 00              353 	.space	1
000000f9 3bff            354 	.byte	59,255

                                                                      Page 7
                                                              C:\Users\a5085270\AppData\Local\Temp\gh_00002kk1.si
000000fb ff              355 	.byte	255
000000fc 00              356 	.space	1
000000fd 3cff            357 	.byte	60,255
000000ff ff              358 	.byte	255
00000100 00              359 	.space	1
00000101 3cff            360 	.byte	60,255
00000103 ff              361 	.byte	255
00000104 00              362 	.space	1
00000105 3cff            363 	.byte	60,255
00000107 ff              364 	.byte	255
00000108 00              365 	.space	1
00000109 3cff            366 	.byte	60,255
0000010b ff              367 	.byte	255
0000010c 00              368 	.space	1
0000010d 3cff            369 	.byte	60,255
0000010f ff              370 	.byte	255
00000110 00              371 	.space	1
00000111 3cff            372 	.byte	60,255
00000113 ff              373 	.byte	255
00000114 00              374 	.space	1
00000115 3cff            375 	.byte	60,255
00000117 ff              376 	.byte	255
00000118 00              377 	.space	1
00000119 3cff            378 	.byte	60,255
0000011b ff              379 	.byte	255
0000011c 00              380 	.space	1
0000011d 3cff            381 	.byte	60,255
0000011f ff              382 	.byte	255
00000120 00              383 	.space	1
00000121 3cff            384 	.byte	60,255
00000123 ff              385 	.byte	255
00000124 00              386 	.space	1
00000125 3cff            387 	.byte	60,255
00000127 ff              388 	.byte	255
00000128 00              389 	.space	1
00000129 3bff            390 	.byte	59,255
0000012b ff              391 	.byte	255
0000012c 00              392 	.space	1
0000012d 3bff            393 	.byte	59,255
0000012f ff              394 	.byte	255
00000130 00              395 	.space	1
00000131 3cff            396 	.byte	60,255
00000133 ff              397 	.byte	255
00000134 00              398 	.space	1
00000135 3cff            399 	.byte	60,255
00000137 ff              400 	.byte	255
00000138 00              401 	.space	1
00000139 3bff            402 	.byte	59,255
0000013b ff              403 	.byte	255
0000013c 00              404 	.space	1
0000013d 3bff            405 	.byte	59,255
0000013f ff              406 	.byte	255
00000140 00              407 	.space	1
00000141 3cff            408 	.byte	60,255
00000143 ff              409 	.byte	255
00000144 00              410 	.space	1
00000145 3cff            411 	.byte	60,255
00000147 ff              412 	.byte	255
00000148 00              413 	.space	1
00000149 3cff            414 	.byte	60,255
0000014b ff              415 	.byte	255

                                                                      Page 8
                                                              C:\Users\a5085270\AppData\Local\Temp\gh_00002kk1.si
0000014c 00              416 	.space	1
0000014d 3cff            417 	.byte	60,255
0000014f ff              418 	.byte	255
00000150 00              419 	.space	1
00000151 3cff            420 	.byte	60,255
00000153 ff              421 	.byte	255
00000154 00              422 	.space	1
00000155 3cff            423 	.byte	60,255
00000157 ff              424 	.byte	255
00000158 00              425 	.space	1
00000159 3cff            426 	.byte	60,255
0000015b ff              427 	.byte	255
0000015c 00              428 	.space	1
0000015d 3cff            429 	.byte	60,255
0000015f ff              430 	.byte	255
00000160 00              431 	.space	1
00000161 3cff            432 	.byte	60,255
00000163 ff              433 	.byte	255
00000164 00              434 	.space	1
00000165 3cff            435 	.byte	60,255
00000167 ff              436 	.byte	255
00000168 00              437 	.space	1
00000169 3bff            438 	.byte	59,255
0000016b ff              439 	.byte	255
0000016c 00              440 	.space	1
0000016d 3bff            441 	.byte	59,255
0000016f ff              442 	.byte	255
00000170 00              443 	.space	1
00000171 3cff            444 	.byte	60,255
00000173 ff              445 	.byte	255
00000174 00              446 	.space	1
00000175 3bff            447 	.byte	59,255
00000177 ff              448 	.byte	255
00000178 00              449 	.space	1
00000179 3cfe            450 	.byte	60,254
0000017b ff              451 	.byte	255
0000017c 00              452 	.space	1
0000017d 46fd            453 	.byte	70,253
0000017f ff              454 	.byte	255
00000180 00              455 	.space	1
00000181 3cff            456 	.byte	60,255
00000183 ff              457 	.byte	255
00000184 00              458 	.space	1
00000185 3cff            459 	.byte	60,255
00000187 ff              460 	.byte	255
00000188 00              461 	.space	1
00000189 3cff            462 	.byte	60,255
0000018b ff              463 	.byte	255
0000018c 00              464 	.space	1
0000018d 3cff            465 	.byte	60,255
0000018f ff              466 	.byte	255
00000190 00              467 	.space	1
00000191 3cff            468 	.byte	60,255
00000193 ff              469 	.byte	255
00000194 00              470 	.space	1
00000195 3cff            471 	.byte	60,255
00000197 ff              472 	.byte	255
00000198 00              473 	.space	1
00000199 3cff            474 	.byte	60,255
0000019b ff              475 	.byte	255
0000019c 00              476 	.space	1

                                                                      Page 9
                                                              C:\Users\a5085270\AppData\Local\Temp\gh_00002kk1.si
0000019d 3cff            477 	.byte	60,255
0000019f ff              478 	.byte	255
000001a0 00              479 	.space	1
000001a1 3bff            480 	.byte	59,255
000001a3 ff              481 	.byte	255
000001a4 00              482 	.space	1
000001a5 3cff            483 	.byte	60,255
000001a7 ff              484 	.byte	255
000001a8 00              485 	.space	1
000001a9 4afc            486 	.byte	74,252
000001ab ff              487 	.byte	255
000001ac 00              488 	.space	1
000001ad 3dff            489 	.byte	61,255
000001af ff              490 	.byte	255
000001b0 00              491 	.space	1
000001b1 3cff            492 	.byte	60,255
000001b3 ff              493 	.byte	255
000001b4 00              494 	.space	1
000001b5 3cff            495 	.byte	60,255
000001b7 ff              496 	.byte	255
000001b8 00              497 	.space	1
000001b9 3cfe            498 	.byte	60,254
000001bb ff              499 	.byte	255
000001bc 00              500 	.space	1
000001bd 3bff            501 	.byte	59,255
000001bf ff              502 	.byte	255
000001c0 00              503 	.space	1
000001c1 3cff            504 	.byte	60,255
000001c3 ff              505 	.byte	255
000001c4 00              506 	.space	1
000001c5 3cff            507 	.byte	60,255
000001c7 ff              508 	.byte	255
000001c8 00              509 	.space	1
000001c9 3cff            510 	.byte	60,255
000001cb ff              511 	.byte	255
000001cc 00              512 	.space	1
000001cd 3cff            513 	.byte	60,255
000001cf ff              514 	.byte	255
000001d0 00              515 	.space	1
000001d1 3bff            516 	.byte	59,255
000001d3 ff              517 	.byte	255
000001d4 00              518 	.space	1
000001d5 3cff            519 	.byte	60,255
000001d7 ff              520 	.byte	255
000001d8 00              521 	.space	1
000001d9 3bff            522 	.byte	59,255
000001db ff              523 	.byte	255
000001dc 00              524 	.space	1
000001dd 3cff            525 	.byte	60,255
000001df ff              526 	.byte	255
000001e0 00              527 	.space	1
000001e1 3cff            528 	.byte	60,255
000001e3 ff              529 	.byte	255
000001e4 00              530 	.space	1
000001e5 3cff            531 	.byte	60,255
000001e7 ff              532 	.byte	255
000001e8 00              533 	.space	1
000001e9 3bff            534 	.byte	59,255
000001eb ff              535 	.byte	255
000001ec 00              536 	.space	1
000001ed 3bff            537 	.byte	59,255

                                                                      Page 10
                                                              C:\Users\a5085270\AppData\Local\Temp\gh_00002kk1.si
000001ef ff              538 	.byte	255
000001f0 00              539 	.space	1
000001f1 3bff            540 	.byte	59,255
000001f3 ff              541 	.byte	255
000001f4 00              542 	.space	1
000001f5 3cff            543 	.byte	60,255
000001f7 ff              544 	.byte	255
000001f8 00              545 	.space	1
000001f9 3bff            546 	.byte	59,255
000001fb ff              547 	.byte	255
000001fc 00              548 	.space	1
000001fd 3cff            549 	.byte	60,255
000001ff ff              550 	.byte	255
00000200 00              551 	.space	1
00000201 3bff            552 	.byte	59,255
00000203 ff              553 	.byte	255
00000204 00              554 	.space	1
00000205 3bff            555 	.byte	59,255
00000207 ff              556 	.byte	255
00000208 00              557 	.space	1
00000209 49ff            558 	.byte	73,255
0000020b ff              559 	.byte	255
0000020c 00              560 	.space	1
0000020d 52ff            561 	.byte	82,255
0000020f ff              562 	.byte	255
00000210 00              563 	.space	1
00000211 3dff            564 	.byte	61,255
00000213 ff              565 	.byte	255
00000214 00              566 	.space	1
00000215 41ff            567 	.byte	65,255
00000217 ff              568 	.byte	255
00000218 00              569 	.space	1
00000219 5eff            570 	.byte	94,255
0000021b ff              571 	.byte	255
0000021c 00              572 	.space	1
0000021d 6fff            573 	.byte	111,255
0000021f ff              574 	.byte	255
00000220 00              575 	.space	1
00000221 6bff            576 	.byte	107,255
00000223 ff              577 	.byte	255
00000224 00              578 	.space	1
00000225 79ff            579 	.byte	121,255
00000227 ff              580 	.byte	255
00000228 00              581 	.space	1
00000229 8aff            582 	.byte	138,255
0000022b ff              583 	.byte	255
0000022c 00              584 	.space	1
0000022d 9aff            585 	.byte	154,255
0000022f ff              586 	.byte	255
00000230 00              587 	.space	1
00000231 8aff            588 	.byte	138,255
00000233 ff              589 	.byte	255
00000234 00              590 	.space	1
00000235 9fff            591 	.byte	159,255
00000237 ff              592 	.byte	255
00000238 00              593 	.space	1
00000239 acfe            594 	.byte	172,254
0000023b ff              595 	.byte	255
0000023c 00              596 	.space	1
0000023d c3ff            597 	.byte	195,255
0000023f ff              598 	.byte	255

                                                                      Page 11
                                                              C:\Users\a5085270\AppData\Local\Temp\gh_00002kk1.si
00000240 00              599 	.space	1
00000241 49ff            600 	.byte	73,255
00000243 ff              601 	.byte	255
00000244 00              602 	.space	1
00000245 5bfe            603 	.byte	91,254
00000247 ff              604 	.byte	255
00000248 00              605 	.space	1
00000249 87fe            606 	.byte	135,254
0000024b ff              607 	.byte	255
0000024c 00              608 	.space	1
0000024d abff            609 	.byte	171,255
0000024f ff              610 	.byte	255
00000250 00              611 	.space	1
00000251 83ffff05        612 	.byte	131,255,255,5
00000255 bfd5ff01        613 	.byte	191,213,255,1
00000259 d8f3ff0e        614 	.byte	216,243,255,14
0000025d cc8d            615 	.byte	204,141
0000025f ff              616 	.byte	255
00000260 00              617 	.space	1
00000261 bbff            618 	.byte	187,255
00000263 ff              619 	.byte	255
00000264 00              620 	.space	1
00000265 dcfa            621 	.byte	220,250
00000267 ff              622 	.byte	255
00000268 00              623 	.space	1
00000269 ddfcff03        624 	.byte	221,252,255,3
0000026d e1dcff07        625 	.byte	225,220,255,7
00000271 dbc6ff13        626 	.byte	219,198,255,19
00000275 c167ff0b        627 	.byte	193,103,255,11
00000279 d1a1ff17        628 	.byte	209,161,255,23
0000027d bc53ff09        629 	.byte	188,83,255,9
00000281 c4b7            630 	.byte	196,183
00000283 ff              631 	.byte	255
00000284 00              632 	.space	1
00000285 95ffff13        633 	.byte	149,255,255,19
00000289 c36aff03        634 	.byte	195,106,255,3
0000028d dde4            635 	.byte	221,228
0000028f ff              636 	.byte	255
00000290 00              637 	.space	1
00000291 64ff            638 	.byte	100,255
00000293 ff              639 	.byte	255
00000294 00              640 	.space	1
00000295 4eff            641 	.byte	78,255
00000297 ff              642 	.byte	255
00000298 00              643 	.space	1
00000299 b8fe            644 	.byte	184,254
0000029b ff              645 	.byte	255
0000029c 00              646 	.space	1
0000029d 91feff17        647 	.byte	145,254,255,23
000002a1 ba4eff0a        648 	.byte	186,78,255,10
000002a5 d5b1ff19        649 	.byte	213,177,255,25
000002a9 b73fff0e        650 	.byte	183,63,255,14
000002ad cc8eff01        651 	.byte	204,142,255,1
000002b1 e1f2            652 	.byte	225,242
000002b3 ff              653 	.byte	255
000002b4 00              654 	.space	1
000002b5 c5ffff05        655 	.byte	197,255,255,5
000002b9 dcce            656 	.byte	220,206
000002bb ff              657 	.byte	255
000002bc 00              658 	.space	1
000002bd e2f7            659 	.byte	226,247

                                                                      Page 12
                                                              C:\Users\a5085270\AppData\Local\Temp\gh_00002kk1.si
000002bf ff              660 	.byte	255
000002c0 00              661 	.space	1
000002c1 44ff            662 	.byte	68,255
000002c3 ff              663 	.byte	255
000002c4 00              664 	.space	1
000002c5 3eff            665 	.byte	62,255
000002c7 ff              666 	.byte	255
000002c8 00              667 	.space	1
000002c9 76ff            668 	.byte	118,255
000002cb ff              669 	.byte	255
000002cc 00              670 	.space	1
000002cd 64ff            671 	.byte	100,255
000002cf ff              672 	.byte	255
000002d0 00              673 	.space	1
000002d1 3cff            674 	.byte	60,255
000002d3 ff              675 	.byte	255
000002d4 00              676 	.space	1
000002d5 3cff            677 	.byte	60,255
000002d7 ff              678 	.byte	255
000002d8 00              679 	.space	1
000002d9 57ff            680 	.byte	87,255
000002db ff              681 	.byte	255
000002dc 00              682 	.space	1
000002dd 4dff            683 	.byte	77,255
000002df ff              684 	.byte	255
000002e0 00              685 	.space	1
000002e1 a8ff            686 	.byte	168,255
000002e3 ff              687 	.byte	255
000002e4 00              688 	.space	1
000002e5 91ff            689 	.byte	145,255
000002e7 ff              690 	.byte	255
000002e8 00              691 	.space	1
000002e9 cbff            692 	.byte	203,255
000002eb ff              693 	.byte	255
000002ec 00              694 	.space	1
000002ed b3fe            695 	.byte	179,254
000002ef ff              696 	.byte	255
000002f0 00              697 	.space	1
000002f1 7fff            698 	.byte	127,255
000002f3 ff              699 	.byte	255
000002f4 00              700 	.space	1
000002f5 71ff            701 	.byte	113,255
000002f7 ff              702 	.byte	255
000002f8 00              703 	.space	1
000002f9 a0ff            704 	.byte	160,255
000002fb ff              705 	.byte	255
000002fc 00              706 	.space	1
000002fd 90ff            707 	.byte	144,255
000002ff ff              708 	.byte	255
00000300 00              709 	.space	1
00000301 a4ff            710 	.byte	164,255
00000303 ff              711 	.byte	255
00000304 00              712 	.space	1
00000305 b4ff            713 	.byte	180,255
00000307 ff              714 	.byte	255
00000308 00              715 	.space	1
00000309 baff            716 	.byte	186,255
0000030b ff              717 	.byte	255
0000030c 00              718 	.space	1
0000030d cbfe            719 	.byte	203,254
0000030f ff              720 	.byte	255

                                                                      Page 13
                                                              C:\Users\a5085270\AppData\Local\Temp\gh_00002kk1.si
00000310 00              721 	.space	1
00000311 c8ff            722 	.byte	200,255
00000313 ff              723 	.byte	255
00000314 00              724 	.space	1
00000315 dffe            725 	.byte	223,254
00000317 ff              726 	.byte	255
00000318 00              727 	.space	1
00000319 defeff02        728 	.byte	222,254,255,2
0000031d e5ee            729 	.byte	229,238
0000031f ff              730 	.byte	255
00000320 00              731 	.space	1
00000321 ccff            732 	.byte	204,255
00000323 ff              733 	.byte	255
00000324 00              734 	.space	1
00000325 deff            735 	.byte	222,255
00000327 ff              736 	.byte	255
00000328 00              737 	.space	1
00000329 defe            738 	.byte	222,254
0000032b ff              739 	.byte	255
0000032c 00              740 	.space	1
0000032d e6f6            741 	.byte	230,246
0000032f ff              742 	.byte	255
00000330 00              743 	.space	1
00000331 e6f3ff05        744 	.byte	230,243,255,5
00000335 dfd8ff03        745 	.byte	223,216,255,3
00000339 e2e0ff07        746 	.byte	226,224,255,7
0000033d dac6ff02        747 	.byte	218,198,255,2
00000341 e3e8ff08        748 	.byte	227,232,255,8
00000345 d9bdff06        749 	.byte	217,189,255,6
00000349 ddceff0b        750 	.byte	221,206,255,11
0000034d d2a7ff0f        751 	.byte	210,167,255,15
00000351 ca89ff18        752 	.byte	202,137,255,24
00000355 ba48ff12        753 	.byte	186,72,255,18
00000359 c679ff19        754 	.byte	198,121,255,25
0000035d b73fff08        755 	.byte	183,63,255,8
00000361 d7baff0d        756 	.byte	215,186,255,13
00000365 ce97ff0b        757 	.byte	206,151,255,11
00000369 d3a9ff10        758 	.byte	211,169,255,16
0000036d ca88ff13        759 	.byte	202,136,255,19
00000371 c36bff1a        760 	.byte	195,107,255,26
00000375 b63bff15        761 	.byte	182,59,255,21
00000379 c061ff1a        762 	.byte	192,97,255,26
0000037d b536ff1b        763 	.byte	181,54,255,27
00000381 b538ff12        764 	.byte	181,56,255,18
00000385 c578ff1b        765 	.byte	197,120,255,27
00000389 b332ff13        766 	.byte	179,50,255,19
0000038d c268ff0a        767 	.byte	194,104,255,10
00000391 d5afff04        768 	.byte	213,175,255,4
00000395 e1dcff0d        769 	.byte	225,220,255,13
00000399 cf9bff07        770 	.byte	207,155,255,7
0000039d dac2ff1b        771 	.byte	218,194,255,27
000003a1 b32eff15        772 	.byte	179,46,255,21
000003a5 bf5dff1c        773 	.byte	191,93,255,28
000003a9 b22bff16        774 	.byte	178,43,255,22
000003ad bc54ff0f        775 	.byte	188,84,255,15
000003b1 ca8aff0a        776 	.byte	202,138,255,10
000003b5 d4afff11        777 	.byte	212,175,255,17
000003b9 c77dff0c        778 	.byte	199,125,255,12
000003bd d0a0            779 	.byte	208,160
000003bf ff              780 	.byte	255
000003c0 00              781 	.space	1

                                                                      Page 14
                                                              C:\Users\a5085270\AppData\Local\Temp\gh_00002kk1.si
000003c1 e4fb            782 	.byte	228,251
000003c3 ff              783 	.byte	255
000003c4 00              784 	.space	1
000003c5 cfffff03        785 	.byte	207,255,255,3
000003c9 e2e5            786 	.byte	226,229
000003cb ff              787 	.byte	255
000003cc 00              788 	.space	1
000003cd e3fb            789 	.byte	227,251
000003cf ff              790 	.byte	255
000003d0 00              791 	.space	1
000003d1 bbfe            792 	.byte	187,254
000003d3 ff              793 	.byte	255
000003d4 00              794 	.space	1
000003d5 aaff            795 	.byte	170,255
000003d7 ff              796 	.byte	255
000003d8 00              797 	.space	1
000003d9 d2ff            798 	.byte	210,255
000003db ff              799 	.byte	255
000003dc 00              800 	.space	1
000003dd c0feff06        801 	.byte	192,254,255,6
000003e1 ddceff01        802 	.byte	221,206,255,1
000003e5 e4ebff08        803 	.byte	228,235,255,8
000003e9 d8bdff04        804 	.byte	216,189,255,4
000003ed dfd7            805 	.byte	223,215
000003ef ff              806 	.byte	255
000003f0 00              807 	.space	1
000003f1 e3fd            808 	.byte	227,253
000003f3 ff              809 	.byte	255
000003f4 00              810 	.space	1
000003f5 d3ffff01        811 	.byte	211,255,255,1
000003f9 e5ef            812 	.byte	229,239
000003fb ff              813 	.byte	255
000003fc 00              814 	.space	1
000003fd e3fd            815 	.byte	227,253
000003ff ff              816 	.byte	255
                         817 	.type	_my_clr_whl,@object
                         818 	.size	_my_clr_whl,1024
                         819 	.data
                         820 	.ghsnote version,19
                         821 	.ghsnote tools,3
                         822 	.ghsnote options,656
                         823 	.text
                         824 ..bof.D.3A.5CMY_1_8_D1x_RGL_org.5Crgl_ghs_D1Mx_obj_V1.2E8.2E0.5Cvlib.5Capp.5Cgfx_apps.5Cd1m1_flashdash_demo.5Ctarget.5Cd1m2_mango_ghs.5Cobj.5Cclr_whl...44.3A.5CMY_1_8_D1x_RGL_org.5Crgl_ghs_D1Mx_obj_V1.2E8.2E0.5Cvlib.5Capp.5Cgfx_apps.5Cd1m1_flashdash_demo.5Ctarget.5Cd1m2_mango_ghs..5B95FDE3..0::
                         825 ..eof.D.3A.5CMY_1_8_D1x_RGL_org.5Crgl_ghs_D1Mx_obj_V1.2E8.2E0.5Cvlib.5Capp.5Cgfx_apps.5Cd1m1_flashdash_demo.5Ctarget.5Cd1m2_mango_ghs.5Cobj.5Cclr_whl...44.3A.5CMY_1_8_D1x_RGL_org.5Crgl_ghs_D1Mx_obj_V1.2E8.2E0.5Cvlib.5Capp.5Cgfx_apps.5Cd1m1_flashdash_demo.5Ctarget.5Cd1m2_mango_ghs..5B95FDE3..0::
                         826 .rh850_flags REGMODE22,DATA_ALIGN8,GP_FIX,EP_NONFIX,TP_FIX,REG2_RESERVE,G3M,SDA_EXTRA_REGS_0
