                                                                      Page 1
                                                              C:\Users\MANGESH\AppData\Local\Temp\gh_00007nc1.si
Command Line: C:\ghs\comp_201715\ease850.exe -w -elf -b0 -I..\..\..\..\..\app\common\dhd -I..\..\..\..\..\app\gfx_apps\d1m1_flashdash_demo\res -I..\..\..\..\..\app\gfx_apps\d1m1_flashdash_demo\src -I..\..\..\..\..\app\gfx_apps\d1m1_flashdash_demo\src\images -I..\..\..\..\..\app\gfx_apps\d1m1_flashdash_demo\target\d1m2_mango_ghs -I..\..\..\..\..\app\gfx_apps\d1m1_flashdash_demo\target\d1m2_mango_ghs\config -I..\..\..\..\..\bsp\board\\config -I..\..\..\..\..\bsp\board\\src\gfx -I..\..\..\..\..\bsp\board\\src\hmi -I..\..\..\..\..\bsp\board\\src\stdio -I..\..\..\..\..\bsp\board\d1mx_mango\config -I..\..\..\..\..\bsp\board\d1mx_mango\src -I..\..\..\..\..\bsp\board\d1mx_mango\src\gfx -I..\..\..\..\..\bsp\board\d1mx_mango\src\hmi -I..\..\..\..\..\bsp\board\d1mx_mango\src\stdio -I..\..\..\..\..\bsp\gfx\lib -I..\..\..\..\..\bsp\gfx\src -I..\..\..\..\..\bsp\hmi\lib -I..\..\..\..\..\bsp\hmi\src -I..\..\..\..\..\bsp\lib -I..\..\..\..\..\bsp\stdio\lib -I..\..\..\..\..\bsp\stdio\src -I..\..\..\..\..\cdi\lib -I..\..\..\..\..\cdi\src -I..\..\..\..\..\compiler\rh850_ghs\inc -I..\..\..\..\..\device\d1mx\lib -I..\..\..\..\..\device\d1mx\macro_cfg -I..\..\..\..\..\device\d1mx\src\dev -I..\..\..\..\..\device\d1mx\src\dhd -I..\..\..\..\..\device\d1mx\src\jcua -I..\..\..\..\..\device\d1mx\src\rh850_ghs -I..\..\..\..\..\device\d1mx\src\vowe -I..\..\..\..\..\device\d1x_common\macro_cfg -I..\..\..\..\..\device\d1x_common\src\csisw -I..\..\..\..\..\device\d1x_common\src\dev -I..\..\..\..\..\device\d1x_common\src\gfxbus -I..\..\..\..\..\device\d1x_common\src\gpio -I..\..\..\..\..\device\d1x_common\src\ostm -I..\..\..\..\..\device\d1x_common\src\pbg -I..\..\..\..\..\device\d1x_common\src\riic -I..\..\..\..\..\device\d1x_common\src\sfma -I..\..\..\..\..\device\d1x_common\src\spea -I..\..\..\..\..\device\d1x_common\src\tauj -I..\..\..\..\..\device\d1x_common\src\tick -I..\..\..\..\..\device\d1x_common\src\vdce -I..\..\..\..\..\device\d1x_common\src\wm -I..\..\..\..\..\device\d1x_common\src\dma -I..\..\..\..\..\device\d1x_common\src\g3dma -I..\..\..\..\..\device\d1x_common\src\xbus -I..\..\..\..\..\device\d1x_common\src\pcmp -I..\..\..\..\..\device\d1x_common\src\taub -I..\..\..\..\..\device\lib -I..\..\..\..\..\macro\bus\pbg\lib -I..\..\..\..\..\macro\bus\pbg\src -I..\..\..\..\..\macro\csi\csisw\lib -I..\..\..\..\..\macro\csi\csisw\src -I..\..\..\..\..\macro\dma\dma\lib -I..\..\..\..\..\macro\dma\dma\src -I..\..\..\..\..\macro\dma\g3dma\lib -I..\..\..\..\..\macro\dma\g3dma\src -I..\..\..\..\..\macro\drw2d\lib -I..\..\..\..\..\macro\drw2d\platform\davehd -I..\..\..\..\..\macro\drw2d\platform\os\no_os -I..\..\..\..\..\macro\drw2d\src -I..\..\..\..\..\macro\flashc\sfcdb\lib -I..\..\..\..\..\macro\flashc\sfcdb\src -I..\..\..\..\..\macro\flashc\sfma\lib -I..\..\..\..\..\macro\flashc\sfma\src -I..\..\..\..\..\macro\gfxbus\lib -I..\..\..\..\..\macro\gfxbus\src -I..\..\..\..\..\macro\gfxbus\xbus\lib -I..\..\..\..\..\macro\gfxbus\xbus\src -I..\..\..\..\..\macro\gpio\lib -I..\..\..\..\..\macro\gpio\src -I..\..\..\..\..\macro\gpu\davehd\common\inc -I..\..\..\..\..\macro\gpu\davehd\common\inc\platform -I..\..\..\..\..\macro\gpu\davehd\common\inc\platform\d1mx -I..\..\..\..\..\macro\gpu\davehd\kernel\inc -I..\..\..\..\..\macro\gpu\davehd\kernel\platform\d1mx -I..\..\..\..\..\macro\gpu\davehd\kernel\platform\d1mx\bridge -I..\..\..\..\..\macro\gpu\davehd\kernel\platform\ree -I..\..\..\..\..\macro\gpu\davehd\kernel\src -I..\..\..\..\..\macro\gpu\davehd\user\inc -I..\..\..\..\..\macro\gpu\davehd\user\platform\d1mx\no_os -I..\..\..\..\..\macro\gpu\davehd\user\src -I..\..\..\..\..\macro\gpu\jcua\lib -I..\..\..\..\..\macro\gpu\jcua\src -I..\..\..\..\..\macro\i2c\riic\lib -I..\..\..\..\..\macro\i2c\riic\src -I..\..\..\..\..\macro\pwm\pcmp\lib -I..\..\..\..\..\macro\pwm\pcmp\src -I..\..\..\..\..\macro\tick\lib -I..\..\..\..\..\macro\tick\src -I..\..\..\..\..\macro\timer\ostm\lib -I..\..\..\..\..\macro\timer\ostm\src -I..\..\..\..\..\macro\timer\tauj\lib -I..\..\..\..\..\macro\timer\tauj\src -I..\..\..\..\..\macro\timer\taub\lib -I..\..\..\..\..\macro\timer\taub\src -I..\..\..\..\..\macro\vdce\lib -I..\..\..\..\..\macro\vdce\src -I..\..\..\..\..\macro\vo\ddb\lib -I..\..\..\..\..\macro\vo\ddb\src -I..\..\..\..\..\macro\vo\spea\lib -I..\..\..\..\..\macro\vo\spea\src -I..\..\..\..\..\macro\vo\vowe\lib -I..\..\..\..\..\macro\vo\vowe\src -I..\..\..\..\..\macro\wm\lib -I..\..\..\..\..\macro\wm\src -I..\..\..\..\..\middleware\gfxutils\lib -I..\..\..\..\..\middleware\gfxutils\src -I..\..\..\..\..\device\d1mx\macro_cfg\csisw -I..\..\..\..\..\device\d1mx\macro_cfg\davehd -I..\..\..\..\..\device\d1mx\macro_cfg\ddb -I..\..\..\..\..\device\d1mx\macro_cfg\drw2d -I..\..\..\..\..\device\d1mx\macro_cfg\gfxbus -I..\..\..\..\..\device\d1mx\macro_cfg\gpio -I..\..\..\..\..\device\d1mx\macro_cfg\hypb -I..\..\..\..\..\device\d1mx\macro_cfg\hypdb -I..\..\..\..\..\device\d1mx\macro_cfg\jcua -I..\..\..\..\..\device\d1mx\macro_cfg\nfmabare -I..\..\..\..\..\device\d1mx\macro_cfg\octa -I..\..\..\..\..\device\d1mx\macro_cfg\octacdb -I..\..\..\..\..\device\d1mx\macro_cfg\ostm -I..\..\..\..\..\device\d1mx\macro_cfg\pbg -I..\..\..\..\..\device\d1mx\macro_cfg\riic -I..\..\..\..\..\device\d1mx\macro_cfg\sfcdb -I..\..\..\..\..\device\d1mx\macro_cfg\sfma -I..\..\..\..\..\device\d1mx\macro_cfg\spea -I..\..\..\..\..\device\d1mx\macro_cfg\tauj -I..\..\..\..\..\device\d1mx\macro_cfg\tick -I..\..\..\..\..\device\d1mx\macro_cfg\vdce -I..\..\..\..\..\device\d1mx\macro_cfg\vowe -I..\..\..\..\..\device\d1mx\macro_cfg\wm -I..\..\..\..\..\device\d1mx\macro_cfg\xbus -I..\..\..\..\..\device\d1x_common\macro_cfg\csisw -I..\..\..\..\..\device\d1x_common\macro_cfg\davehd -I..\..\..\..\..\device\d1x_common\macro_cfg\ddb -I..\..\..\..\..\device\d1x_common\macro_cfg\drw2d -I..\..\..\..\..\device\d1x_common\macro_cfg\gfxbus -I..\..\..\..\..\device\d1x_common\macro_cfg\gpio -I..\..\..\..\..\device\d1x_common\macro_cfg\hypb -I..\..\..\..\..\device\d1x_common\macro_cfg\hypdb -I..\..\..\..\..\device\d1x_common\macro_cfg\jcua -I..\..\..\..\..\device\d1x_common\macro_cfg\nfmabare -I..\..\..\..\..\device\d1x_common\macro_cfg\octa -I..\..\..\..\..\device\d1x_common\macro_cfg\octacdb -I..\..\..\..\..\device\d1x_common\macro_cfg\ostm -I..\..\..\..\..\device\d1x_common\macro_cfg\pbg -I..\..\..\..\..\device\d1x_common\macro_cfg\riic -I..\..\..\..\..\device\d1x_common\macro_cfg\sfcdb -I..\..\..\..\..\device\d1x_common\macro_cfg\sfma -I..\..\..\..\..\device\d1x_common\macro_cfg\spea -I..\..\..\..\..\device\d1x_common\macro_cfg\tauj -I..\..\..\..\..\device\d1x_common\macro_cfg\tick -I..\..\..\..\..\device\d1x_common\macro_cfg\vdce -I..\..\..\..\..\device\d1x_common\macro_cfg\vowe -I..\..\..\..\..\device\d1x_common\macro_cfg\wm -I..\..\..\..\..\device\d1x_common\macro_cfg\xbus -I..\..\..\..\..\app\gfx_apps\d1m1_flashdash_demo\src\TEXT_MY -IC:\ghs\comp_201715\lib\rh850_22 -cg_underscore -cpu=rh850g3m -no_v850_simd -nomacro -patch_dbo=G:\vlib_v1.8_svn\app\gfx_apps\d1m1_flashdash_demo\target\d1m2_mango_ghs\obj\jpeg.dbo -source=jpeg.c -o .\obj\gh_00007nc1.o -list=.\obj\jpeg.lst C:\Users\MANGESH\AppData\Local\Temp\gh_00007nc1.si 
Original File: C:\Users\MANGESH\AppData\Local\Temp\gh_00007nc1.si
Source File: jpeg.c
Directory: G:\vlib_v1.8_svn\app\gfx_apps\d1m1_flashdash_demo\target\d1m2_mango_ghs
Host OS: Windows 7 Service Pack 1
EASE: Copyright (C) 1983-2016 Green Hills Software.  All Rights Reserved.
Release: MULTI v800-v2017.1.5-comp-P04
Custom String: TOOLS-28024 unreached assembly routines deleted by linker
Build Directory: [Directory] BTOWINBOX:c:/build_2017_1_bto/2017-10-04.2100-2017_1_bto/win32-comp-ecom
Revision: [VCInfo] http://toolsvc/branches/release-branch-2017-1-bto/src@603992 (built by build)
Revision Date: Thu Oct 05 10:11:26 2017

Release Date: Tue Oct 10 02:48:58 2017

                           1 --Driver Command: ccv850 -c -MD -I..\..\..\..\..\app\common\dhd
                           2 --		-I..\..\..\..\..\app\gfx_apps\d1m1_flashdash_demo\res
                           3 --		-I..\..\..\..\..\app\gfx_apps\d1m1_flashdash_demo\src
                           4 --		-I..\..\..\..\..\app\gfx_apps\d1m1_flashdash_demo\src\images
                           5 --		-I..\..\..\..\..\app\gfx_apps\d1m1_flashdash_demo\target\d1m2_mango_ghs
                           6 --		-I..\..\..\..\..\app\gfx_apps\d1m1_flashdash_demo\target\d1m2_mango_ghs\config
                           7 --		-I..\..\..\..\..\bsp\board\\config
                           8 --		-I..\..\..\..\..\bsp\board\\src\gfx
                           9 --		-I..\..\..\..\..\bsp\board\\src\hmi
                          10 --		-I..\..\..\..\..\bsp\board\\src\stdio
                          11 --		-I..\..\..\..\..\bsp\board\d1mx_mango\config
                          12 --		-I..\..\..\..\..\bsp\board\d1mx_mango\src
                          13 --		-I..\..\..\..\..\bsp\board\d1mx_mango\src\gfx
                          14 --		-I..\..\..\..\..\bsp\board\d1mx_mango\src\hmi
                          15 --		-I..\..\..\..\..\bsp\board\d1mx_mango\src\stdio
                          16 --		-I..\..\..\..\..\bsp\gfx\lib -I..\..\..\..\..\bsp\gfx\src
                          17 --		-I..\..\..\..\..\bsp\hmi\lib -I..\..\..\..\..\bsp\hmi\src
                          18 --		-I..\..\..\..\..\bsp\lib -I..\..\..\..\..\bsp\stdio\lib
                          19 --		-I..\..\..\..\..\bsp\stdio\src -I..\..\..\..\..\cdi\lib
                          20 --		-I..\..\..\..\..\cdi\src -I..\..\..\..\..\compiler\rh850_ghs\inc
                          21 --		-I..\..\..\..\..\device\d1mx\lib
                          22 --		-I..\..\..\..\..\device\d1mx\macro_cfg
                          23 --		-I..\..\..\..\..\device\d1mx\src\dev
                          24 --		-I..\..\..\..\..\device\d1mx\src\dhd
                          25 --		-I..\..\..\..\..\device\d1mx\src\jcua
                          26 --		-I..\..\..\..\..\device\d1mx\src\rh850_ghs
                          27 --		-I..\..\..\..\..\device\d1mx\src\vowe
                          28 --		-I..\..\..\..\..\device\d1x_common\macro_cfg
                          29 --		-I..\..\..\..\..\device\d1x_common\src\csisw
                          30 --		-I..\..\..\..\..\device\d1x_common\src\dev
                          31 --		-I..\..\..\..\..\device\d1x_common\src\gfxbus
                          32 --		-I..\..\..\..\..\device\d1x_common\src\gpio
                          33 --		-I..\..\..\..\..\device\d1x_common\src\ostm
                          34 --		-I..\..\..\..\..\device\d1x_common\src\pbg
                          35 --		-I..\..\..\..\..\device\d1x_common\src\riic
                          36 --		-I..\..\..\..\..\device\d1x_common\src\sfma
                          37 --		-I..\..\..\..\..\device\d1x_common\src\spea
                          38 --		-I..\..\..\..\..\device\d1x_common\src\tauj
                          39 --		-I..\..\..\..\..\device\d1x_common\src\tick
                          40 --		-I..\..\..\..\..\device\d1x_common\src\vdce
                          41 --		-I..\..\..\..\..\device\d1x_common\src\wm
                          42 --		-I..\..\..\..\..\device\d1x_common\src\dma
                          43 --		-I..\..\..\..\..\device\d1x_common\src\g3dma
                          44 --		-I..\..\..\..\..\device\d1x_common\src\xbus
                          45 --		-I..\..\..\..\..\device\d1x_common\src\pcmp
                          46 --		-I..\..\..\..\..\device\d1x_common\src\taub
                          47 --		-I..\..\..\..\..\device\lib -I..\..\..\..\..\macro\bus\pbg\lib
                          48 --		-I..\..\..\..\..\macro\bus\pbg\src
                          49 --		-I..\..\..\..\..\macro\csi\csisw\lib

                                                                      Page 2
                                                              C:\Users\MANGESH\AppData\Local\Temp\gh_00007nc1.si
                          50 --		-I..\..\..\..\..\macro\csi\csisw\src
                          51 --		-I..\..\..\..\..\macro\dma\dma\lib
                          52 --		-I..\..\..\..\..\macro\dma\dma\src
                          53 --		-I..\..\..\..\..\macro\dma\g3dma\lib
                          54 --		-I..\..\..\..\..\macro\dma\g3dma\src
                          55 --		-I..\..\..\..\..\macro\drw2d\lib
                          56 --		-I..\..\..\..\..\macro\drw2d\platform\davehd
                          57 --		-I..\..\..\..\..\macro\drw2d\platform\os\no_os
                          58 --		-I..\..\..\..\..\macro\drw2d\src
                          59 --		-I..\..\..\..\..\macro\flashc\sfcdb\lib
                          60 --		-I..\..\..\..\..\macro\flashc\sfcdb\src
                          61 --		-I..\..\..\..\..\macro\flashc\sfma\lib
                          62 --		-I..\..\..\..\..\macro\flashc\sfma\src
                          63 --		-I..\..\..\..\..\macro\gfxbus\lib
                          64 --		-I..\..\..\..\..\macro\gfxbus\src
                          65 --		-I..\..\..\..\..\macro\gfxbus\xbus\lib
                          66 --		-I..\..\..\..\..\macro\gfxbus\xbus\src
                          67 --		-I..\..\..\..\..\macro\gpio\lib -I..\..\..\..\..\macro\gpio\src
                          68 --		-I..\..\..\..\..\macro\gpu\davehd\common\inc
                          69 --		-I..\..\..\..\..\macro\gpu\davehd\common\inc\platform
                          70 --		-I..\..\..\..\..\macro\gpu\davehd\common\inc\platform\d1mx
                          71 --		-I..\..\..\..\..\macro\gpu\davehd\kernel\inc
                          72 --		-I..\..\..\..\..\macro\gpu\davehd\kernel\platform\d1mx
                          73 --		-I..\..\..\..\..\macro\gpu\davehd\kernel\platform\d1mx\bridge
                          74 --		-I..\..\..\..\..\macro\gpu\davehd\kernel\platform\ree
                          75 --		-I..\..\..\..\..\macro\gpu\davehd\kernel\src
                          76 --		-I..\..\..\..\..\macro\gpu\davehd\user\inc
                          77 --		-I..\..\..\..\..\macro\gpu\davehd\user\platform\d1mx\no_os
                          78 --		-I..\..\..\..\..\macro\gpu\davehd\user\src
                          79 --		-I..\..\..\..\..\macro\gpu\jcua\lib
                          80 --		-I..\..\..\..\..\macro\gpu\jcua\src
                          81 --		-I..\..\..\..\..\macro\i2c\riic\lib
                          82 --		-I..\..\..\..\..\macro\i2c\riic\src
                          83 --		-I..\..\..\..\..\macro\pwm\pcmp\lib
                          84 --		-I..\..\..\..\..\macro\pwm\pcmp\src
                          85 --		-I..\..\..\..\..\macro\tick\lib -I..\..\..\..\..\macro\tick\src
                          86 --		-I..\..\..\..\..\macro\timer\ostm\lib
                          87 --		-I..\..\..\..\..\macro\timer\ostm\src
                          88 --		-I..\..\..\..\..\macro\timer\tauj\lib
                          89 --		-I..\..\..\..\..\macro\timer\tauj\src
                          90 --		-I..\..\..\..\..\macro\timer\taub\lib
                          91 --		-I..\..\..\..\..\macro\timer\taub\src
                          92 --		-I..\..\..\..\..\macro\vdce\lib -I..\..\..\..\..\macro\vdce\src
                          93 --		-I..\..\..\..\..\macro\vo\ddb\lib
                          94 --		-I..\..\..\..\..\macro\vo\ddb\src
                          95 --		-I..\..\..\..\..\macro\vo\spea\lib
                          96 --		-I..\..\..\..\..\macro\vo\spea\src
                          97 --		-I..\..\..\..\..\macro\vo\vowe\lib
                          98 --		-I..\..\..\..\..\macro\vo\vowe\src -I..\..\..\..\..\macro\wm\lib
                          99 --		-I..\..\..\..\..\macro\wm\src
                         100 --		-I..\..\..\..\..\middleware\gfxutils\lib
                         101 --		-I..\..\..\..\..\middleware\gfxutils\src
                         102 --		-I..\..\..\..\..\device\d1mx\macro_cfg\csisw
                         103 --		-I..\..\..\..\..\device\d1mx\macro_cfg\davehd
                         104 --		-I..\..\..\..\..\device\d1mx\macro_cfg\ddb
                         105 --		-I..\..\..\..\..\device\d1mx\macro_cfg\drw2d
                         106 --		-I..\..\..\..\..\device\d1mx\macro_cfg\gfxbus
                         107 --		-I..\..\..\..\..\device\d1mx\macro_cfg\gpio
                         108 --		-I..\..\..\..\..\device\d1mx\macro_cfg\hypb
                         109 --		-I..\..\..\..\..\device\d1mx\macro_cfg\hypdb
                         110 --		-I..\..\..\..\..\device\d1mx\macro_cfg\jcua

                                                                      Page 3
                                                              C:\Users\MANGESH\AppData\Local\Temp\gh_00007nc1.si
                         111 --		-I..\..\..\..\..\device\d1mx\macro_cfg\nfmabare
                         112 --		-I..\..\..\..\..\device\d1mx\macro_cfg\octa
                         113 --		-I..\..\..\..\..\device\d1mx\macro_cfg\octacdb
                         114 --		-I..\..\..\..\..\device\d1mx\macro_cfg\ostm
                         115 --		-I..\..\..\..\..\device\d1mx\macro_cfg\pbg
                         116 --		-I..\..\..\..\..\device\d1mx\macro_cfg\riic
                         117 --		-I..\..\..\..\..\device\d1mx\macro_cfg\sfcdb
                         118 --		-I..\..\..\..\..\device\d1mx\macro_cfg\sfma
                         119 --		-I..\..\..\..\..\device\d1mx\macro_cfg\spea
                         120 --		-I..\..\..\..\..\device\d1mx\macro_cfg\tauj
                         121 --		-I..\..\..\..\..\device\d1mx\macro_cfg\tick
                         122 --		-I..\..\..\..\..\device\d1mx\macro_cfg\vdce
                         123 --		-I..\..\..\..\..\device\d1mx\macro_cfg\vowe
                         124 --		-I..\..\..\..\..\device\d1mx\macro_cfg\wm
                         125 --		-I..\..\..\..\..\device\d1mx\macro_cfg\xbus
                         126 --		-I..\..\..\..\..\device\d1x_common\macro_cfg\csisw
                         127 --		-I..\..\..\..\..\device\d1x_common\macro_cfg\davehd
                         128 --		-I..\..\..\..\..\device\d1x_common\macro_cfg\ddb
                         129 --		-I..\..\..\..\..\device\d1x_common\macro_cfg\drw2d
                         130 --		-I..\..\..\..\..\device\d1x_common\macro_cfg\gfxbus
                         131 --		-I..\..\..\..\..\device\d1x_common\macro_cfg\gpio
                         132 --		-I..\..\..\..\..\device\d1x_common\macro_cfg\hypb
                         133 --		-I..\..\..\..\..\device\d1x_common\macro_cfg\hypdb
                         134 --		-I..\..\..\..\..\device\d1x_common\macro_cfg\jcua
                         135 --		-I..\..\..\..\..\device\d1x_common\macro_cfg\nfmabare
                         136 --		-I..\..\..\..\..\device\d1x_common\macro_cfg\octa
                         137 --		-I..\..\..\..\..\device\d1x_common\macro_cfg\octacdb
                         138 --		-I..\..\..\..\..\device\d1x_common\macro_cfg\ostm
                         139 --		-I..\..\..\..\..\device\d1x_common\macro_cfg\pbg
                         140 --		-I..\..\..\..\..\device\d1x_common\macro_cfg\riic
                         141 --		-I..\..\..\..\..\device\d1x_common\macro_cfg\sfcdb
                         142 --		-I..\..\..\..\..\device\d1x_common\macro_cfg\sfma
                         143 --		-I..\..\..\..\..\device\d1x_common\macro_cfg\spea
                         144 --		-I..\..\..\..\..\device\d1x_common\macro_cfg\tauj
                         145 --		-I..\..\..\..\..\device\d1x_common\macro_cfg\tick
                         146 --		-I..\..\..\..\..\device\d1x_common\macro_cfg\vdce
                         147 --		-I..\..\..\..\..\device\d1x_common\macro_cfg\vowe
                         148 --		-I..\..\..\..\..\device\d1x_common\macro_cfg\wm
                         149 --		-I..\..\..\..\..\device\d1x_common\macro_cfg\xbus
                         150 --		-I..\..\..\..\..\app\gfx_apps\d1m1_flashdash_demo\src\TEXT_MY
                         151 --		--no_commons --no_implicit_include --prototype_errors
                         152 --		-DBSP_INIT_QOS_SDRAM_ORG -DDEVICE_TYPE_D1M1X -DBSP_INIT_SFMA_ORG
                         153 --		-DRENESAS_D1X -DR_DRW2D_OS_NO_OS -DR_DRW2D_SYS_DHD
                         154 --		-DUSED_CPU=RH850G3M -DUSE_BSP_GFX -DUSE_BSP_HMI_ORG -DUSE_BSP_HMI
                         155 --		-DUSE_BSP_STDIO -DUSE_CDI -DUSE_CSISW -DUSE_DAVEHD -DUSE_DDB
                         156 --		-DUSE_DMA -DUSE_DRW2D -DUSE_GFXBUS -DUSE_G3DMA -DUSE_GFXUTILS
                         157 --		-DUSE_GPIO -DUSE_JCUA -DUSE_OSTM -DUSE_PCMP -DUSE_PBG -DUSE_RIIC
                         158 --		-DUSE_SFCDB -DUSE_SFMA_ORG -DUSE_SPEA -DUSE_TAUB -DUSE_TAUJ
                         159 --		-DUSE_TICK -DUSE_VDCE -DUSE_VOWE -DUSE_WM -DUSE_XBUS -G -MD
                         160 --		-Odebug -Zuse1bit -allocate_ep -cpu=rh850g3m -large_sda -list
                         161 --		-no_callt -notda -passsource -preprocess_assembly_files
                         162 --		-registermode=22 -reserve_r2 --diag_warning 1 -object_dir=.\obj
                         163 --		-DBSP_INIT_QOS_VRAM -DUSE_RSCAN -filetype.c
                         164 --		..\..\..\..\gfx_apps\d1m1_flashdash_demo\src\jpeg.c -o
                         165 --		.\obj\jpeg.o
                         166 --Source File:   ..\..\..\..\gfx_apps\d1m1_flashdash_demo\src\jpeg.c
                         167 --Directory:     
                         168 --		G:\vlib_v1.8_svn\app\gfx_apps\d1m1_flashdash_demo\target\d1m2_mango_ghs
                         169 --Compile Date:  Sat Jan 12 14:23:31 2019
                         170 --Host OS:       Win32
                         171 --Version:       C-RH850 2017.1.5 RELEASE VERSION

                                                                      Page 4
                                                              C:\Users\MANGESH\AppData\Local\Temp\gh_00007nc1.si
                         172 --Release:       Compiler v2017.1.5
                         173 --Revision Date: Tue Apr 11 09:29:40 2017
                         174 --Release Date:  Tue Apr 11 11:12:26 2017
                         175 -- ecom  -g -w
                         176 
                         177 --1: #include "r_typedefs.h"
                         178 --3: #include "r_cdi_api.h"
                         179 --4: #include "r_drw2d_os.h"
                         180 --5: #include "r_drw2d_api.h"
                         181 --6: #include "r_config_drw2d.h"
                         182 --7: #include "r_drw2d_ctx_dhd.h"
                         183 --8: #include "r_ddb_api.h"
                         184 --9: #include "r_wm_api.h"
                         185 --10: #include "scenes.h"
                         186 --11: #include "drw_wrap.h"
                         187 --12: #include "mem_init.h"
                         188 --13: #include "sprite.h"
                         189 --14: #include "wm.h"
                         190 --15: #include "r_bsp_stdio_api.h"
                         191 --16: //#include "r_gfxutils_api.h"
                         192 --17: #include "r_util_dhd.h"
                         193 --18: #include "load_to_ram.h"
                         194 --19: #include "math.h"
                         195 --20: #include "r_jcua_api.h"
                         196 --21: #include "bench.h"
                         197 --23: volatile uint32_t JCUA_running = 0;
                         198 --24: uint32_t callback_swap_window = 0;
                         199 --26: r_wm_Window_t cur_Window;
                         200 --28: #define MAX_WAIT 6
                         201 --31: void jpeg_wait_for_finish(void){    
                         202 	.text
                         203 ..bof.G.3A.5Cvlib_v1.2E8_svn.5Capp.5Cgfx_apps.5Cd1m1_flashdash_demo.5Ctarget.5Cd1m2_mango_ghs.5Cobj.5Cjpeg...47.3A.5Cvlib_v1.2E8_svn.5Capp.5Cgfx_apps.5Cd1m1_flashdash_demo.5Ctarget.5Cd1m2_mango_ghs..5C39AB0C..0::
                         204 	.align	2
                         205 	.align	2
                         206 ..gh.f.a.2.e.0:
                         207 	.type	..gh.f.a.2.e.0,@object
                         208 	.size	..gh.f.a.2.e.0,0
                         209 	.global	_jpeg_wait_for_finish
                         210 _jpeg_wait_for_finish:
                         211 --	    .bf
                         212 .LDW01:
                         213 --32:     while(JCUA_running);
                         214 .L4:
00000000 210600000000*   215 	mov	_JCUA_running,r1
00000006 210f0100        216 	ld.w	0[r1],r1
0000000a e009            217 	cmp	zero,r1
0000000c aafd*           218 	bne	.L4
                         219 --33: }
                         220 --	    .ef
                         221 .LDW11:
                         222 --line33
                         223 ..lin.5fade38f..5454df44.0_1::
                         224 .LDWlin1:
                         225 	.jumptype return
0000000e 7f00            226 	jmp	[lp]
                         227 ..lin.5fade38f..5454df44.0_2::
                         228 .LDWlin2:
                         229 	.type	_jpeg_wait_for_finish,@function
                         230 	.size	_jpeg_wait_for_finish,.-_jpeg_wait_for_finish
                         231 	.align	2
                         232 .LDW21:

                                                                      Page 5
                                                              C:\Users\MANGESH\AppData\Local\Temp\gh_00007nc1.si
                         233 
                         234 	.data
                         235 .L34:
                         236 	.type	.L34,@object
                         237 	.size	.L34,0
                         238 	.text
                         239 
                         240 
                         241 --35: void callbackJCUA(uint32_t Unit, r_jcua_CallbackReason_t Factor, uint32_t Param)
                         242 	.align	2
                         243 	.align	2
                         244 	.align	2
                         245 ..gh.f.a.2.e.1:
                         246 	.type	..gh.f.a.2.e.1,@object
                         247 	.size	..gh.f.a.2.e.1,0
                         248 	.global	_callbackJCUA
                         249 _callbackJCUA:
00000010 80076100        250 	prepare	{r29,r31},0
00000014 3d0600000000*   251 	mov	_JCUA_running,r29
                         252 --	    .bf
                         253 .LDW31:
                         254 --36: {
                         255 --37:     switch(Factor)
                         256 --line37
                         257 ..lin.5fade38f..bb1fc034.0_3::
                         258 .LDWlin3:
0000001a 0708            259 	mov	r7,r1
0000001c 610a            260 	cmp	1,r1
0000001e 9215*           261 	be	.L52
00000020 2b0608000001    262 	mov	16777224,r11
00000026 eb09            263 	cmp	r11,r1
00000028 f20d*           264 	be	.L53
0000002a 2b0610000001    265 	mov	16777232,r11
00000030 eb09            266 	cmp	r11,r1
00000032 a20d*           267 	be	.L53
00000034 2b0620000001    268 	mov	16777248,r11
0000003a eb09            269 	cmp	r11,r1
0000003c d205*           270 	be	.L53
0000003e e505*           271 	br	.L56
                         272 .L52:
                         273 --38:     {
                         274 --39:     case R_JCUA_CB_FACTOR_DECODE_COMPLETE:
                         275 --40:         JCUA_running = 0;
                         276 --line40
                         277 ..lin.5fade38f..bb1fc034.0_4::
                         278 .LDWlin4:
00000040 7d070100        279 	st.w	zero,0[r29]
                         280 --41:         break;
                         281 --42:         
                         282 --43:     case R_JCUA_CB_FACTOR_DECODE_SIZEOVER:
00000044 b505*           283 	br	.L56
                         284 .L53:
                         285 --44:     case R_JCUA_CB_FACTOR_DECODE_ERRORED:
                         286 --45:     case R_JCUA_CB_FACTOR_FATAL_ERROR:
                         287 --46:         JCUA_running = 0;
                         288 --line46
                         289 ..lin.5fade38f..bb1fc034.0_5::
                         290 .LDWlin5:
00000046 7d070100        291 	st.w	zero,0[r29]
                         292 --47:         break;
                         293 --48:     default:

                                                                      Page 6
                                                              C:\Users\MANGESH\AppData\Local\Temp\gh_00007nc1.si
                         294 .L56:
                         295 --49:         break;
                         296 --50:     }
                         297 --52:     if (callback_swap_window) {
0000004a 210600000000*   298 	mov	_callback_swap_window,r1
00000050 210f0100        299 	ld.w	0[r1],r1
00000054 e009            300 	cmp	zero,r1
00000056 b20d*           301 	be	.L49
                         302 --53:         R_WM_WindowSwap(FLASHDASH_WM_UNIT, &cur_Window);
                         303 --line53
                         304 ..lin.5fade38f..bb1fc034.0_6::
                         305 .LDWlin6:
00000058 0032            306 	mov	0,r6
0000005a 270600000000*   307 	mov	_cur_Window,r7
                         308 	jarl	_R_WM_WindowSwap,lp
                         308 <EXPANSION BEGIN>
                         308 jarl22 _R_WM_WindowSwap , lp 
00000060 80ff0000*       308 <EXPANSION END>
                         309 --54:         R_WM_FrameEndMark(FLASHDASH_WM_UNIT, 0);
                         310 --line54
                         311 ..lin.5fade38f..bb1fc034.0_7::
                         312 .LDWlin7:
00000064 0032            313 	mov	0,r6
00000066 003a            314 	mov	0,r7
                         315 	jarl	_R_WM_FrameEndMark,lp
                         315 <EXPANSION BEGIN>
                         315 jarl22 _R_WM_FrameEndMark , lp 
00000068 80ff0000*       315 <EXPANSION END>
                         316 .L49:
                         317 --55:     }
                         318 --56: }
                         319 --	    .ef
                         320 .LDW41:
                         321 --line56
                         322 ..lin.5fade38f..bb1fc034.0_8::
                         323 .LDWlin8:
0000006c 40067f00        324 	dispose	0,{r29,r31},[lp]
                         325 ..lin.5fade38f..bb1fc034.0_9::
                         326 .LDWlin9:
                         327 	.type	_callbackJCUA,@function
                         328 	.size	_callbackJCUA,.-_callbackJCUA
                         329 	.align	2
                         330 .LDW51:
                         331 
                         332 --_Unit	r6	param
                         333 --_Factor	r7	param
                         334 --_Param	r8	param
                         335 
                         336 	.section ".bss","awb"
                         337 .L106:
                         338 	.type	.L106,@object
                         339 	.size	.L106,0
                         340 	.data
                         341 	.text
                         342 
                         343 
                         344 --60: void SetupJCUA(void)
                         345 	.align	2
                         346 	.align	2
                         347 	.align	2
                         348 ..gh.f.a.2.e.2:

                                                                      Page 7
                                                              C:\Users\MANGESH\AppData\Local\Temp\gh_00007nc1.si
                         349 	.type	..gh.f.a.2.e.2,@object
                         350 	.size	..gh.f.a.2.e.2,0
                         351 	.global	_SetupJCUA
                         352 _SetupJCUA:
00000070 80072100        353 	prepare	{r31},0
                         354 --	    .bf
                         355 .LDW61:
                         356 --61: {
                         357 --62:     r_jcua_Error_t err;
                         358 --64:     err = R_JCUA_Init(0);
00000074 0032            359 	mov	0,r6
                         360 	jarl	_R_JCUA_Init,lp
                         360 <EXPANSION BEGIN>
                         360 jarl22 _R_JCUA_Init , lp 
00000076 80ff0000*       360 <EXPANSION END>
0000007a 0a08            361 	mov	r10,r1
                         362 --65:     if (err != R_JCUA_ERR_OK)
                         363 --line65
                         364 ..lin.5fade38f..aa4ee858.0_10::
                         365 .LDWlin10:
0000007c e009            366 	cmp	zero,r1
0000007e ea0d*           367 	bne	.L155
                         368 --66:     {
                         369 --67:         return;
                         370 --68:     }
                         371 --70:     JCUA_running = 0;
                         372 --line70
                         373 ..lin.5fade38f..aa4ee858.0_11::
                         374 .LDWlin11:
00000080 2b0600000000*   375 	mov	_JCUA_running,r11
00000086 6b070100        376 	st.w	zero,0[r11]
                         377 --72:     err = R_JCUA_DecoderOpen(0, callbackJCUA, 0);
                         378 --line72
                         379 ..lin.5fade38f..aa4ee858.0_12::
                         380 .LDWlin12:
0000008a 270600000000*   381 	mov	_callbackJCUA,r7
00000090 0032            382 	mov	0,r6
00000092 0042            383 	mov	0,r8
                         384 	jarl	_R_JCUA_DecoderOpen,lp
                         384 <EXPANSION BEGIN>
                         384 jarl22 _R_JCUA_DecoderOpen , lp 
00000094 80ff0000*       384 <EXPANSION END>
00000098 0a08            385 	mov	r10,r1
                         386 --73:     if (err != R_JCUA_ERR_OK)
                         387 .L155:
                         388 --74:     {
                         389 --75:         return;
                         390 --76:     }
                         391 --77: }
                         392 --	    .ef
                         393 .LDW71:
                         394 --line77
                         395 ..lin.5fade38f..aa4ee858.0_13::
                         396 .LDWlin13:
0000009a 40063f00        397 	dispose	0,{r31},[lp]
                         398 ..lin.5fade38f..aa4ee858.0_14::
                         399 .LDWlin14:
                         400 	.type	_SetupJCUA,@function
                         401 	.size	_SetupJCUA,.-_SetupJCUA
                         402 	.align	2
                         403 .LDW81:

                                                                      Page 8
                                                              C:\Users\MANGESH\AppData\Local\Temp\gh_00007nc1.si
                         404 --_err	r1	local
                         405 
                         406 	.section ".bss","awb"
                         407 .L206:
                         408 	.type	.L206,@object
                         409 	.size	.L206,0
                         410 	.data
                         411 	.text
                         412 
                         413 
                         414 --79: r_jcua_DecodeSetting_t jpeg_decode;
                         415 --81: void jpeg_decode_buffer(void *src, r_drw2d_Framebuffer_t*  draw_fb) {
                         416 	.align	2
                         417 	.align	2
                         418 	.align	2
                         419 ..gh.f.a.2.e.3:
                         420 	.type	..gh.f.a.2.e.3,@object
                         421 	.size	..gh.f.a.2.e.3,0
                         422 	.global	_jpeg_decode_buffer
                         423 _jpeg_decode_buffer:
0000009e 8a07e100        424 	prepare	{r28,r29,r31},5
000000a2 07f0            425 	mov	r7,ep
000000a4 3d0600000000*   426 	mov	_jpeg_decode,r29
000000aa 3c0600000000*   427 	mov	_JCUA_running,r28
                         428 --	    .bf
                         429 .LDW91:
                         430 --82:     r_jcua_FrameBuffer_t dst_buf;
                         431 --83:     r_jcua_Error_t err;
                         432 --84:     volatile static int FrameWait=1;    
                         433 --86:     
                         434 --87:     /*  Currently hard coded */
                         435 --88:     dst_buf.Address = draw_fb->Buffer.Data;
                         436 --line88
                         437 ..lin.5fade38f..1c1fcc6.0_15::
                         438 .LDWlin15:
000000b0 020d            439 	sld.w	4[ep],r1
000000b2 630f0100        440 	st.w	r1,0[sp]
                         441 --89:     dst_buf.Size    = draw_fb->Buffer.Pitch * draw_fb->Buffer.Size.Height * 4; 
000000b6 080d            442 	sld.w	16[ep],r1
000000b8 0475            443 	sld.w	8[ep],r14
000000ba ee0f2002        444 	mul	r14,r1,zero
000000be c20a            445 	shl	2,r1
000000c0 630f0500        446 	st.w	r1,4[sp]
                         447 --90:     dst_buf.Stride  = draw_fb->Buffer.Pitch * 4 /* BPP */;
000000c4 040d            448 	sld.w	8[ep],r1
000000c6 c20a            449 	shl	2,r1
000000c8 630f0800        450 	st.h	r1,8[sp]
                         451 --91:     dst_buf.Format  = R_JCUA_OUTPUT_FORMAT_ARGB8888; /* currently YUV 422 not support in wm */
000000cc 010a            452 	mov	1,r1
000000ce 630f0d00        453 	st.w	r1,12[sp]
                         454 --92:     dst_buf.Swap    = R_JCUA_SWAP_LONG;
000000d2 040a            455 	mov	4,r1
000000d4 630f1100        456 	st.w	r1,16[sp]
                         457 --94:     jpeg_decode.OptionFlag = R_JCUA_DECODE_OPTION_NONE;
000000d8 7d070100        458 	st.w	zero,0[r29]
                         459 --95:     jpeg_decode.ImgInfo    = R_NULL;
000000dc 7d073100        460 	st.w	zero,48[r29]
                         461 --97:     callback_swap_window = 0;
000000e0 2b0600000000*   462 	mov	_callback_swap_window,r11
000000e6 6b070100        463 	st.w	zero,0[r11]
                         464 --98:     JCUA_running = 1;

                                                                      Page 9
                                                              C:\Users\MANGESH\AppData\Local\Temp\gh_00007nc1.si
                         465 --line98
                         466 ..lin.5fade38f..1c1fcc6.0_16::
                         467 .LDWlin16:
000000ea 010a            468 	mov	1,r1
000000ec 7c0f0100        469 	st.w	r1,0[r28]
                         470 --99:     
                         471 --100:     err = R_JCUA_DecoderStart(0, src, &dst_buf, &jpeg_decode);
000000f0 0638            472 	mov	r6,r7
000000f2 1d48            473 	mov	r29,r9
000000f4 0032            474 	mov	0,r6
000000f6 23460000        475 	movea	0,sp,r8
                         476 	jarl	_R_JCUA_DecoderStart,lp
                         476 <EXPANSION BEGIN>
                         476 jarl22 _R_JCUA_DecoderStart , lp 
000000fa 80ff0000*       476 <EXPANSION END>
000000fe 0a08            477 	mov	r10,r1
                         478 --101:     while (err != R_JCUA_ERR_OK)    {
                         479 --line101
                         480 ..lin.5fade38f..1c1fcc6.0_17::
                         481 .LDWlin17:
00000100 b505*           482 	br	.L232
                         483 .L234:
                         484 --102: 	    JCUA_running = 0;
                         485 --line102
                         486 ..lin.5fade38f..1c1fcc6.0_18::
                         487 .LDWlin18:
00000102 7c070100        488 	st.w	zero,0[r28]
                         489 .L232:
00000106 e009            490 	cmp	zero,r1
00000108 dafd*           491 	bne	.L234
                         492 --103:     }
                         493 --104: }
                         494 --	    .ef
                         495 .LDW02:
                         496 --line104
                         497 ..lin.5fade38f..1c1fcc6.0_19::
                         498 .LDWlin19:
0000010a 4a06ff00        499 	dispose	5,{r28,r29,r31},[lp]
                         500 ..lin.5fade38f..1c1fcc6.0_20::
                         501 .LDWlin20:
                         502 	.type	_jpeg_decode_buffer,@function
                         503 	.size	_jpeg_decode_buffer,.-_jpeg_decode_buffer
                         504 	.align	2
                         505 .LDW12:
                         506 --_FrameWait	.L341	static
                         507 --_dst_buf	0[sp]	local
                         508 --_err	r1	local
                         509 
                         510 --_src	r6	param
                         511 --_draw_fb	ep	param
                         512 
                         513 	.section ".bss","awb"
                         514 .L306:
                         515 	.type	.L306,@object
                         516 	.size	.L306,0
                         517 	.data
                         518 	.align	4
                         519 .L341:
                         520 	.global	_FrameWait.jpeg_decode_buffer.G.3A.5Cvlib_v1.2E8_svn.5Capp.5Cgfx_apps.5Cd1m1_flashdash_demo.5Ctarget.5Cd1m2_mango_ghs.5Cobj.5Cjpeg..0
                         521 _FrameWait.jpeg_decode_buffer.G.3A.5Cvlib_v1.2E8_svn.5Capp.5Cgfx_apps.5Cd1m1_flashdash_demo.5Ctarget.5Cd1m2_mango_ghs.5Cobj.5Cjpeg..0:
00000000 01000000        522 	.byte	1,0,0,0

                                                                      Page 10
                                                              C:\Users\MANGESH\AppData\Local\Temp\gh_00007nc1.si
                         523 	.type	_FrameWait.jpeg_decode_buffer.G.3A.5Cvlib_v1.2E8_svn.5Capp.5Cgfx_apps.5Cd1m1_flashdash_demo.5Ctarget.5Cd1m2_mango_ghs.5Cobj.5Cjpeg..0,@object
                         524 	.size	_FrameWait.jpeg_decode_buffer.G.3A.5Cvlib_v1.2E8_svn.5Capp.5Cgfx_apps.5Cd1m1_flashdash_demo.5Ctarget.5Cd1m2_mango_ghs.5Cobj.5Cjpeg..0,4
                         525 	.type	.L341,@object
                         526 	.size	.L341,4
                         527 	.text
                         528 
                         529 
                         530 --106: void CallSwap(void ){
                         531 	.align	2
                         532 	.align	2
                         533 	.align	2
                         534 ..gh.f.a.2.e.4:
                         535 	.type	..gh.f.a.2.e.4,@object
                         536 	.size	..gh.f.a.2.e.4,0
                         537 	.global	_CallSwap
                         538 _CallSwap:
0000010e 80072100        539 	prepare	{r31},0
                         540 --	    .bf
                         541 .LDW22:
                         542 --107:     R_WM_WindowSwap(FLASHDASH_WM_UNIT, &cur_Window);
00000112 0032            543 	mov	0,r6
00000114 270600000000*   544 	mov	_cur_Window,r7
                         545 	jarl	_R_WM_WindowSwap,lp
                         545 <EXPANSION BEGIN>
                         545 jarl22 _R_WM_WindowSwap , lp 
0000011a 80ff0000*       545 <EXPANSION END>
                         546 --108:     R_WM_FrameEndMark(FLASHDASH_WM_UNIT, 0);
                         547 --line108
                         548 ..lin.5fade38f..30153afb.0_21::
                         549 .LDWlin21:
0000011e 0032            550 	mov	0,r6
00000120 003a            551 	mov	0,r7
                         552 	jarl	_R_WM_FrameEndMark,lp
                         552 <EXPANSION BEGIN>
                         552 jarl22 _R_WM_FrameEndMark , lp 
00000122 80ff0000*       552 <EXPANSION END>
                         553 --109: }
                         554 --	    .ef
                         555 .LDW32:
                         556 --line109
                         557 ..lin.5fade38f..30153afb.0_22::
                         558 .LDWlin22:
00000126 40063f00        559 	dispose	0,{r31},[lp]
                         560 ..lin.5fade38f..30153afb.0_23::
                         561 .LDWlin23:
                         562 	.type	_CallSwap,@function
                         563 	.size	_CallSwap,.-_CallSwap
                         564 	.align	2
                         565 .LDW42:
                         566 
                         567 	.section ".bss","awb"
                         568 .L390:
                         569 	.type	.L390,@object
                         570 	.size	.L390,0
                         571 	.data
                         572 	.text
                         573 
                         574 	.align	2
                         575 
                         576 	.data
                         577 	.global	_JCUA_running

                                                                      Page 11
                                                              C:\Users\MANGESH\AppData\Local\Temp\gh_00007nc1.si
00000004 00000000        578 _JCUA_running:	.byte	0,0,0,0
                         579 	.type	_JCUA_running,@object
                         580 	.size	_JCUA_running,4
                         581 	.global	_callback_swap_window
00000008 00000000        582 _callback_swap_window:	.byte	0,0,0,0
                         583 	.type	_callback_swap_window,@object
                         584 	.size	_callback_swap_window,4
                         585 	.section ".bss","awb"
                         586 	.align	4
                         587 	.align	4
                         588 	.global	_cur_Window
00000000 000000000000    589 _cur_Window:	.space	84
00000006 000000000000 
0000000c 000000000000 
00000012 000000000000 
00000018 000000000000 
0000001e 000000000000 
00000024 000000000000 
0000002a 000000000000 
00000030 000000000000 
00000036 000000000000 
0000003c 000000000000 
00000042 000000000000 
00000048 000000000000 
0000004e 000000000000 
                         590 	.type	_cur_Window,@object
                         591 	.size	_cur_Window,84
                         592 	.align	4
                         593 	.global	_jpeg_decode
00000054 000000000000    594 _jpeg_decode:	.space	52
0000005a 000000000000 
00000060 000000000000 
00000066 000000000000 
0000006c 000000000000 
00000072 000000000000 
00000078 000000000000 
0000007e 000000000000 
00000084 00000000 
                         595 	.type	_jpeg_decode,@object
                         596 	.size	_jpeg_decode,52
                         597 	.data
                         598 	.ghsnote version,19
                         599 	.ghsnote tools,3
                         600 	.ghsnote options,656
                         601 	.text
                         602 	.align	2
                         603 ..eof.G.3A.5Cvlib_v1.2E8_svn.5Capp.5Cgfx_apps.5Cd1m1_flashdash_demo.5Ctarget.5Cd1m2_mango_ghs.5Cobj.5Cjpeg...47.3A.5Cvlib_v1.2E8_svn.5Capp.5Cgfx_apps.5Cd1m1_flashdash_demo.5Ctarget.5Cd1m2_mango_ghs..5C39AB0C..0::
                         604 .rh850_flags REGMODE22,DATA_ALIGN8,GP_FIX,EP_NONFIX,TP_FIX,REG2_RESERVE,G3M,SDA_EXTRA_REGS_0
