                                                                      Page 1
                                                              C:\Users\a5085270\AppData\Local\Temp\gh_0000bhc1.si
Command Line: C:\ghs\comp_201715\ease850.exe -w -elf -b0 -I..\..\..\..\..\app\common\dhd -I..\..\..\..\..\app\gfx_apps\d1m1_flashdash_demo\res -I..\..\..\..\..\app\gfx_apps\d1m1_flashdash_demo\src -I..\..\..\..\..\app\gfx_apps\d1m1_flashdash_demo\src\images -I..\..\..\..\..\app\gfx_apps\d1m1_flashdash_demo\target\d1m2_mango_ghs -I..\..\..\..\..\app\gfx_apps\d1m1_flashdash_demo\target\d1m2_mango_ghs\config -I..\..\..\..\..\bsp\board\\config -I..\..\..\..\..\bsp\board\\src\gfx -I..\..\..\..\..\bsp\board\\src\hmi -I..\..\..\..\..\bsp\board\\src\stdio -I..\..\..\..\..\bsp\board\d1mx_mango\config -I..\..\..\..\..\bsp\board\d1mx_mango\src -I..\..\..\..\..\bsp\board\d1mx_mango\src\gfx -I..\..\..\..\..\bsp\board\d1mx_mango\src\hmi -I..\..\..\..\..\bsp\board\d1mx_mango\src\stdio -I..\..\..\..\..\bsp\gfx\lib -I..\..\..\..\..\bsp\gfx\src -I..\..\..\..\..\bsp\hmi\lib -I..\..\..\..\..\bsp\hmi\src -I..\..\..\..\..\bsp\lib -I..\..\..\..\..\bsp\stdio\lib -I..\..\..\..\..\bsp\stdio\src -I..\..\..\..\..\cdi\lib -I..\..\..\..\..\cdi\src -I..\..\..\..\..\compiler\rh850_ghs\inc -I..\..\..\..\..\device\d1mx\lib -I..\..\..\..\..\device\d1mx\macro_cfg -I..\..\..\..\..\device\d1mx\src\dev -I..\..\..\..\..\device\d1mx\src\dhd -I..\..\..\..\..\device\d1mx\src\jcua -I..\..\..\..\..\device\d1mx\src\rh850_ghs -I..\..\..\..\..\device\d1mx\src\vowe -I..\..\..\..\..\device\d1x_common\macro_cfg -I..\..\..\..\..\device\d1x_common\src\csisw -I..\..\..\..\..\device\d1x_common\src\dev -I..\..\..\..\..\device\d1x_common\src\gfxbus -I..\..\..\..\..\device\d1x_common\src\gpio -I..\..\..\..\..\device\d1x_common\src\ostm -I..\..\..\..\..\device\d1x_common\src\pbg -I..\..\..\..\..\device\d1x_common\src\riic -I..\..\..\..\..\device\d1x_common\src\sfma -I..\..\..\..\..\device\d1x_common\src\spea -I..\..\..\..\..\device\d1x_common\src\tauj -I..\..\..\..\..\device\d1x_common\src\tick -I..\..\..\..\..\device\d1x_common\src\vdce -I..\..\..\..\..\device\d1x_common\src\wm -I..\..\..\..\..\device\d1x_common\src\xbus -I..\..\..\..\..\device\lib -I..\..\..\..\..\macro\bus\pbg\lib -I..\..\..\..\..\macro\bus\pbg\src -I..\..\..\..\..\macro\csi\csisw\lib -I..\..\..\..\..\macro\csi\csisw\src -I..\..\..\..\..\macro\drw2d\lib -I..\..\..\..\..\macro\drw2d\platform\davehd -I..\..\..\..\..\macro\drw2d\platform\os\no_os -I..\..\..\..\..\macro\drw2d\src -I..\..\..\..\..\macro\flashc\sfcdb\lib -I..\..\..\..\..\macro\flashc\sfcdb\src -I..\..\..\..\..\macro\flashc\sfma\lib -I..\..\..\..\..\macro\flashc\sfma\src -I..\..\..\..\..\macro\gfxbus\lib -I..\..\..\..\..\macro\gfxbus\src -I..\..\..\..\..\macro\gfxbus\xbus\lib -I..\..\..\..\..\macro\gfxbus\xbus\src -I..\..\..\..\..\macro\gpio\lib -I..\..\..\..\..\macro\gpio\src -I..\..\..\..\..\macro\gpu\davehd\common\inc -I..\..\..\..\..\macro\gpu\davehd\common\inc\platform -I..\..\..\..\..\macro\gpu\davehd\common\inc\platform\d1mx -I..\..\..\..\..\macro\gpu\davehd\kernel\inc -I..\..\..\..\..\macro\gpu\davehd\kernel\platform\d1mx -I..\..\..\..\..\macro\gpu\davehd\kernel\platform\d1mx\bridge -I..\..\..\..\..\macro\gpu\davehd\kernel\platform\ree -I..\..\..\..\..\macro\gpu\davehd\kernel\src -I..\..\..\..\..\macro\gpu\davehd\user\inc -I..\..\..\..\..\macro\gpu\davehd\user\platform\d1mx\no_os -I..\..\..\..\..\macro\gpu\davehd\user\src -I..\..\..\..\..\macro\gpu\jcua\lib -I..\..\..\..\..\macro\gpu\jcua\src -I..\..\..\..\..\macro\i2c\riic\lib -I..\..\..\..\..\macro\i2c\riic\src -I..\..\..\..\..\macro\tick\lib -I..\..\..\..\..\macro\tick\src -I..\..\..\..\..\macro\timer\ostm\lib -I..\..\..\..\..\macro\timer\ostm\src -I..\..\..\..\..\macro\timer\tauj\lib -I..\..\..\..\..\macro\timer\tauj\src -I..\..\..\..\..\macro\vdce\lib -I..\..\..\..\..\macro\vdce\src -I..\..\..\..\..\macro\vo\ddb\lib -I..\..\..\..\..\macro\vo\ddb\src -I..\..\..\..\..\macro\vo\spea\lib -I..\..\..\..\..\macro\vo\spea\src -I..\..\..\..\..\macro\vo\vowe\lib -I..\..\..\..\..\macro\vo\vowe\src -I..\..\..\..\..\macro\wm\lib -I..\..\..\..\..\macro\wm\src -I..\..\..\..\..\middleware\gfxutils\lib -I..\..\..\..\..\middleware\gfxutils\src -I..\..\..\..\..\device\d1mx\macro_cfg\csisw -I..\..\..\..\..\device\d1mx\macro_cfg\davehd -I..\..\..\..\..\device\d1mx\macro_cfg\ddb -I..\..\..\..\..\device\d1mx\macro_cfg\drw2d -I..\..\..\..\..\device\d1mx\macro_cfg\gfxbus -I..\..\..\..\..\device\d1mx\macro_cfg\gpio -I..\..\..\..\..\device\d1mx\macro_cfg\hypb -I..\..\..\..\..\device\d1mx\macro_cfg\hypdb -I..\..\..\..\..\device\d1mx\macro_cfg\jcua -I..\..\..\..\..\device\d1mx\macro_cfg\nfmabare -I..\..\..\..\..\device\d1mx\macro_cfg\octa -I..\..\..\..\..\device\d1mx\macro_cfg\octacdb -I..\..\..\..\..\device\d1mx\macro_cfg\ostm -I..\..\..\..\..\device\d1mx\macro_cfg\pbg -I..\..\..\..\..\device\d1mx\macro_cfg\riic -I..\..\..\..\..\device\d1mx\macro_cfg\sfcdb -I..\..\..\..\..\device\d1mx\macro_cfg\sfma -I..\..\..\..\..\device\d1mx\macro_cfg\spea -I..\..\..\..\..\device\d1mx\macro_cfg\tauj -I..\..\..\..\..\device\d1mx\macro_cfg\tick -I..\..\..\..\..\device\d1mx\macro_cfg\vdce -I..\..\..\..\..\device\d1mx\macro_cfg\vowe -I..\..\..\..\..\device\d1mx\macro_cfg\wm -I..\..\..\..\..\device\d1mx\macro_cfg\xbus -I..\..\..\..\..\device\d1x_common\macro_cfg\csisw -I..\..\..\..\..\device\d1x_common\macro_cfg\davehd -I..\..\..\..\..\device\d1x_common\macro_cfg\ddb -I..\..\..\..\..\device\d1x_common\macro_cfg\drw2d -I..\..\..\..\..\device\d1x_common\macro_cfg\gfxbus -I..\..\..\..\..\device\d1x_common\macro_cfg\gpio -I..\..\..\..\..\device\d1x_common\macro_cfg\hypb -I..\..\..\..\..\device\d1x_common\macro_cfg\hypdb -I..\..\..\..\..\device\d1x_common\macro_cfg\jcua -I..\..\..\..\..\device\d1x_common\macro_cfg\nfmabare -I..\..\..\..\..\device\d1x_common\macro_cfg\octa -I..\..\..\..\..\device\d1x_common\macro_cfg\octacdb -I..\..\..\..\..\device\d1x_common\macro_cfg\ostm -I..\..\..\..\..\device\d1x_common\macro_cfg\pbg -I..\..\..\..\..\device\d1x_common\macro_cfg\riic -I..\..\..\..\..\device\d1x_common\macro_cfg\sfcdb -I..\..\..\..\..\device\d1x_common\macro_cfg\sfma -I..\..\..\..\..\device\d1x_common\macro_cfg\spea -I..\..\..\..\..\device\d1x_common\macro_cfg\tauj -I..\..\..\..\..\device\d1x_common\macro_cfg\tick -I..\..\..\..\..\device\d1x_common\macro_cfg\vdce -I..\..\..\..\..\device\d1x_common\macro_cfg\vowe -I..\..\..\..\..\device\d1x_common\macro_cfg\wm -I..\..\..\..\..\device\d1x_common\macro_cfg\xbus -I..\..\..\..\..\app\gfx_apps\d1m1_flashdash_demo\src\TEXT_MY -IC:\ghs\comp_201715\lib\rh850_22 -cg_underscore -cpu=rh850g3m -no_v850_simd -nomacro -patch_dbo=D:\MY_1_8_D1x_RGL_org\rgl_ghs_D1Mx_obj_V1.8.0\vlib\app\gfx_apps\d1m1_flashdash_demo\target\d1m2_mango_ghs\obj\manbrake.dbo -source=manbrake.c -o .\obj\gh_0000bhc1.o -list=.\obj\manbrake.lst C:\Users\a5085270\AppData\Local\Temp\gh_0000bhc1.si 
Original File: C:\Users\a5085270\AppData\Local\Temp\gh_0000bhc1.si
Source File: manbrake.c
Directory: D:\MY_1_8_D1x_RGL_org\rgl_ghs_D1Mx_obj_V1.8.0\vlib\app\gfx_apps\d1m1_flashdash_demo\target\d1m2_mango_ghs
Host OS: Windows
EASE: Copyright (C) 1983-2016 Green Hills Software.  All Rights Reserved.
Release: MULTI v800-v2017.1.5-comp-P04
Custom String: TOOLS-28024 unreached assembly routines deleted by linker
Build Directory: [Directory] BTOWINBOX:c:/build_2017_1_bto/2017-10-04.2100-2017_1_bto/win32-comp-ecom
Revision: [VCInfo] http://toolsvc/branches/release-branch-2017-1-bto/src@603992 (built by build)
Revision Date: Thu Oct 05 10:11:26 2017

Release Date: Tue Oct 10 02:48:58 2017

                           1 --Driver Command: ccv850 -c -MD -I..\..\..\..\..\app\common\dhd
                           2 --		-I..\..\..\..\..\app\gfx_apps\d1m1_flashdash_demo\res
                           3 --		-I..\..\..\..\..\app\gfx_apps\d1m1_flashdash_demo\src
                           4 --		-I..\..\..\..\..\app\gfx_apps\d1m1_flashdash_demo\src\images
                           5 --		-I..\..\..\..\..\app\gfx_apps\d1m1_flashdash_demo\target\d1m2_mango_ghs
                           6 --		-I..\..\..\..\..\app\gfx_apps\d1m1_flashdash_demo\target\d1m2_mango_ghs\config
                           7 --		-I..\..\..\..\..\bsp\board\\config
                           8 --		-I..\..\..\..\..\bsp\board\\src\gfx
                           9 --		-I..\..\..\..\..\bsp\board\\src\hmi
                          10 --		-I..\..\..\..\..\bsp\board\\src\stdio
                          11 --		-I..\..\..\..\..\bsp\board\d1mx_mango\config
                          12 --		-I..\..\..\..\..\bsp\board\d1mx_mango\src
                          13 --		-I..\..\..\..\..\bsp\board\d1mx_mango\src\gfx
                          14 --		-I..\..\..\..\..\bsp\board\d1mx_mango\src\hmi
                          15 --		-I..\..\..\..\..\bsp\board\d1mx_mango\src\stdio
                          16 --		-I..\..\..\..\..\bsp\gfx\lib -I..\..\..\..\..\bsp\gfx\src
                          17 --		-I..\..\..\..\..\bsp\hmi\lib -I..\..\..\..\..\bsp\hmi\src
                          18 --		-I..\..\..\..\..\bsp\lib -I..\..\..\..\..\bsp\stdio\lib
                          19 --		-I..\..\..\..\..\bsp\stdio\src -I..\..\..\..\..\cdi\lib
                          20 --		-I..\..\..\..\..\cdi\src -I..\..\..\..\..\compiler\rh850_ghs\inc
                          21 --		-I..\..\..\..\..\device\d1mx\lib
                          22 --		-I..\..\..\..\..\device\d1mx\macro_cfg
                          23 --		-I..\..\..\..\..\device\d1mx\src\dev
                          24 --		-I..\..\..\..\..\device\d1mx\src\dhd
                          25 --		-I..\..\..\..\..\device\d1mx\src\jcua
                          26 --		-I..\..\..\..\..\device\d1mx\src\rh850_ghs
                          27 --		-I..\..\..\..\..\device\d1mx\src\vowe
                          28 --		-I..\..\..\..\..\device\d1x_common\macro_cfg
                          29 --		-I..\..\..\..\..\device\d1x_common\src\csisw
                          30 --		-I..\..\..\..\..\device\d1x_common\src\dev
                          31 --		-I..\..\..\..\..\device\d1x_common\src\gfxbus
                          32 --		-I..\..\..\..\..\device\d1x_common\src\gpio
                          33 --		-I..\..\..\..\..\device\d1x_common\src\ostm
                          34 --		-I..\..\..\..\..\device\d1x_common\src\pbg
                          35 --		-I..\..\..\..\..\device\d1x_common\src\riic
                          36 --		-I..\..\..\..\..\device\d1x_common\src\sfma
                          37 --		-I..\..\..\..\..\device\d1x_common\src\spea
                          38 --		-I..\..\..\..\..\device\d1x_common\src\tauj
                          39 --		-I..\..\..\..\..\device\d1x_common\src\tick
                          40 --		-I..\..\..\..\..\device\d1x_common\src\vdce
                          41 --		-I..\..\..\..\..\device\d1x_common\src\wm
                          42 --		-I..\..\..\..\..\device\d1x_common\src\xbus
                          43 --		-I..\..\..\..\..\device\lib -I..\..\..\..\..\macro\bus\pbg\lib
                          44 --		-I..\..\..\..\..\macro\bus\pbg\src
                          45 --		-I..\..\..\..\..\macro\csi\csisw\lib
                          46 --		-I..\..\..\..\..\macro\csi\csisw\src
                          47 --		-I..\..\..\..\..\macro\drw2d\lib
                          48 --		-I..\..\..\..\..\macro\drw2d\platform\davehd
                          49 --		-I..\..\..\..\..\macro\drw2d\platform\os\no_os

                                                                      Page 2
                                                              C:\Users\a5085270\AppData\Local\Temp\gh_0000bhc1.si
                          50 --		-I..\..\..\..\..\macro\drw2d\src
                          51 --		-I..\..\..\..\..\macro\flashc\sfcdb\lib
                          52 --		-I..\..\..\..\..\macro\flashc\sfcdb\src
                          53 --		-I..\..\..\..\..\macro\flashc\sfma\lib
                          54 --		-I..\..\..\..\..\macro\flashc\sfma\src
                          55 --		-I..\..\..\..\..\macro\gfxbus\lib
                          56 --		-I..\..\..\..\..\macro\gfxbus\src
                          57 --		-I..\..\..\..\..\macro\gfxbus\xbus\lib
                          58 --		-I..\..\..\..\..\macro\gfxbus\xbus\src
                          59 --		-I..\..\..\..\..\macro\gpio\lib -I..\..\..\..\..\macro\gpio\src
                          60 --		-I..\..\..\..\..\macro\gpu\davehd\common\inc
                          61 --		-I..\..\..\..\..\macro\gpu\davehd\common\inc\platform
                          62 --		-I..\..\..\..\..\macro\gpu\davehd\common\inc\platform\d1mx
                          63 --		-I..\..\..\..\..\macro\gpu\davehd\kernel\inc
                          64 --		-I..\..\..\..\..\macro\gpu\davehd\kernel\platform\d1mx
                          65 --		-I..\..\..\..\..\macro\gpu\davehd\kernel\platform\d1mx\bridge
                          66 --		-I..\..\..\..\..\macro\gpu\davehd\kernel\platform\ree
                          67 --		-I..\..\..\..\..\macro\gpu\davehd\kernel\src
                          68 --		-I..\..\..\..\..\macro\gpu\davehd\user\inc
                          69 --		-I..\..\..\..\..\macro\gpu\davehd\user\platform\d1mx\no_os
                          70 --		-I..\..\..\..\..\macro\gpu\davehd\user\src
                          71 --		-I..\..\..\..\..\macro\gpu\jcua\lib
                          72 --		-I..\..\..\..\..\macro\gpu\jcua\src
                          73 --		-I..\..\..\..\..\macro\i2c\riic\lib
                          74 --		-I..\..\..\..\..\macro\i2c\riic\src
                          75 --		-I..\..\..\..\..\macro\tick\lib -I..\..\..\..\..\macro\tick\src
                          76 --		-I..\..\..\..\..\macro\timer\ostm\lib
                          77 --		-I..\..\..\..\..\macro\timer\ostm\src
                          78 --		-I..\..\..\..\..\macro\timer\tauj\lib
                          79 --		-I..\..\..\..\..\macro\timer\tauj\src
                          80 --		-I..\..\..\..\..\macro\vdce\lib -I..\..\..\..\..\macro\vdce\src
                          81 --		-I..\..\..\..\..\macro\vo\ddb\lib
                          82 --		-I..\..\..\..\..\macro\vo\ddb\src
                          83 --		-I..\..\..\..\..\macro\vo\spea\lib
                          84 --		-I..\..\..\..\..\macro\vo\spea\src
                          85 --		-I..\..\..\..\..\macro\vo\vowe\lib
                          86 --		-I..\..\..\..\..\macro\vo\vowe\src -I..\..\..\..\..\macro\wm\lib
                          87 --		-I..\..\..\..\..\macro\wm\src
                          88 --		-I..\..\..\..\..\middleware\gfxutils\lib
                          89 --		-I..\..\..\..\..\middleware\gfxutils\src
                          90 --		-I..\..\..\..\..\device\d1mx\macro_cfg\csisw
                          91 --		-I..\..\..\..\..\device\d1mx\macro_cfg\davehd
                          92 --		-I..\..\..\..\..\device\d1mx\macro_cfg\ddb
                          93 --		-I..\..\..\..\..\device\d1mx\macro_cfg\drw2d
                          94 --		-I..\..\..\..\..\device\d1mx\macro_cfg\gfxbus
                          95 --		-I..\..\..\..\..\device\d1mx\macro_cfg\gpio
                          96 --		-I..\..\..\..\..\device\d1mx\macro_cfg\hypb
                          97 --		-I..\..\..\..\..\device\d1mx\macro_cfg\hypdb
                          98 --		-I..\..\..\..\..\device\d1mx\macro_cfg\jcua
                          99 --		-I..\..\..\..\..\device\d1mx\macro_cfg\nfmabare
                         100 --		-I..\..\..\..\..\device\d1mx\macro_cfg\octa
                         101 --		-I..\..\..\..\..\device\d1mx\macro_cfg\octacdb
                         102 --		-I..\..\..\..\..\device\d1mx\macro_cfg\ostm
                         103 --		-I..\..\..\..\..\device\d1mx\macro_cfg\pbg
                         104 --		-I..\..\..\..\..\device\d1mx\macro_cfg\riic
                         105 --		-I..\..\..\..\..\device\d1mx\macro_cfg\sfcdb
                         106 --		-I..\..\..\..\..\device\d1mx\macro_cfg\sfma
                         107 --		-I..\..\..\..\..\device\d1mx\macro_cfg\spea
                         108 --		-I..\..\..\..\..\device\d1mx\macro_cfg\tauj
                         109 --		-I..\..\..\..\..\device\d1mx\macro_cfg\tick
                         110 --		-I..\..\..\..\..\device\d1mx\macro_cfg\vdce

                                                                      Page 3
                                                              C:\Users\a5085270\AppData\Local\Temp\gh_0000bhc1.si
                         111 --		-I..\..\..\..\..\device\d1mx\macro_cfg\vowe
                         112 --		-I..\..\..\..\..\device\d1mx\macro_cfg\wm
                         113 --		-I..\..\..\..\..\device\d1mx\macro_cfg\xbus
                         114 --		-I..\..\..\..\..\device\d1x_common\macro_cfg\csisw
                         115 --		-I..\..\..\..\..\device\d1x_common\macro_cfg\davehd
                         116 --		-I..\..\..\..\..\device\d1x_common\macro_cfg\ddb
                         117 --		-I..\..\..\..\..\device\d1x_common\macro_cfg\drw2d
                         118 --		-I..\..\..\..\..\device\d1x_common\macro_cfg\gfxbus
                         119 --		-I..\..\..\..\..\device\d1x_common\macro_cfg\gpio
                         120 --		-I..\..\..\..\..\device\d1x_common\macro_cfg\hypb
                         121 --		-I..\..\..\..\..\device\d1x_common\macro_cfg\hypdb
                         122 --		-I..\..\..\..\..\device\d1x_common\macro_cfg\jcua
                         123 --		-I..\..\..\..\..\device\d1x_common\macro_cfg\nfmabare
                         124 --		-I..\..\..\..\..\device\d1x_common\macro_cfg\octa
                         125 --		-I..\..\..\..\..\device\d1x_common\macro_cfg\octacdb
                         126 --		-I..\..\..\..\..\device\d1x_common\macro_cfg\ostm
                         127 --		-I..\..\..\..\..\device\d1x_common\macro_cfg\pbg
                         128 --		-I..\..\..\..\..\device\d1x_common\macro_cfg\riic
                         129 --		-I..\..\..\..\..\device\d1x_common\macro_cfg\sfcdb
                         130 --		-I..\..\..\..\..\device\d1x_common\macro_cfg\sfma
                         131 --		-I..\..\..\..\..\device\d1x_common\macro_cfg\spea
                         132 --		-I..\..\..\..\..\device\d1x_common\macro_cfg\tauj
                         133 --		-I..\..\..\..\..\device\d1x_common\macro_cfg\tick
                         134 --		-I..\..\..\..\..\device\d1x_common\macro_cfg\vdce
                         135 --		-I..\..\..\..\..\device\d1x_common\macro_cfg\vowe
                         136 --		-I..\..\..\..\..\device\d1x_common\macro_cfg\wm
                         137 --		-I..\..\..\..\..\device\d1x_common\macro_cfg\xbus
                         138 --		-I..\..\..\..\..\app\gfx_apps\d1m1_flashdash_demo\src\TEXT_MY
                         139 --		--no_commons --no_implicit_include --prototype_errors
                         140 --		-DBSP_INIT_QOS_SDRAM_ORG -DBSP_INIT_SFMA_ORG -DRENESAS_D1X
                         141 --		-DR_DRW2D_OS_NO_OS -DR_DRW2D_SYS_DHD -DUSED_CPU=RH850G3M
                         142 --		-DUSE_BSP_GFX -DUSE_BSP_HMI_ORG -DUSE_BSP_STDIO -DUSE_CDI
                         143 --		-DUSE_CSISW -DUSE_DAVEHD -DUSE_DDB -DUSE_DRW2D -DUSE_GFXBUS
                         144 --		-DUSE_GFXUTILS -DUSE_GPIO -DUSE_JCUA -DUSE_OSTM -DUSE_PBG
                         145 --		-DUSE_RIIC -DUSE_SFCDB -DUSE_SFMA_ORG -DUSE_SPEA -DUSE_TAUJ
                         146 --		-DUSE_TICK -DUSE_VDCE -DUSE_VOWE -DUSE_WM -DUSE_XBUS -G -MD
                         147 --		-Odebug -Zuse1bit -allocate_ep -cpu=rh850g3m -large_sda -list
                         148 --		-no_callt -notda -passsource -preprocess_assembly_files
                         149 --		-registermode=22 -reserve_r2 --diag_warning 1 -object_dir=.\obj
                         150 --		-DBSP_INIT_QOS_VRAM -filetype.c
                         151 --		..\..\..\..\gfx_apps\d1m1_flashdash_demo\src\manbrake.c -o
                         152 --		.\obj\manbrake.o
                         153 --Source File:   ..\..\..\..\gfx_apps\d1m1_flashdash_demo\src\manbrake.c
                         154 --Directory:     
                         155 --		D:\MY_1_8_D1x_RGL_org\rgl_ghs_D1Mx_obj_V1.8.0\vlib\app\gfx_apps\d1m1_flashdash_demo\target\d1m2_mango_ghs
                         156 --Compile Date:  Mon Sep 10 10:45:14 2018
                         157 --Host OS:       Win32
                         158 --Version:       C-RH850 2017.1.5 RELEASE VERSION
                         159 --Release:       Compiler v2017.1.5
                         160 --Revision Date: Tue Apr 11 09:29:40 2017
                         161 --Release Date:  Tue Apr 11 11:12:26 2017
                         162 -- ecom  -g -w
                         163 
                         164 	.section ".rodata","a"
                         165 	.align	128
                         166 	.global	_my_manbrake
00000000 00              167 _my_manbrake:	.space	1
00000001 00              168 	.space	1
00000002 00              169 	.space	1
00000003 00              170 	.space	1
00000004 00              171 	.space	1

                                                                      Page 4
                                                              C:\Users\a5085270\AppData\Local\Temp\gh_0000bhc1.si
00000005 00              172 	.space	1
00000006 00              173 	.space	1
00000007 00              174 	.space	1
00000008 00              175 	.space	1
00000009 00              176 	.space	1
0000000a 00              177 	.space	1
0000000b 00              178 	.space	1
0000000c 00              179 	.space	1
0000000d 00              180 	.space	1
0000000e 00              181 	.space	1
0000000f 00              182 	.space	1
00000010 00              183 	.space	1
00000011 00              184 	.space	1
00000012 00              185 	.space	1
00000013 00              186 	.space	1
00000014 0c0cb618        187 	.byte	12,12,182,24
00000018 1111c06d        188 	.byte	17,17,192,109
0000001c 0b0bb316        189 	.byte	11,11,179,22
00000020 00              190 	.space	1
00000021 00              191 	.space	1
00000022 00              192 	.space	1
00000023 00              193 	.space	1
00000024 00              194 	.space	1
00000025 00              195 	.space	1
00000026 00              196 	.space	1
00000027 00              197 	.space	1
00000028 00              198 	.space	1
00000029 00              199 	.space	1
0000002a 00              200 	.space	1
0000002b 00              201 	.space	1
0000002c 0a0aaf09        202 	.byte	10,10,175,9
00000030 1414c238        203 	.byte	20,20,194,56
00000034 1717c879        204 	.byte	23,23,200,121
00000038 1919cba2        205 	.byte	25,25,203,162
0000003c 1a1accba        206 	.byte	26,26,204,186
00000040 1a1accc2        207 	.byte	26,26,204,194
00000044 1919cbb6        208 	.byte	25,25,203,182
00000048 1717c89e        209 	.byte	23,23,200,158
0000004c 1515c56f        210 	.byte	21,21,197,111
00000050 1111bd2a        211 	.byte	17,17,189,42
00000054 0a0ab206        212 	.byte	10,10,178,6
00000058 00              213 	.space	1
00000059 00              214 	.space	1
0000005a 00              215 	.space	1
0000005b 00              216 	.space	1
0000005c 00              217 	.space	1
0000005d 00              218 	.space	1
0000005e 00              219 	.space	1
0000005f 00              220 	.space	1
00000060 00              221 	.space	1
00000061 00              222 	.space	1
00000062 a8010c0c        223 	.byte	168,1,12,12
00000066 b51b0e0e        224 	.byte	181,27,14,14
0000006a bc6a0b0b        225 	.byte	188,106,11,11
0000006e b212            226 	.byte	178,18
00000070 00              227 	.space	1
00000071 00              228 	.space	1
00000072 00              229 	.space	1
00000073 00              230 	.space	1
00000074 00              231 	.space	1
00000075 00              232 	.space	1

                                                                      Page 5
                                                              C:\Users\a5085270\AppData\Local\Temp\gh_0000bhc1.si
00000076 00              233 	.space	1
00000077 00              234 	.space	1
00000078 00              235 	.space	1
00000079 00              236 	.space	1
0000007a 00              237 	.space	1
0000007b 00              238 	.space	1
0000007c 00              239 	.space	1
0000007d 00              240 	.space	1
0000007e 00              241 	.space	1
0000007f 00              242 	.space	1
00000080 00              243 	.space	1
00000081 00              244 	.space	1
00000082 00              245 	.space	1
00000083 00              246 	.space	1
00000084 00              247 	.space	1
00000085 00              248 	.space	1
00000086 00              249 	.space	1
00000087 00              250 	.space	1
00000088 00              251 	.space	1
00000089 00              252 	.space	1
0000008a 00              253 	.space	1
0000008b 00              254 	.space	1
0000008c 00              255 	.space	1
0000008d 00              256 	.space	1
0000008e 00              257 	.space	1
0000008f 00              258 	.space	1
00000090 00              259 	.space	1
00000091 00              260 	.space	1
00000092 00              261 	.space	1
00000093 00              262 	.space	1
00000094 00              263 	.space	1
00000095 00              264 	.space	1
00000096 00              265 	.space	1
00000097 00              266 	.space	1
00000098 0b0bb416        267 	.byte	11,11,180,22
0000009c 1212c2c7        268 	.byte	18,18,194,199
000000a0 1515c9fd        269 	.byte	21,21,201,253
000000a4 1414c4bf        270 	.byte	20,20,196,191
000000a8 0b0bb210        271 	.byte	11,11,178,16
000000ac 0404af04        272 	.byte	4,4,175,4
000000b0 1111bb35        273 	.byte	17,17,187,53
000000b4 1c1cd0c6        274 	.byte	28,28,208,198
000000b8 2121d6f5        275 	.byte	33,33,214,245
000000bc 2424dbfd        276 	.byte	36,36,219,253
000000c0 2626deff        277 	.byte	38,38,222,255
000000c4 2626deff        278 	.byte	38,38,222,255
000000c8 2525deff        279 	.byte	37,37,222,255
000000cc 2424dcff        280 	.byte	36,36,220,255
000000d0 2222daff        281 	.byte	34,34,218,255
000000d4 1e1ed5fd        282 	.byte	30,30,213,253
000000d8 1b1bd0f2        283 	.byte	27,27,208,242
000000dc 1616c8b7        284 	.byte	22,22,200,183
000000e0 0e0eb727        285 	.byte	14,14,183,39
000000e4 00              286 	.space	1
000000e5 00              287 	.space	1
000000e6 b2020b0b        288 	.byte	178,2,11,11
000000ea b4120f0f        289 	.byte	180,18,15,15
000000ee bdb71010        290 	.byte	189,183,16,16
000000f2 c2fc0f0f        291 	.byte	194,252,15,15
000000f6 bece0b0b        292 	.byte	190,206,11,11
000000fa b212            293 	.byte	178,18

                                                                      Page 6
                                                              C:\Users\a5085270\AppData\Local\Temp\gh_0000bhc1.si
000000fc 00              294 	.space	1
000000fd 00              295 	.space	1
000000fe 00              296 	.space	1
000000ff 00              297 	.space	1
00000100 00              298 	.space	1
00000101 00              299 	.space	1
00000102 00              300 	.space	1
00000103 00              301 	.space	1
00000104 00              302 	.space	1
00000105 00              303 	.space	1
00000106 00              304 	.space	1
00000107 00              305 	.space	1
00000108 00              306 	.space	1
00000109 00              307 	.space	1
0000010a 00              308 	.space	1
0000010b 00              309 	.space	1
0000010c 00              310 	.space	1
0000010d 00              311 	.space	1
0000010e 00              312 	.space	1
0000010f 00              313 	.space	1
00000110 00              314 	.space	1
00000111 00              315 	.space	1
00000112 00              316 	.space	1
00000113 00              317 	.space	1
00000114 00              318 	.space	1
00000115 00              319 	.space	1
00000116 00              320 	.space	1
00000117 00              321 	.space	1
00000118 00              322 	.space	1
00000119 00              323 	.space	1
0000011a 00              324 	.space	1
0000011b 00              325 	.space	1
0000011c 0a0ab30b        326 	.byte	10,10,179,11
00000120 1111c0a4        327 	.byte	17,17,192,164
00000124 1616caff        328 	.byte	22,22,202,255
00000128 1818cdff        329 	.byte	24,24,205,255
0000012c 1818ccf9        330 	.byte	24,24,204,249
00000130 1212be54        331 	.byte	18,18,190,84
00000134 1818c888        332 	.byte	24,24,200,136
00000138 2222dafd        333 	.byte	34,34,218,253
0000013c 2727e1ff        334 	.byte	39,39,225,255
00000140 2929e5ff        335 	.byte	41,41,229,255
00000144 2b2be7ff        336 	.byte	43,43,231,255
00000148 2c2ce8ff        337 	.byte	44,44,232,255
0000014c 2c2ce8ff        338 	.byte	44,44,232,255
00000150 2b2be7ff        339 	.byte	43,43,231,255
00000154 2a2ae5ff        340 	.byte	42,42,229,255
00000158 2727e2ff        341 	.byte	39,39,226,255
0000015c 2525deff        342 	.byte	37,37,222,255
00000160 2222daff        343 	.byte	34,34,218,255
00000164 1e1ed5ff        344 	.byte	30,30,213,255
00000168 1919cef4        345 	.byte	25,25,206,244
0000016c 1111be5f        346 	.byte	17,17,190,95
00000170 0e0eb941        347 	.byte	14,14,185,65
00000174 1212c4f3        348 	.byte	18,18,196,243
00000178 1111c4ff        349 	.byte	17,17,196,255
0000017c 0f0fc2ff        350 	.byte	15,15,194,255
00000180 0e0ebdb2        351 	.byte	14,14,189,178
00000184 0b0bb10b        352 	.byte	11,11,177,11
00000188 00              353 	.space	1
00000189 00              354 	.space	1

                                                                      Page 7
                                                              C:\Users\a5085270\AppData\Local\Temp\gh_0000bhc1.si
0000018a 00              355 	.space	1
0000018b 00              356 	.space	1
0000018c 00              357 	.space	1
0000018d 00              358 	.space	1
0000018e 00              359 	.space	1
0000018f 00              360 	.space	1
00000190 00              361 	.space	1
00000191 00              362 	.space	1
00000192 00              363 	.space	1
00000193 00              364 	.space	1
00000194 00              365 	.space	1
00000195 00              366 	.space	1
00000196 00              367 	.space	1
00000197 00              368 	.space	1
00000198 00              369 	.space	1
00000199 00              370 	.space	1
0000019a 00              371 	.space	1
0000019b 00              372 	.space	1
0000019c 00              373 	.space	1
0000019d 00              374 	.space	1
0000019e 00              375 	.space	1
0000019f 00              376 	.space	1
000001a0 00              377 	.space	1
000001a1 00              378 	.space	1
000001a2 ba010f0f        379 	.byte	186,1,15,15
000001a6 bc661515        380 	.byte	188,102,21,21
000001aa c8ff1818        381 	.byte	200,255,24,24
000001ae cdff1919        382 	.byte	205,255,25,25
000001b2 cfff1414        383 	.byte	207,255,20,20
000001b6 c3b11919        384 	.byte	195,177,25,25
000001ba cab02525        385 	.byte	202,176,37,37
000001be deff2929        386 	.byte	222,255,41,41
000001c2 e4ff2d2d        387 	.byte	228,255,45,45
000001c6 eaff2e2e        388 	.byte	234,255,46,46
000001ca e9fd2a2a        389 	.byte	233,253,42,42
000001ce e2e82424        390 	.byte	226,232,36,36
000001d2 d9bf2222        391 	.byte	217,191,34,34
000001d6 d6af2424        392 	.byte	214,175,36,36
000001da d8b82020        393 	.byte	216,184,32,32
000001de d3ad2121        394 	.byte	211,173,33,33
000001e2 d6c52424        395 	.byte	214,197,36,36
000001e6 dbed2525        396 	.byte	219,237,37,37
000001ea dffe2323        397 	.byte	223,254,35,35
000001ee dcff1e1e        398 	.byte	220,255,30,30
000001f2 d6ff1a1a        399 	.byte	214,255,26,26
000001f6 cfff1212        400 	.byte	207,255,18,18
000001fa c1950f0f        401 	.byte	193,149,15,15
000001fe bca41111        402 	.byte	188,164,17,17
00000202 c5fe1111        403 	.byte	197,254,17,17
00000206 c4ff0f0f        404 	.byte	196,255,15,15
0000020a c1fc0d0d        405 	.byte	193,252,13,13
0000020e ba6e0505        406 	.byte	186,110,5,5
00000212 b202            407 	.byte	178,2
00000214 00              408 	.space	1
00000215 00              409 	.space	1
00000216 00              410 	.space	1
00000217 00              411 	.space	1
00000218 00              412 	.space	1
00000219 00              413 	.space	1
0000021a 00              414 	.space	1
0000021b 00              415 	.space	1

                                                                      Page 8
                                                              C:\Users\a5085270\AppData\Local\Temp\gh_0000bhc1.si
0000021c 00              416 	.space	1
0000021d 00              417 	.space	1
0000021e 00              418 	.space	1
0000021f 00              419 	.space	1
00000220 00              420 	.space	1
00000221 00              421 	.space	1
00000222 00              422 	.space	1
00000223 00              423 	.space	1
00000224 00              424 	.space	1
00000225 00              425 	.space	1
00000226 00              426 	.space	1
00000227 00              427 	.space	1
00000228 0c0cb218        428 	.byte	12,12,178,24
0000022c 1414c6f0        429 	.byte	20,20,198,240
00000230 1717cbff        430 	.byte	23,23,203,255
00000234 1919cfff        431 	.byte	25,25,207,255
00000238 1313c2bc        432 	.byte	19,19,194,188
0000023c 1818c8a0        433 	.byte	24,24,200,160
00000240 2424ddfe        434 	.byte	36,36,221,254
00000244 2a2ae5ff        435 	.byte	42,42,229,255
00000248 3030ecff        436 	.byte	48,48,236,255
0000024c 2a2ae2e5        437 	.byte	42,42,226,229
00000250 1e1ece78        438 	.byte	30,30,206,120
00000254 0e0eb623        439 	.byte	14,14,182,35
00000258 2525d058        440 	.byte	37,37,208,88
0000025c 3d3df2e9        441 	.byte	61,61,242,233
00000260 3f3ff5f6        442 	.byte	63,63,245,246
00000264 3838efe1        443 	.byte	56,56,239,225
00000268 2121ce4b        444 	.byte	33,33,206,75
0000026c 1111bc2e        445 	.byte	17,17,188,46
00000270 1a1ac987        446 	.byte	26,26,201,135
00000274 2222d7ee        447 	.byte	34,34,215,238
00000278 2323dbff        448 	.byte	35,35,219,255
0000027c 1e1ed5ff        449 	.byte	30,30,213,255
00000280 1919cefc        450 	.byte	25,25,206,252
00000284 1111bf8b        451 	.byte	17,17,191,139
00000288 0f0fbec3        452 	.byte	15,15,190,195
0000028c 1212c5ff        453 	.byte	18,18,197,255
00000290 1010c3ff        454 	.byte	16,16,195,255
00000294 0e0ebee8        455 	.byte	14,14,190,232
00000298 0a0ab217        456 	.byte	10,10,178,23
0000029c 00              457 	.space	1
0000029d 00              458 	.space	1
0000029e 00              459 	.space	1
0000029f 00              460 	.space	1
000002a0 00              461 	.space	1
000002a1 00              462 	.space	1
000002a2 00              463 	.space	1
000002a3 00              464 	.space	1
000002a4 00              465 	.space	1
000002a5 00              466 	.space	1
000002a6 00              467 	.space	1
000002a7 00              468 	.space	1
000002a8 00              469 	.space	1
000002a9 00              470 	.space	1
000002aa 00              471 	.space	1
000002ab 00              472 	.space	1
000002ac 0606b403        473 	.byte	6,6,180,3
000002b0 1111c096        474 	.byte	17,17,192,150
000002b4 1616caff        475 	.byte	22,22,202,255
000002b8 1818cdff        476 	.byte	24,24,205,255

                                                                      Page 9
                                                              C:\Users\a5085270\AppData\Local\Temp\gh_0000bhc1.si
000002bc 1616c8eb        477 	.byte	22,22,200,235
000002c0 1111bd79        478 	.byte	17,17,189,121
000002c4 2424ddff        479 	.byte	36,36,221,255
000002c8 2929e5ff        480 	.byte	41,41,229,255
000002cc 3030edff        481 	.byte	48,48,237,255
000002d0 2828dfd4        482 	.byte	40,40,223,212
000002d4 0c0cb229        483 	.byte	12,12,178,41
000002d8 0606b204        484 	.byte	6,6,178,4
000002dc 0909b308        485 	.byte	9,9,179,8
000002e0 3e3ee8c3        486 	.byte	62,62,232,195
000002e4 5555ffff        487 	.byte	85,85,255,255
000002e8 5454ffff        488 	.byte	84,84,255,255
000002ec 4f4ffeff        489 	.byte	79,79,254,255
000002f0 3838e8b2        490 	.byte	56,56,232,178
000002f4 0808ad07        491 	.byte	8,8,173,7
000002f8 0808b107        492 	.byte	8,8,177,7
000002fc 1111ba3d        493 	.byte	17,17,186,61
00000300 1f1fd3e0        494 	.byte	31,31,211,224
00000304 2222daff        495 	.byte	34,34,218,255
00000308 1d1dd3ff        496 	.byte	29,29,211,255
0000030c 1616caf3        497 	.byte	22,22,202,243
00000310 0d0db55a        498 	.byte	13,13,181,90
00000314 1111c2f2        499 	.byte	17,17,194,242
00000318 1111c4ff        500 	.byte	17,17,196,255
0000031c 0f0fc1ff        501 	.byte	15,15,193,255
00000320 0d0dba81        502 	.byte	13,13,186,129
00000324 00              503 	.space	1
00000325 00              504 	.space	1
00000326 b901            505 	.byte	185,1
00000328 00              506 	.space	1
00000329 00              507 	.space	1
0000032a 00              508 	.space	1
0000032b 00              509 	.space	1
0000032c 00              510 	.space	1
0000032d 00              511 	.space	1
0000032e 00              512 	.space	1
0000032f 00              513 	.space	1
00000330 00              514 	.space	1
00000331 00              515 	.space	1
00000332 00              516 	.space	1
00000333 00              517 	.space	1
00000334 0b0bb212        518 	.byte	11,11,178,18
00000338 1313c5e7        519 	.byte	19,19,197,231
0000033c 1616cbff        520 	.byte	22,22,203,255
00000340 1818cdff        521 	.byte	24,24,205,255
00000344 1111be9d        522 	.byte	17,17,190,157
00000348 1e1ed3e3        523 	.byte	30,30,211,227
0000034c 2828e1ff        524 	.byte	40,40,225,255
00000350 2f2febff        525 	.byte	47,47,235,255
00000354 2929e0dd        526 	.byte	41,41,224,221
00000358 0c0cb225        527 	.byte	12,12,178,37
0000035c 00              528 	.space	1
0000035d 00              529 	.space	1
0000035e 00              530 	.space	1
0000035f 00              531 	.space	1
00000360 00              532 	.space	1
00000361 00              533 	.space	1
00000362 00              534 	.space	1
00000363 00              535 	.space	1
00000364 0c0cb30d        536 	.byte	12,12,179,13
00000368 5050ecda        537 	.byte	80,80,236,218

                                                                      Page 10
                                                              C:\Users\a5085270\AppData\Local\Temp\gh_0000bhc1.si
0000036c 6868ffff        538 	.byte	104,104,255,255
00000370 6767ffff        539 	.byte	103,103,255,255
00000374 6161ffff        540 	.byte	97,97,255,255
00000378 4343e8c2        541 	.byte	67,67,232,194
0000037c 0909b009        542 	.byte	9,9,176,9
00000380 00              543 	.space	1
00000381 00              544 	.space	1
00000382 00              545 	.space	1
00000383 00              546 	.space	1
00000384 00              547 	.space	1
00000385 00              548 	.space	1
00000386 b7010f0f        549 	.byte	183,1,15,15
0000038a b6382020        550 	.byte	182,56,32,32
0000038e d7f31f1f        551 	.byte	215,243,31,31
00000392 d6ff1a1a        552 	.byte	214,255,26,26
00000396 d0ff1313        553 	.byte	208,255,19,19
0000039a c2b20d0d        554 	.byte	194,178,13,13
0000039e b88e1111        555 	.byte	184,142,17,17
000003a2 c4ff1010        556 	.byte	196,255,16,16
000003a6 c2ff0d0d        557 	.byte	194,255,13,13
000003aa bee80c0c        558 	.byte	190,232,12,12
000003ae b30e            559 	.byte	179,14
000003b0 00              560 	.space	1
000003b1 00              561 	.space	1
000003b2 00              562 	.space	1
000003b3 00              563 	.space	1
000003b4 00              564 	.space	1
000003b5 00              565 	.space	1
000003b6 00              566 	.space	1
000003b7 00              567 	.space	1
000003b8 03039901        568 	.byte	3,3,153,1
000003bc 1010bd50        569 	.byte	16,16,189,80
000003c0 1414c7f9        570 	.byte	20,20,199,249
000003c4 1818ccff        571 	.byte	24,24,204,255
000003c8 1616c9f3        572 	.byte	22,22,201,243
000003cc 1414c392        573 	.byte	20,20,195,146
000003d0 2323dcfe        574 	.byte	35,35,220,254
000003d4 2a2ae5ff        575 	.byte	42,42,229,255
000003d8 2d2de7f8        576 	.byte	45,45,231,248
000003dc 1717c453        577 	.byte	23,23,196,83
000003e0 00              578 	.space	1
000003e1 00              579 	.space	1
000003e2 ac01            580 	.byte	172,1
000003e4 00              581 	.space	1
000003e5 00              582 	.space	1
000003e6 00              583 	.space	1
000003e7 00              584 	.space	1
000003e8 00              585 	.space	1
000003e9 00              586 	.space	1
000003ea 00              587 	.space	1
000003eb 00              588 	.space	1
000003ec 0b0bb00e        589 	.byte	11,11,176,14
000003f0 5f5fecdb        590 	.byte	95,95,236,219
000003f4 7d7dffff        591 	.byte	125,125,255,255
000003f8 7c7cffff        592 	.byte	124,124,255,255
000003fc 7474ffff        593 	.byte	116,116,255,255
00000400 4f4fe7c2        594 	.byte	79,79,231,194
00000404 0909b309        595 	.byte	9,9,179,9
00000408 00              596 	.space	1
00000409 00              597 	.space	1
0000040a 00              598 	.space	1

                                                                      Page 11
                                                              C:\Users\a5085270\AppData\Local\Temp\gh_0000bhc1.si
0000040b 00              599 	.space	1
0000040c 00              600 	.space	1
0000040d 00              601 	.space	1
0000040e 00              602 	.space	1
0000040f 00              603 	.space	1
00000410 0707b004        604 	.byte	7,7,176,4
00000414 1414c173        605 	.byte	20,20,193,115
00000418 2020d8ff        606 	.byte	32,32,216,255
0000041c 1c1cd2ff        607 	.byte	28,28,210,255
00000420 1616cafb        608 	.byte	22,22,202,251
00000424 0c0cb454        609 	.byte	12,12,180,84
00000428 1010c0f1        610 	.byte	16,16,192,241
0000042c 1010c2ff        611 	.byte	16,16,194,255
00000430 0e0ec0fe        612 	.byte	14,14,192,254
00000434 0c0cb73f        613 	.byte	12,12,183,63
00000438 00              614 	.space	1
00000439 00              615 	.space	1
0000043a 00              616 	.space	1
0000043b 00              617 	.space	1
0000043c 00              618 	.space	1
0000043d 00              619 	.space	1
0000043e 00              620 	.space	1
0000043f 00              621 	.space	1
00000440 0808ad03        622 	.byte	8,8,173,3
00000444 1010bf83        623 	.byte	16,16,191,131
00000448 1414c8fe        624 	.byte	20,20,200,254
0000044c 1717ccff        625 	.byte	23,23,204,255
00000450 1414c5d7        626 	.byte	20,20,197,215
00000454 1a1acbbd        627 	.byte	26,26,203,189
00000458 2424deff        628 	.byte	36,36,222,255
0000045c 2d2de9ff        629 	.byte	45,45,233,255
00000460 2424d9c6        630 	.byte	36,36,217,198
00000464 0a0ab112        631 	.byte	10,10,177,18
00000468 00              632 	.space	1
00000469 00              633 	.space	1
0000046a 00              634 	.space	1
0000046b 00              635 	.space	1
0000046c 00              636 	.space	1
0000046d 00              637 	.space	1
0000046e 00              638 	.space	1
0000046f 00              639 	.space	1
00000470 00              640 	.space	1
00000471 00              641 	.space	1
00000472 00              642 	.space	1
00000473 00              643 	.space	1
00000474 0b0baf0e        644 	.byte	11,11,175,14
00000478 6d6decdb        645 	.byte	109,109,236,219
0000047c 9191ffff        646 	.byte	145,145,255,255
00000480 8f8fffff        647 	.byte	143,143,255,255
00000484 8686ffff        648 	.byte	134,134,255,255
00000488 5b5be7c2        649 	.byte	91,91,231,194
0000048c 0909b309        650 	.byte	9,9,179,9
00000490 00              651 	.space	1
00000491 00              652 	.space	1
00000492 00              653 	.space	1
00000493 00              654 	.space	1
00000494 00              655 	.space	1
00000495 00              656 	.space	1
00000496 00              657 	.space	1
00000497 00              658 	.space	1
00000498 00              659 	.space	1

                                                                      Page 12
                                                              C:\Users\a5085270\AppData\Local\Temp\gh_0000bhc1.si
00000499 00              660 	.space	1
0000049a 00              661 	.space	1
0000049b 00              662 	.space	1
0000049c 0b0bb219        663 	.byte	11,11,178,25
000004a0 1b1bcedd        664 	.byte	27,27,206,221
000004a4 1e1ed4ff        665 	.byte	30,30,212,255
000004a8 1818cdff        666 	.byte	24,24,205,255
000004ac 1111be8d        667 	.byte	17,17,190,141
000004b0 0f0fbcc6        668 	.byte	15,15,188,198
000004b4 1010c3ff        669 	.byte	16,16,195,255
000004b8 0e0ec0ff        670 	.byte	14,14,192,255
000004bc 0d0dba8a        671 	.byte	13,13,186,138
000004c0 00              672 	.space	1
000004c1 00              673 	.space	1
000004c2 00              674 	.space	1
000004c3 00              675 	.space	1
000004c4 00              676 	.space	1
000004c5 00              677 	.space	1
000004c6 00              678 	.space	1
000004c7 00              679 	.space	1
000004c8 0808b305        680 	.byte	8,8,179,5
000004cc 1111c0a7        681 	.byte	17,17,192,167
000004d0 1515c9ff        682 	.byte	21,21,201,255
000004d4 1717ccff        683 	.byte	23,23,204,255
000004d8 1313c1b2        684 	.byte	19,19,193,178
000004dc 1c1cd0db        685 	.byte	28,28,208,219
000004e0 2727e0ff        686 	.byte	39,39,224,255
000004e4 2b2be7fe        687 	.byte	43,43,231,254
000004e8 1f1fd183        688 	.byte	31,31,209,131
000004ec 0707b504        689 	.byte	7,7,181,4
000004f0 00              690 	.space	1
000004f1 00              691 	.space	1
000004f2 00              692 	.space	1
000004f3 00              693 	.space	1
000004f4 00              694 	.space	1
000004f5 00              695 	.space	1
000004f6 00              696 	.space	1
000004f7 00              697 	.space	1
000004f8 00              698 	.space	1
000004f9 00              699 	.space	1
000004fa 00              700 	.space	1
000004fb 00              701 	.space	1
000004fc 0b0baf0e        702 	.byte	11,11,175,14
00000500 7979ecdb        703 	.byte	121,121,236,219
00000504 a2a2ffff        704 	.byte	162,162,255,255
00000508 a0a0ffff        705 	.byte	160,160,255,255
0000050c 9595ffff        706 	.byte	149,149,255,255
00000510 6363e7c2        707 	.byte	99,99,231,194
00000514 0909b309        708 	.byte	9,9,179,9
00000518 00              709 	.space	1
00000519 00              710 	.space	1
0000051a 00              711 	.space	1
0000051b 00              712 	.space	1
0000051c 00              713 	.space	1
0000051d 00              714 	.space	1
0000051e 00              715 	.space	1
0000051f 00              716 	.space	1
00000520 00              717 	.space	1
00000521 00              718 	.space	1
00000522 00              719 	.space	1
00000523 00              720 	.space	1

                                                                      Page 13
                                                              C:\Users\a5085270\AppData\Local\Temp\gh_0000bhc1.si
00000524 0909b206        721 	.byte	9,9,178,6
00000528 1515c396        722 	.byte	21,21,195,150
0000052c 1e1ed5ff        723 	.byte	30,30,213,255
00000530 1919ceff        724 	.byte	25,25,206,255
00000534 1313c3c8        725 	.byte	19,19,195,200
00000538 0d0db999        726 	.byte	13,13,185,153
0000053c 0f0fc2ff        727 	.byte	15,15,194,255
00000540 0f0fc1ff        728 	.byte	15,15,193,255
00000544 0d0dbcb8        729 	.byte	13,13,188,184
00000548 0707b304        730 	.byte	7,7,179,4
0000054c 00              731 	.space	1
0000054d 00              732 	.space	1
0000054e 00              733 	.space	1
0000054f 00              734 	.space	1
00000550 0808b109        735 	.byte	8,8,177,9
00000554 1111c0b8        736 	.byte	17,17,192,184
00000558 1515c9ff        737 	.byte	21,21,201,255
0000055c 1717ccff        738 	.byte	23,23,204,255
00000560 1212c098        739 	.byte	18,18,192,152
00000564 1d1dd2e8        740 	.byte	29,29,210,232
00000568 2828e0ff        741 	.byte	40,40,224,255
0000056c 2a2ae5fa        742 	.byte	42,42,229,250
00000570 1a1ac952        743 	.byte	26,26,201,82
00000574 0404b101        744 	.byte	4,4,177,1
00000578 00              745 	.space	1
00000579 00              746 	.space	1
0000057a 00              747 	.space	1
0000057b 00              748 	.space	1
0000057c 00              749 	.space	1
0000057d 00              750 	.space	1
0000057e 00              751 	.space	1
0000057f 00              752 	.space	1
00000580 00              753 	.space	1
00000581 00              754 	.space	1
00000582 00              755 	.space	1
00000583 00              756 	.space	1
00000584 0b0baf0e        757 	.byte	11,11,175,14
00000588 7f7fecdb        758 	.byte	127,127,236,219
0000058c ababffff        759 	.byte	171,171,255,255
00000590 aaaaffff        760 	.byte	170,170,255,255
00000594 9e9effff        761 	.byte	158,158,255,255
00000598 6969e7c2        762 	.byte	105,105,231,194
0000059c 0909b309        763 	.byte	9,9,179,9
000005a0 00              764 	.space	1
000005a1 00              765 	.space	1
000005a2 00              766 	.space	1
000005a3 00              767 	.space	1
000005a4 00              768 	.space	1
000005a5 00              769 	.space	1
000005a6 00              770 	.space	1
000005a7 00              771 	.space	1
000005a8 00              772 	.space	1
000005a9 00              773 	.space	1
000005aa 00              774 	.space	1
000005ab 00              775 	.space	1
000005ac 00              776 	.space	1
000005ad 00              777 	.space	1
000005ae b0011313        778 	.byte	176,1,19,19
000005b2 bf681d1d        779 	.byte	191,104,29,29
000005b6 d3fe1a1a        780 	.byte	211,254,26,26
000005ba cfff1414        781 	.byte	207,255,20,20

                                                                      Page 14
                                                              C:\Users\a5085270\AppData\Local\Temp\gh_0000bhc1.si
000005be c5e20d0d        782 	.byte	197,226,13,13
000005c2 b77c0f0f        783 	.byte	183,124,15,15
000005c6 c1fd0f0f        784 	.byte	193,253,15,15
000005ca c1ff0d0d        785 	.byte	193,255,13,13
000005ce bcc90a0a        786 	.byte	188,201,10,10
000005d2 b406            787 	.byte	180,6
000005d4 00              788 	.space	1
000005d5 00              789 	.space	1
000005d6 00              790 	.space	1
000005d7 00              791 	.space	1
000005d8 0c0cb60c        792 	.byte	12,12,182,12
000005dc 1111c0c2        793 	.byte	17,17,192,194
000005e0 1515c9ff        794 	.byte	21,21,201,255
000005e4 1717ccff        795 	.byte	23,23,204,255
000005e8 1111be8a        796 	.byte	17,17,190,138
000005ec 1d1dd1ea        797 	.byte	29,29,209,234
000005f0 2727e0ff        798 	.byte	39,39,224,255
000005f4 2a2ae3f8        799 	.byte	42,42,227,248
000005f8 1515c23b        800 	.byte	21,21,194,59
000005fc 00              801 	.space	1
000005fd 00              802 	.space	1
000005fe 00              803 	.space	1
000005ff 00              804 	.space	1
00000600 00              805 	.space	1
00000601 00              806 	.space	1
00000602 00              807 	.space	1
00000603 00              808 	.space	1
00000604 00              809 	.space	1
00000605 00              810 	.space	1
00000606 00              811 	.space	1
00000607 00              812 	.space	1
00000608 00              813 	.space	1
00000609 00              814 	.space	1
0000060a 00              815 	.space	1
0000060b 00              816 	.space	1
0000060c 0c0cb10e        817 	.byte	12,12,177,14
00000610 8080ecdb        818 	.byte	128,128,236,219
00000614 ababffff        819 	.byte	171,171,255,255
00000618 aaaaffff        820 	.byte	170,170,255,255
0000061c 9e9effff        821 	.byte	158,158,255,255
00000620 6a6ae8c2        822 	.byte	106,106,232,194
00000624 0909b309        823 	.byte	9,9,179,9
00000628 00              824 	.space	1
00000629 00              825 	.space	1
0000062a 00              826 	.space	1
0000062b 00              827 	.space	1
0000062c 00              828 	.space	1
0000062d 00              829 	.space	1
0000062e 00              830 	.space	1
0000062f 00              831 	.space	1
00000630 00              832 	.space	1
00000631 00              833 	.space	1
00000632 00              834 	.space	1
00000633 00              835 	.space	1
00000634 00              836 	.space	1
00000635 00              837 	.space	1
00000636 95011313        838 	.byte	149,1,19,19
0000063a bf5a1c1c        839 	.byte	191,90,28,28
0000063e d1fc1919        840 	.byte	209,252,25,25
00000642 ceff1414        841 	.byte	206,255,20,20
00000646 c7ec0c0c        842 	.byte	199,236,12,12

                                                                      Page 15
                                                              C:\Users\a5085270\AppData\Local\Temp\gh_0000bhc1.si
0000064a b6710f0f        843 	.byte	182,113,15,15
0000064e c1fd0f0f        844 	.byte	193,253,15,15
00000652 c1ff0d0d        845 	.byte	193,255,13,13
00000656 bdd50b0b        846 	.byte	189,213,11,11
0000065a b108            847 	.byte	177,8
0000065c 00              848 	.space	1
0000065d 00              849 	.space	1
0000065e 00              850 	.space	1
0000065f 00              851 	.space	1
00000660 0909b608        852 	.byte	9,9,182,8
00000664 1010c0b9        853 	.byte	16,16,192,185
00000668 1515c8ff        854 	.byte	21,21,200,255
0000066c 1616cbff        855 	.byte	22,22,203,255
00000670 1111be95        856 	.byte	17,17,190,149
00000674 1c1cd0e9        857 	.byte	28,28,208,233
00000678 2525dfff        858 	.byte	37,37,223,255
0000067c 2929e2fa        859 	.byte	41,41,226,250
00000680 1818c64c        860 	.byte	24,24,198,76
00000684 03038502        861 	.byte	3,3,133,2
00000688 00              862 	.space	1
00000689 00              863 	.space	1
0000068a 00              864 	.space	1
0000068b 00              865 	.space	1
0000068c 00              866 	.space	1
0000068d 00              867 	.space	1
0000068e 00              868 	.space	1
0000068f 00              869 	.space	1
00000690 00              870 	.space	1
00000691 00              871 	.space	1
00000692 00              872 	.space	1
00000693 00              873 	.space	1
00000694 0a0ab30b        874 	.byte	10,10,179,11
00000698 7676ead2        875 	.byte	118,118,234,210
0000069c a2a2ffff        876 	.byte	162,162,255,255
000006a0 a0a0ffff        877 	.byte	160,160,255,255
000006a4 9696ffff        878 	.byte	150,150,255,255
000006a8 6565e8be        879 	.byte	101,101,232,190
000006ac 0808ac09        880 	.byte	8,8,172,9
000006b0 00              881 	.space	1
000006b1 00              882 	.space	1
000006b2 00              883 	.space	1
000006b3 00              884 	.space	1
000006b4 00              885 	.space	1
000006b5 00              886 	.space	1
000006b6 00              887 	.space	1
000006b7 00              888 	.space	1
000006b8 00              889 	.space	1
000006b9 00              890 	.space	1
000006ba 00              891 	.space	1
000006bb 00              892 	.space	1
000006bc 00              893 	.space	1
000006bd 00              894 	.space	1
000006be 9f011212        895 	.byte	159,1,18,18
000006c2 be631c1c        896 	.byte	190,99,28,28
000006c6 d0fd1919        897 	.byte	208,253,25,25
000006ca ceff1313        898 	.byte	206,255,19,19
000006ce c4e10c0c        899 	.byte	196,225,12,12
000006d2 b77a0f0f        900 	.byte	183,122,15,15
000006d6 c0fd0f0f        901 	.byte	192,253,15,15
000006da c1ff0d0d        902 	.byte	193,255,13,13
000006de bccb0b0b        903 	.byte	188,203,11,11

                                                                      Page 16
                                                              C:\Users\a5085270\AppData\Local\Temp\gh_0000bhc1.si
000006e2 b207            904 	.byte	178,7
000006e4 00              905 	.space	1
000006e5 00              906 	.space	1
000006e6 00              907 	.space	1
000006e7 00              908 	.space	1
000006e8 0808ae05        909 	.byte	8,8,174,5
000006ec 1010bfa9        910 	.byte	16,16,191,169
000006f0 1414c8ff        911 	.byte	20,20,200,255
000006f4 1616caff        912 	.byte	22,22,202,255
000006f8 1212c1b2        913 	.byte	18,18,193,178
000006fc 1a1acee0        914 	.byte	26,26,206,224
00000700 2424dcff        915 	.byte	36,36,220,255
00000704 2828e1fd        916 	.byte	40,40,225,253
00000708 1d1dcd7c        917 	.byte	29,29,205,124
0000070c 0707b004        918 	.byte	7,7,176,4
00000710 00              919 	.space	1
00000711 00              920 	.space	1
00000712 00              921 	.space	1
00000713 00              922 	.space	1
00000714 00              923 	.space	1
00000715 00              924 	.space	1
00000716 00              925 	.space	1
00000717 00              926 	.space	1
00000718 00              927 	.space	1
00000719 00              928 	.space	1
0000071a 00              929 	.space	1
0000071b 00              930 	.space	1
0000071c 0707b105        931 	.byte	7,7,177,5
00000720 5c5ce18e        932 	.byte	92,92,225,142
00000724 8484f7f7        933 	.byte	132,132,247,247
00000728 8181f6f9        934 	.byte	129,129,246,249
0000072c 7878f5f4        935 	.byte	120,120,245,244
00000730 5353e281        936 	.byte	83,83,226,129
00000734 0a0ab303        937 	.byte	10,10,179,3
00000738 00              938 	.space	1
00000739 00              939 	.space	1
0000073a 00              940 	.space	1
0000073b 00              941 	.space	1
0000073c 00              942 	.space	1
0000073d 00              943 	.space	1
0000073e 00              944 	.space	1
0000073f 00              945 	.space	1
00000740 00              946 	.space	1
00000741 00              947 	.space	1
00000742 00              948 	.space	1
00000743 00              949 	.space	1
00000744 0707b005        950 	.byte	7,7,176,5
00000748 1313c18d        951 	.byte	19,19,193,141
0000074c 1c1cd2ff        952 	.byte	28,28,210,255
00000750 1717ccff        953 	.byte	23,23,204,255
00000754 1212c3cf        954 	.byte	18,18,195,207
00000758 0d0db997        955 	.byte	13,13,185,151
0000075c 0f0fc1ff        956 	.byte	15,15,193,255
00000760 0f0fc1ff        957 	.byte	15,15,193,255
00000764 0d0dbbb9        958 	.byte	13,13,187,185
00000768 0707b204        959 	.byte	7,7,178,4
0000076c 00              960 	.space	1
0000076d 00              961 	.space	1
0000076e 00              962 	.space	1
0000076f 00              963 	.space	1
00000770 0707b003        964 	.byte	7,7,176,3

                                                                      Page 17
                                                              C:\Users\a5085270\AppData\Local\Temp\gh_0000bhc1.si
00000774 0f0fbd87        965 	.byte	15,15,189,135
00000778 1313c6fe        966 	.byte	19,19,198,254
0000077c 1414caff        967 	.byte	20,20,202,255
00000780 1313c3d2        968 	.byte	19,19,195,210
00000784 1818c9c4        969 	.byte	24,24,201,196
00000788 2020d8ff        970 	.byte	32,32,216,255
0000078c 2626e1ff        971 	.byte	38,38,225,255
00000790 1f1fd1ba        972 	.byte	31,31,209,186
00000794 0a0ab30e        973 	.byte	10,10,179,14
00000798 00              974 	.space	1
00000799 00              975 	.space	1
0000079a 00              976 	.space	1
0000079b 00              977 	.space	1
0000079c 00              978 	.space	1
0000079d 00              979 	.space	1
0000079e 00              980 	.space	1
0000079f 00              981 	.space	1
000007a0 00              982 	.space	1
000007a1 00              983 	.space	1
000007a2 00              984 	.space	1
000007a3 00              985 	.space	1
000007a4 00              986 	.space	1
000007a5 00              987 	.space	1
000007a6 a9012626        988 	.byte	169,1,38,38
000007aa c4304d4d        989 	.byte	196,48,77,77
000007ae e0b64f4f        990 	.byte	224,182,79,79
000007b2 e2cb4949        991 	.byte	226,203,73,73
000007b6 e1b01212        992 	.byte	225,176,18,18
000007ba b41e            993 	.byte	180,30
000007bc 00              994 	.space	1
000007bd 00              995 	.space	1
000007be 00              996 	.space	1
000007bf 00              997 	.space	1
000007c0 00              998 	.space	1
000007c1 00              999 	.space	1
000007c2 00             1000 	.space	1
000007c3 00             1001 	.space	1
000007c4 00             1002 	.space	1
000007c5 00             1003 	.space	1
000007c6 00             1004 	.space	1
000007c7 00             1005 	.space	1
000007c8 00             1006 	.space	1
000007c9 00             1007 	.space	1
000007ca 00             1008 	.space	1
000007cb 00             1009 	.space	1
000007cc 0c0cb314       1010 	.byte	12,12,179,20
000007d0 1717c9d4       1011 	.byte	23,23,201,212
000007d4 1a1ad0ff       1012 	.byte	26,26,208,255
000007d8 1616cbff       1013 	.byte	22,22,203,255
000007dc 1010be9b       1014 	.byte	16,16,190,155
000007e0 0e0ebbc0       1015 	.byte	14,14,187,192
000007e4 0f0fc2ff       1016 	.byte	15,15,194,255
000007e8 0d0dbfff       1017 	.byte	13,13,191,255
000007ec 0c0cba8e       1018 	.byte	12,12,186,142
000007f0 00             1019 	.space	1
000007f1 00             1020 	.space	1
000007f2 b001           1021 	.byte	176,1
000007f4 00             1022 	.space	1
000007f5 00             1023 	.space	1
000007f6 00             1024 	.space	1
000007f7 00             1025 	.space	1

                                                                      Page 18
                                                              C:\Users\a5085270\AppData\Local\Temp\gh_0000bhc1.si
000007f8 00             1026 	.space	1
000007f9 00             1027 	.space	1
000007fa 00             1028 	.space	1
000007fb 00             1029 	.space	1
000007fc 0f0fbc53       1030 	.byte	15,15,188,83
00000800 1212c4fa       1031 	.byte	18,18,196,250
00000804 1515c8ff       1032 	.byte	21,21,200,255
00000808 1414c5f1       1033 	.byte	20,20,197,241
0000080c 1414c29e       1034 	.byte	20,20,194,158
00000810 1e1ed5fe       1035 	.byte	30,30,213,254
00000814 2424ddff       1036 	.byte	36,36,221,255
00000818 2323daf2       1037 	.byte	35,35,218,242
0000081c 1313be40       1038 	.byte	19,19,190,64
00000820 00             1039 	.space	1
00000821 00             1040 	.space	1
00000822 b601           1041 	.byte	182,1
00000824 00             1042 	.space	1
00000825 00             1043 	.space	1
00000826 00             1044 	.space	1
00000827 00             1045 	.space	1
00000828 00             1046 	.space	1
00000829 00             1047 	.space	1
0000082a 00             1048 	.space	1
0000082b 00             1049 	.space	1
0000082c 0909b407       1050 	.byte	9,9,180,7
00000830 4141e2ab       1051 	.byte	65,65,226,171
00000834 6363ffff       1052 	.byte	99,99,255,255
00000838 6161feff       1053 	.byte	97,97,254,255
0000083c 5959fcfe       1054 	.byte	89,89,252,254
00000840 3a3ae39a       1055 	.byte	58,58,227,154
00000844 0808b106       1056 	.byte	8,8,177,6
00000848 00             1057 	.space	1
00000849 00             1058 	.space	1
0000084a 00             1059 	.space	1
0000084b 00             1060 	.space	1
0000084c 00             1061 	.space	1
0000084d 00             1062 	.space	1
0000084e 00             1063 	.space	1
0000084f 00             1064 	.space	1
00000850 00             1065 	.space	1
00000851 00             1066 	.space	1
00000852 b1010e0e       1067 	.byte	177,1,14,14
00000856 b7521c1c       1068 	.byte	183,82,28,28
0000085a d1fe1919       1069 	.byte	209,254,25,25
0000085e ceff1414       1070 	.byte	206,255,20,20
00000862 c9ff0c0c       1071 	.byte	201,255,12,12
00000866 b55c0f0f       1072 	.byte	181,92,15,15
0000086a bfed0f0f       1073 	.byte	191,237,15,15
0000086e c1ff0d0d       1074 	.byte	193,255,13,13
00000872 bfff0c0c       1075 	.byte	191,255,12,12
00000876 b745           1076 	.byte	183,69
00000878 00             1077 	.space	1
00000879 00             1078 	.space	1
0000087a 00             1079 	.space	1
0000087b 00             1080 	.space	1
0000087c 00             1081 	.space	1
0000087d 00             1082 	.space	1
0000087e 00             1083 	.space	1
0000087f 00             1084 	.space	1
00000880 00             1085 	.space	1
00000881 00             1086 	.space	1

                                                                      Page 19
                                                              C:\Users\a5085270\AppData\Local\Temp\gh_0000bhc1.si
00000882 00             1087 	.space	1
00000883 00             1088 	.space	1
00000884 0a0ab114       1089 	.byte	10,10,177,20
00000888 1111c2e7       1090 	.byte	17,17,194,231
0000088c 1414c7ff       1091 	.byte	20,20,199,255
00000890 1414c7fe       1092 	.byte	20,20,199,254
00000894 0f0fbb97       1093 	.byte	15,15,187,151
00000898 1a1aceef       1094 	.byte	26,26,206,239
0000089c 2020d7ff       1095 	.byte	32,32,215,255
000008a0 2525dfff       1096 	.byte	37,37,223,255
000008a4 1c1ccebf       1097 	.byte	28,28,206,191
000008a8 0b0bb219       1098 	.byte	11,11,178,25
000008ac 00             1099 	.space	1
000008ad 00             1100 	.space	1
000008ae 00             1101 	.space	1
000008af 00             1102 	.space	1
000008b0 00             1103 	.space	1
000008b1 00             1104 	.space	1
000008b2 00             1105 	.space	1
000008b3 00             1106 	.space	1
000008b4 0a0ab10e       1107 	.byte	10,10,177,14
000008b8 4141f0e1       1108 	.byte	65,65,240,225
000008bc 4f4fffff       1109 	.byte	79,79,255,255
000008c0 4f4fffff       1110 	.byte	79,79,255,255
000008c4 4b4bffff       1111 	.byte	75,75,255,255
000008c8 3636ebcd       1112 	.byte	54,54,235,205
000008cc 0d0db80b       1113 	.byte	13,13,184,11
000008d0 00             1114 	.space	1
000008d1 00             1115 	.space	1
000008d2 00             1116 	.space	1
000008d3 00             1117 	.space	1
000008d4 00             1118 	.space	1
000008d5 00             1119 	.space	1
000008d6 00             1120 	.space	1
000008d7 00             1121 	.space	1
000008d8 0c0cb226       1122 	.byte	12,12,178,38
000008dc 1919cbe3       1123 	.byte	25,25,203,227
000008e0 1a1acfff       1124 	.byte	26,26,207,255
000008e4 1616cbff       1125 	.byte	22,22,203,255
000008e8 1111c1c9       1126 	.byte	17,17,193,201
000008ec 0c0cb67e       1127 	.byte	12,12,182,126
000008f0 1010c2ff       1128 	.byte	16,16,194,255
000008f4 0e0ec0ff       1129 	.byte	14,14,192,255
000008f8 0c0cbdeb       1130 	.byte	12,12,189,235
000008fc 0b0baf0f       1131 	.byte	11,11,175,15
00000900 00             1132 	.space	1
00000901 00             1133 	.space	1
00000902 00             1134 	.space	1
00000903 00             1135 	.space	1
00000904 00             1136 	.space	1
00000905 00             1137 	.space	1
00000906 00             1138 	.space	1
00000907 00             1139 	.space	1
00000908 00             1140 	.space	1
00000909 00             1141 	.space	1
0000090a 00             1142 	.space	1
0000090b 00             1143 	.space	1
0000090c 0707b102       1144 	.byte	7,7,177,2
00000910 0f0fbd9a       1145 	.byte	15,15,189,154
00000914 1212c5ff       1146 	.byte	18,18,197,255
00000918 1414c8ff       1147 	.byte	20,20,200,255

                                                                      Page 20
                                                              C:\Users\a5085270\AppData\Local\Temp\gh_0000bhc1.si
0000091c 1313c3e2       1148 	.byte	19,19,195,226
00000920 1111be8e       1149 	.byte	17,17,190,142
00000924 1c1cd2ff       1150 	.byte	28,28,210,255
00000928 2020d8ff       1151 	.byte	32,32,216,255
0000092c 2424ddff       1152 	.byte	36,36,221,255
00000930 1b1bcdb5       1153 	.byte	27,27,205,181
00000934 0b0bb21c       1154 	.byte	11,11,178,28
00000938 00             1155 	.space	1
00000939 00             1156 	.space	1
0000093a 00             1157 	.space	1
0000093b 00             1158 	.space	1
0000093c 0808b106       1159 	.byte	8,8,177,6
00000940 2d2de3a7       1160 	.byte	45,45,227,167
00000944 3e3efcff       1161 	.byte	62,62,252,255
00000948 3d3dfbff       1162 	.byte	61,61,251,255
0000094c 3a3af9ff       1163 	.byte	58,58,249,255
00000950 2929e096       1164 	.byte	41,41,224,150
00000954 0505af03       1165 	.byte	5,5,175,3
00000958 00             1166 	.space	1
00000959 00             1167 	.space	1
0000095a b7010d0d       1168 	.byte	183,1,13,13
0000095e b4271616       1169 	.byte	180,39,22,22
00000962 c8ca1b1b       1170 	.byte	200,202,27,27
00000966 d1ff1717       1171 	.byte	209,255,23,23
0000096a ccff1313       1172 	.byte	204,255,19,19
0000096e c6f90d0d       1173 	.byte	198,249,13,13
00000972 b6640f0f       1174 	.byte	182,100,15,15
00000976 beea0f0f       1175 	.byte	190,234,15,15
0000097a c1ff0e0e       1176 	.byte	193,255,14,14
0000097e c0ff0c0c       1177 	.byte	192,255,12,12
00000982 b985           1178 	.byte	185,133
00000984 00             1179 	.space	1
00000985 00             1180 	.space	1
00000986 a601           1181 	.byte	166,1
00000988 00             1182 	.space	1
00000989 00             1183 	.space	1
0000098a 00             1184 	.space	1
0000098b 00             1185 	.space	1
0000098c 00             1186 	.space	1
0000098d 00             1187 	.space	1
0000098e 00             1188 	.space	1
0000098f 00             1189 	.space	1
00000990 00             1190 	.space	1
00000991 00             1191 	.space	1
00000992 00             1192 	.space	1
00000993 00             1193 	.space	1
00000994 00             1194 	.space	1
00000995 00             1195 	.space	1
00000996 00             1196 	.space	1
00000997 00             1197 	.space	1
00000998 0c0cb21b       1198 	.byte	12,12,178,27
0000099c 1010c2f6       1199 	.byte	16,16,194,246
000009a0 1212c6ff       1200 	.byte	18,18,198,255
000009a4 1515c9ff       1201 	.byte	21,21,201,255
000009a8 1010bdac       1202 	.byte	16,16,189,172
000009ac 1414c4b3       1203 	.byte	20,20,196,179
000009b0 1c1cd2ff       1204 	.byte	28,28,210,255
000009b4 2020d7ff       1205 	.byte	32,32,215,255
000009b8 2222dbfe       1206 	.byte	34,34,219,254
000009bc 1d1dd1d5       1207 	.byte	29,29,209,213
000009c0 0f0fb740       1208 	.byte	15,15,183,64

                                                                      Page 21
                                                              C:\Users\a5085270\AppData\Local\Temp\gh_0000bhc1.si
000009c4 0909b20e       1209 	.byte	9,9,178,14
000009c8 1616c31d       1210 	.byte	22,22,195,29
000009cc 2525da97       1211 	.byte	37,37,218,151
000009d0 2828dfc9       1212 	.byte	40,40,223,201
000009d4 2121d588       1213 	.byte	33,33,213,136
000009d8 0e0eb514       1214 	.byte	14,14,181,20
000009dc 0a0ab211       1215 	.byte	10,10,178,17
000009e0 0f0fb84f       1216 	.byte	15,15,184,79
000009e4 1919cbe2       1217 	.byte	25,25,203,226
000009e8 1919d0ff       1218 	.byte	25,25,208,255
000009ec 1717cdff       1219 	.byte	23,23,205,255
000009f0 1414c8fe       1220 	.byte	20,20,200,254
000009f4 0f0fbd9c       1221 	.byte	15,15,189,156
000009f8 0e0ebbb9       1222 	.byte	14,14,187,185
000009fc 0f0fc1ff       1223 	.byte	15,15,193,255
00000a00 0e0ec0ff       1224 	.byte	14,14,192,255
00000a04 0c0cbded       1225 	.byte	12,12,189,237
00000a08 0b0bb31b       1226 	.byte	11,11,179,27
00000a0c 00             1227 	.space	1
00000a0d 00             1228 	.space	1
00000a0e 00             1229 	.space	1
00000a0f 00             1230 	.space	1
00000a10 00             1231 	.space	1
00000a11 00             1232 	.space	1
00000a12 00             1233 	.space	1
00000a13 00             1234 	.space	1
00000a14 00             1235 	.space	1
00000a15 00             1236 	.space	1
00000a16 00             1237 	.space	1
00000a17 00             1238 	.space	1
00000a18 00             1239 	.space	1
00000a19 00             1240 	.space	1
00000a1a 00             1241 	.space	1
00000a1b 00             1242 	.space	1
00000a1c 00             1243 	.space	1
00000a1d 00             1244 	.space	1
00000a1e 00             1245 	.space	1
00000a1f 00             1246 	.space	1
00000a20 00             1247 	.space	1
00000a21 00             1248 	.space	1
00000a22 a7010e0e       1249 	.byte	167,1,14,14
00000a26 ba741111       1250 	.byte	186,116,17,17
00000a2a c4ff1212       1251 	.byte	196,255,18,18
00000a2e c6ff1414       1252 	.byte	198,255,20,20
00000a32 c8ff0f0f       1253 	.byte	200,255,15,15
00000a36 b98b1515       1254 	.byte	185,139,21,21
00000a3a c7d01a1a       1255 	.byte	199,208,26,26
00000a3e d1ff1f1f       1256 	.byte	209,255,31,31
00000a42 d5ff2121       1257 	.byte	213,255,33,33
00000a46 d8ff2020       1258 	.byte	216,255,32,32
00000a4a d6fb1818       1259 	.byte	214,251,24,24
00000a4e c9bf1313       1260 	.byte	201,191,19,19
00000a52 bf720f0f       1261 	.byte	191,114,15,15
00000a56 b84c0e0e       1262 	.byte	184,76,14,14
00000a5a b5440e0e       1263 	.byte	181,68,14,14
00000a5e b84f1313       1264 	.byte	184,79,19,19
00000a62 bf7e1818       1265 	.byte	191,126,24,24
00000a66 c9d01c1c       1266 	.byte	201,208,28,28
00000a6a d1fe1a1a       1267 	.byte	209,254,26,26
00000a6e cfff1717       1268 	.byte	207,255,23,23
00000a72 ccff1414       1269 	.byte	204,255,20,20

                                                                      Page 22
                                                              C:\Users\a5085270\AppData\Local\Temp\gh_0000bhc1.si
00000a76 c8fe1111       1270 	.byte	200,254,17,17
00000a7a c1c20d0d       1271 	.byte	193,194,13,13
00000a7e b7850e0e       1272 	.byte	183,133,14,14
00000a82 c1fd0f0f       1273 	.byte	193,253,15,15
00000a86 c1ff0c0c       1274 	.byte	193,255,12,12
00000a8a beff0c0c       1275 	.byte	190,255,12,12
00000a8e b9790404       1276 	.byte	185,121,4,4
00000a92 ad03           1277 	.byte	173,3
00000a94 00             1278 	.space	1
00000a95 00             1279 	.space	1
00000a96 00             1280 	.space	1
00000a97 00             1281 	.space	1
00000a98 00             1282 	.space	1
00000a99 00             1283 	.space	1
00000a9a 00             1284 	.space	1
00000a9b 00             1285 	.space	1
00000a9c 00             1286 	.space	1
00000a9d 00             1287 	.space	1
00000a9e 00             1288 	.space	1
00000a9f 00             1289 	.space	1
00000aa0 00             1290 	.space	1
00000aa1 00             1291 	.space	1
00000aa2 00             1292 	.space	1
00000aa3 00             1293 	.space	1
00000aa4 00             1294 	.space	1
00000aa5 00             1295 	.space	1
00000aa6 00             1296 	.space	1
00000aa7 00             1297 	.space	1
00000aa8 00             1298 	.space	1
00000aa9 00             1299 	.space	1
00000aaa 00             1300 	.space	1
00000aab 00             1301 	.space	1
00000aac 0a0ab30d       1302 	.byte	10,10,179,13
00000ab0 0e0ebebc       1303 	.byte	14,14,190,188
00000ab4 1111c4ff       1304 	.byte	17,17,196,255
00000ab8 1212c6ff       1305 	.byte	18,18,198,255
00000abc 1212c3ed       1306 	.byte	18,18,195,237
00000ac0 0c0cb434       1307 	.byte	12,12,180,52
00000ac4 1414c5bb       1308 	.byte	20,20,197,187
00000ac8 1919cdfd       1309 	.byte	25,25,205,253
00000acc 1b1bd2ff       1310 	.byte	27,27,210,255
00000ad0 1d1dd3ff       1311 	.byte	29,29,211,255
00000ad4 1e1ed5ff       1312 	.byte	30,30,213,255
00000ad8 1f1fd6ff       1313 	.byte	31,31,214,255
00000adc 1d1dd3fc       1314 	.byte	29,29,211,252
00000ae0 1d1dd1fa       1315 	.byte	29,29,209,250
00000ae4 1c1cd1fc       1316 	.byte	28,28,209,252
00000ae8 1c1cd3ff       1317 	.byte	28,28,211,255
00000aec 1b1bd1ff       1318 	.byte	27,27,209,255
00000af0 1919ceff       1319 	.byte	25,25,206,255
00000af4 1616cbff       1320 	.byte	22,22,203,255
00000af8 1313c6f9       1321 	.byte	19,19,198,249
00000afc 1010bfa1       1322 	.byte	16,16,191,161
00000b00 0b0bb128       1323 	.byte	11,11,177,40
00000b04 0f0fbee2       1324 	.byte	15,15,190,226
00000b08 0f0fc1ff       1325 	.byte	15,15,193,255
00000b0c 0e0ebfff       1326 	.byte	14,14,191,255
00000b10 0c0cbbc4       1327 	.byte	12,12,187,196
00000b14 0b0bb414       1328 	.byte	11,11,180,20
00000b18 00             1329 	.space	1
00000b19 00             1330 	.space	1

                                                                      Page 23
                                                              C:\Users\a5085270\AppData\Local\Temp\gh_0000bhc1.si
00000b1a 00             1331 	.space	1
00000b1b 00             1332 	.space	1
00000b1c 00             1333 	.space	1
00000b1d 00             1334 	.space	1
00000b1e 00             1335 	.space	1
00000b1f 00             1336 	.space	1
00000b20 00             1337 	.space	1
00000b21 00             1338 	.space	1
00000b22 00             1339 	.space	1
00000b23 00             1340 	.space	1
00000b24 00             1341 	.space	1
00000b25 00             1342 	.space	1
00000b26 00             1343 	.space	1
00000b27 00             1344 	.space	1
00000b28 00             1345 	.space	1
00000b29 00             1346 	.space	1
00000b2a 00             1347 	.space	1
00000b2b 00             1348 	.space	1
00000b2c 00             1349 	.space	1
00000b2d 00             1350 	.space	1
00000b2e 00             1351 	.space	1
00000b2f 00             1352 	.space	1
00000b30 00             1353 	.space	1
00000b31 00             1354 	.space	1
00000b32 00             1355 	.space	1
00000b33 00             1356 	.space	1
00000b34 0202b201       1357 	.byte	2,2,178,1
00000b38 0c0cb624       1358 	.byte	12,12,182,36
00000b3c 0f0fbfd6       1359 	.byte	15,15,191,214
00000b40 1010c3fe       1360 	.byte	16,16,195,254
00000b44 0f0fbb81       1361 	.byte	15,15,187,129
00000b48 0909b208       1362 	.byte	9,9,178,8
00000b4c 0a0ab10e       1363 	.byte	10,10,177,14
00000b50 1111be62       1364 	.byte	17,17,190,98
00000b54 1515c6d7       1365 	.byte	21,21,198,215
00000b58 1818cdff       1366 	.byte	24,24,205,255
00000b5c 1919cfff       1367 	.byte	25,25,207,255
00000b60 1a1acfff       1368 	.byte	26,26,207,255
00000b64 1a1acfff       1369 	.byte	26,26,207,255
00000b68 1a1acfff       1370 	.byte	26,26,207,255
00000b6c 1919ceff       1371 	.byte	25,25,206,255
00000b70 1818ccff       1372 	.byte	24,24,204,255
00000b74 1717cbff       1373 	.byte	23,23,203,255
00000b78 1515c9ff       1374 	.byte	21,21,201,255
00000b7c 1111c1cb       1375 	.byte	17,17,193,203
00000b80 0f0fbb52       1376 	.byte	15,15,187,82
00000b84 0a0ab208       1377 	.byte	10,10,178,8
00000b88 0a0ab209       1378 	.byte	10,10,178,9
00000b8c 0d0db985       1379 	.byte	13,13,185,133
00000b90 0d0dbefe       1380 	.byte	13,13,190,254
00000b94 0c0cbcd8       1381 	.byte	12,12,188,216
00000b98 0c0cb420       1382 	.byte	12,12,180,32
00000b9c 00             1383 	.space	1
00000b9d 00             1384 	.space	1
00000b9e 00             1385 	.space	1
00000b9f 00             1386 	.space	1
00000ba0 00             1387 	.space	1
00000ba1 00             1388 	.space	1
00000ba2 00             1389 	.space	1
00000ba3 00             1390 	.space	1
00000ba4 00             1391 	.space	1

                                                                      Page 24
                                                              C:\Users\a5085270\AppData\Local\Temp\gh_0000bhc1.si
00000ba5 00             1392 	.space	1
00000ba6 00             1393 	.space	1
00000ba7 00             1394 	.space	1
00000ba8 00             1395 	.space	1
00000ba9 00             1396 	.space	1
00000baa 00             1397 	.space	1
00000bab 00             1398 	.space	1
00000bac 00             1399 	.space	1
00000bad 00             1400 	.space	1
00000bae 00             1401 	.space	1
00000baf 00             1402 	.space	1
00000bb0 00             1403 	.space	1
00000bb1 00             1404 	.space	1
00000bb2 00             1405 	.space	1
00000bb3 00             1406 	.space	1
00000bb4 00             1407 	.space	1
00000bb5 00             1408 	.space	1
00000bb6 00             1409 	.space	1
00000bb7 00             1410 	.space	1
00000bb8 00             1411 	.space	1
00000bb9 00             1412 	.space	1
00000bba 00             1413 	.space	1
00000bbb 00             1414 	.space	1
00000bbc 00             1415 	.space	1
00000bbd 00             1416 	.space	1
00000bbe 00             1417 	.space	1
00000bbf 00             1418 	.space	1
00000bc0 0404b501       1419 	.byte	4,4,181,1
00000bc4 0c0cb418       1420 	.byte	12,12,180,24
00000bc8 0d0db734       1421 	.byte	13,13,183,52
00000bcc 0a0ab309       1422 	.byte	10,10,179,9
00000bd0 00             1423 	.space	1
00000bd1 00             1424 	.space	1
00000bd2 00             1425 	.space	1
00000bd3 00             1426 	.space	1
00000bd4 00             1427 	.space	1
00000bd5 00             1428 	.space	1
00000bd6 00             1429 	.space	1
00000bd7 00             1430 	.space	1
00000bd8 00             1431 	.space	1
00000bd9 00             1432 	.space	1
00000bda a5020b0b       1433 	.byte	165,2,11,11
00000bde b10e0f0f       1434 	.byte	177,14,15,15
00000be2 b9441212       1435 	.byte	185,68,18,18
00000be6 c2a11313       1436 	.byte	194,161,19,19
00000bea c5d71414       1437 	.byte	197,215,20,20
00000bee c6ec1515       1438 	.byte	198,236,21,21
00000bf2 c7f31313       1439 	.byte	199,243,19,19
00000bf6 c5e91313       1440 	.byte	197,233,19,19
00000bfa c3d11010       1441 	.byte	195,209,16,16
00000bfe bf900c0c       1442 	.byte	191,144,12,12
00000c02 b5310a0a       1443 	.byte	181,49,10,10
00000c06 b40b           1444 	.byte	180,11
00000c08 00             1445 	.space	1
00000c09 00             1446 	.space	1
00000c0a aa01           1447 	.byte	170,1
00000c0c 00             1448 	.space	1
00000c0d 00             1449 	.space	1
00000c0e 00             1450 	.space	1
00000c0f 00             1451 	.space	1
00000c10 00             1452 	.space	1

                                                                      Page 25
                                                              C:\Users\a5085270\AppData\Local\Temp\gh_0000bhc1.si
00000c11 00             1453 	.space	1
00000c12 00             1454 	.space	1
00000c13 00             1455 	.space	1
00000c14 0b0bb309       1456 	.byte	11,11,179,9
00000c18 0d0db73a       1457 	.byte	13,13,183,58
00000c1c 0b0bb216       1458 	.byte	11,11,178,22
00000c20 00             1459 	.space	1
00000c21 00             1460 	.space	1
00000c22 a801           1461 	.byte	168,1
00000c24 00             1462 	.space	1
00000c25 00             1463 	.space	1
00000c26 00             1464 	.space	1
00000c27 00             1465 	.space	1
00000c28 00             1466 	.space	1
00000c29 00             1467 	.space	1
00000c2a 00             1468 	.space	1
00000c2b 00             1469 	.space	1
00000c2c 00             1470 	.space	1
00000c2d 00             1471 	.space	1
00000c2e 00             1472 	.space	1
00000c2f 00             1473 	.space	1
00000c30 00             1474 	.space	1
00000c31 00             1475 	.space	1
00000c32 00             1476 	.space	1
00000c33 00             1477 	.space	1
00000c34 00             1478 	.space	1
00000c35 00             1479 	.space	1
00000c36 00             1480 	.space	1
00000c37 00             1481 	.space	1
00000c38 00             1482 	.space	1
00000c39 00             1483 	.space	1
00000c3a 00             1484 	.space	1
00000c3b 00             1485 	.space	1
00000c3c 00             1486 	.space	1
00000c3d 00             1487 	.space	1
00000c3e 00             1488 	.space	1
00000c3f 00             1489 	.space	1
00000c40 00             1490 	.space	1
00000c41 00             1491 	.space	1
00000c42 00             1492 	.space	1
00000c43 00             1493 	.space	1
00000c44 00             1494 	.space	1
00000c45 00             1495 	.space	1
00000c46 00             1496 	.space	1
00000c47 00             1497 	.space	1
00000c48 00             1498 	.space	1
00000c49 00             1499 	.space	1
00000c4a 00             1500 	.space	1
00000c4b 00             1501 	.space	1
00000c4c 00             1502 	.space	1
00000c4d 00             1503 	.space	1
00000c4e 00             1504 	.space	1
00000c4f 00             1505 	.space	1
00000c50 00             1506 	.space	1
00000c51 00             1507 	.space	1
00000c52 00             1508 	.space	1
00000c53 00             1509 	.space	1
00000c54 00             1510 	.space	1
00000c55 00             1511 	.space	1
00000c56 00             1512 	.space	1
00000c57 00             1513 	.space	1

                                                                      Page 26
                                                              C:\Users\a5085270\AppData\Local\Temp\gh_0000bhc1.si
00000c58 00             1514 	.space	1
00000c59 00             1515 	.space	1
00000c5a 00             1516 	.space	1
00000c5b 00             1517 	.space	1
00000c5c 00             1518 	.space	1
00000c5d 00             1519 	.space	1
00000c5e 00             1520 	.space	1
00000c5f 00             1521 	.space	1
00000c60 00             1522 	.space	1
00000c61 00             1523 	.space	1
00000c62 00             1524 	.space	1
00000c63 00             1525 	.space	1
00000c64 00             1526 	.space	1
00000c65 00             1527 	.space	1
00000c66 00             1528 	.space	1
00000c67 00             1529 	.space	1
00000c68 00             1530 	.space	1
00000c69 00             1531 	.space	1
00000c6a 00             1532 	.space	1
00000c6b 00             1533 	.space	1
00000c6c 02029501       1534 	.byte	2,2,149,1
00000c70 0a0ab107       1535 	.byte	10,10,177,7
00000c74 0b0bb10d       1536 	.byte	11,11,177,13
00000c78 0b0bb111       1537 	.byte	11,11,177,17
00000c7c 0a0ab00c       1538 	.byte	10,10,176,12
00000c80 0b0bac06       1539 	.byte	11,11,172,6
00000c84 00             1540 	.space	1
00000c85 00             1541 	.space	1
00000c86 7a01           1542 	.byte	122,1
00000c88 00             1543 	.space	1
00000c89 00             1544 	.space	1
00000c8a 00             1545 	.space	1
00000c8b 00             1546 	.space	1
00000c8c 00             1547 	.space	1
00000c8d 00             1548 	.space	1
00000c8e 00             1549 	.space	1
00000c8f 00             1550 	.space	1
00000c90 00             1551 	.space	1
00000c91 00             1552 	.space	1
00000c92 00             1553 	.space	1
00000c93 00             1554 	.space	1
00000c94 00             1555 	.space	1
00000c95 00             1556 	.space	1
00000c96 00             1557 	.space	1
00000c97 00             1558 	.space	1
00000c98 00             1559 	.space	1
00000c99 00             1560 	.space	1
00000c9a 00             1561 	.space	1
00000c9b 00             1562 	.space	1
00000c9c 00             1563 	.space	1
00000c9d 00             1564 	.space	1
00000c9e 00             1565 	.space	1
00000c9f 00             1566 	.space	1
00000ca0 00             1567 	.space	1
00000ca1 00             1568 	.space	1
00000ca2 00             1569 	.space	1
00000ca3 00             1570 	.space	1
00000ca4 00             1571 	.space	1
00000ca5 00             1572 	.space	1
00000ca6 00             1573 	.space	1
00000ca7 00             1574 	.space	1

                                                                      Page 27
                                                              C:\Users\a5085270\AppData\Local\Temp\gh_0000bhc1.si
00000ca8 00             1575 	.space	1
00000ca9 00             1576 	.space	1
00000caa 00             1577 	.space	1
00000cab 00             1578 	.space	1
00000cac 00             1579 	.space	1
00000cad 00             1580 	.space	1
00000cae 00             1581 	.space	1
00000caf 00             1582 	.space	1
00000cb0 00             1583 	.space	1
00000cb1 00             1584 	.space	1
00000cb2 00             1585 	.space	1
00000cb3 00             1586 	.space	1
00000cb4 00             1587 	.space	1
00000cb5 00             1588 	.space	1
00000cb6 00             1589 	.space	1
00000cb7 00             1590 	.space	1
00000cb8 00             1591 	.space	1
00000cb9 00             1592 	.space	1
00000cba 00             1593 	.space	1
00000cbb 00             1594 	.space	1
00000cbc 00             1595 	.space	1
00000cbd 00             1596 	.space	1
00000cbe 00             1597 	.space	1
00000cbf 00             1598 	.space	1
00000cc0 000000000000   1599 	.space	64
00000cc6 000000000000 
00000ccc 000000000000 
00000cd2 000000000000 
00000cd8 000000000000 
00000cde 000000000000 
00000ce4 000000000000 
00000cea 000000000000 
00000cf0 000000000000 
00000cf6 000000000000 
00000cfc 00000000 
                        1600 	.type	_my_manbrake,@object
                        1601 	.size	_my_manbrake,3328
                        1602 	.data
                        1603 	.ghsnote version,19
                        1604 	.ghsnote tools,3
                        1605 	.ghsnote options,656
                        1606 	.text
                        1607 ..bof.D.3A.5CMY_1_8_D1x_RGL_org.5Crgl_ghs_D1Mx_obj_V1.2E8.2E0.5Cvlib.5Capp.5Cgfx_apps.5Cd1m1_flashdash_demo.5Ctarget.5Cd1m2_mango_ghs.5Cobj.5Cmanbrake...44.3A.5CMY_1_8_D1x_RGL_org.5Crgl_ghs_D1Mx_obj_V1.2E8.2E0.5Cvlib.5Capp.5Cgfx_apps.5Cd1m1_flashdash_demo.5Ctarget.5Cd1m2_mango_ghs..5B95FDE2..0::
                        1608 ..eof.D.3A.5CMY_1_8_D1x_RGL_org.5Crgl_ghs_D1Mx_obj_V1.2E8.2E0.5Cvlib.5Capp.5Cgfx_apps.5Cd1m1_flashdash_demo.5Ctarget.5Cd1m2_mango_ghs.5Cobj.5Cmanbrake...44.3A.5CMY_1_8_D1x_RGL_org.5Crgl_ghs_D1Mx_obj_V1.2E8.2E0.5Cvlib.5Capp.5Cgfx_apps.5Cd1m1_flashdash_demo.5Ctarget.5Cd1m2_mango_ghs..5B95FDE2..0::
                        1609 .rh850_flags REGMODE22,DATA_ALIGN8,GP_FIX,EP_NONFIX,TP_FIX,REG2_RESERVE,G3M,SDA_EXTRA_REGS_0
